writeCommonTags: couldn't write 'year' tag to 'yt/lofi/FinalFantasyIX_Chill.m4a' as it's not a positive integer
writeCommonTags: couldn't write 'track' tag to 'yt/lofi/FinalFantasyIX_Chill.m4a' as it's not a positive integer
writeCommonTags: couldn't write 'year' tag to 'yt/lofi/p o k e m o n and l o f i.mp4' as it's not a positive integer
writeCommonTags: couldn't write 'track' tag to 'yt/lofi/p o k e m o n and l o f i.mp4' as it's not a positive integer
writeCommonTags: couldn't write 'year' tag to 'yt/lofi/z e l d a and l o f i.mp4' as it's not a positive integer
writeCommonTags: couldn't write 'track' tag to 'yt/lofi/z e l d a and l o f i.mp4' as it's not a positive integer
writeCommonTags: couldn't write 'year' tag to 'yt/lofi/n i n t e n d o and l o f i.mp4' as it's not a positive integer
writeCommonTags: couldn't write 'track' tag to 'yt/lofi/n i n t e n d o and l o f i.mp4' as it's not a positive integer
writeCommonTags: couldn't write 'year' tag to 'yt/lofi/n i n t e n d o and l o f i I I I.mp4' as it's not a positive integer
writeCommonTags: couldn't write 'track' tag to 'yt/lofi/n i n t e n d o and l o f i I I I.mp4' as it's not a positive integer
writeCommonTags: couldn't write 'year' tag to 'yt/lofi/n i n t e n d o and l o f i I I.m4a' as it's not a positive integer
writeCommonTags: couldn't write 'track' tag to 'yt/lofi/n i n t e n d o and l o f i I I.m4a' as it's not a positive integer
writeCommonTags: couldn't write 'year' tag to 'yt/lofi/n i n t e n d o and l o f i I I.m4a' as it's not a positive integer
writeCommonTags: couldn't write 'track' tag to 'yt/lofi/n i n t e n d o and l o f i I I.m4a' as it's not a positive integer
writeCommonTags: couldn't write 'year' tag to 'yt/lofi/ｚｅｌｄａ　ａｎｄ　ｌｏｆｉ-6zvIxD4FUTA.m4a' as it's not a positive integer
writeCommonTags: couldn't write 'track' tag to 'yt/lofi/ｚｅｌｄａ　ａｎｄ　ｌｏｆｉ-6zvIxD4FUTA.m4a' as it's not a positive integer
writeCommonTags: couldn't write 'year' tag to 'yt/lofi/ｎｉｎｔｅｎｄｏ　ａｎｄ　ｌｏｆｉ-AvhplYM46Fc.m4a' as it's not a positive integer
writeCommonTags: couldn't write 'track' tag to 'yt/lofi/ｎｉｎｔｅｎｄｏ　ａｎｄ　ｌｏｆｉ-AvhplYM46Fc.m4a' as it's not a positive integer
writeCommonTags: couldn't write 'year' tag to 'yt/lofi/ｎｉｎｔｅｎｄｏ　ａｎｄ　ｌｏｆｉ　ＩＩＩ-UkjFV-66E2c.m4a' as it's not a positive integer
writeCommonTags: couldn't write 'track' tag to 'yt/lofi/ｎｉｎｔｅｎｄｏ　ａｎｄ　ｌｏｆｉ　ＩＩＩ-UkjFV-66E2c.m4a' as it's not a positive integer
