[2018-09-10 22:25:07.108] [renderer1] [info] no standard startup: not the explorer viewlet
[2018-09-10 22:25:34.724] [renderer1] [info] Requested uninstalling the extension kube.clangcomplete from window 1
[2018-09-10 22:25:34.777] [renderer1] [info] Uninstalling the extension kube.clangcomplete-1.0.1 from window 1
[2018-09-10 22:25:37.494] [renderer1] [info] no standard startup: not a new window
[2018-09-10 22:26:01.897] [renderer1] [error] Unexpected SIGPIPE: Error: Unexpected SIGPIPE
    at process.<anonymous> (/usr/share/code/resources/app/out/vs/workbench/node/extensionHostProcess.js:848:879)
    at emitNone (events.js:106:13)
    at process.emit (events.js:208:7)
    at process.emit (/home/jbustamante/.vscode/extensions/zignd.html-css-class-completion-1.17.1/node_modules/source-map-support/source-map-support.js:453:21)
    at Signal.wrap.onsignal (internal/process.js:208:44)
[2018-09-10 22:26:03.902] [renderer1] [error] Unexpected SIGPIPE: Error: Unexpected SIGPIPE
    at process.<anonymous> (/usr/share/code/resources/app/out/vs/workbench/node/extensionHostProcess.js:848:879)
    at emitNone (events.js:106:13)
    at process.emit (events.js:208:7)
    at process.emit (/home/jbustamante/.vscode/extensions/zignd.html-css-class-completion-1.17.1/node_modules/source-map-support/source-map-support.js:453:21)
    at Signal.wrap.onsignal (internal/process.js:208:44)
[2018-09-10 22:26:17.213] [renderer1] [info] Requested uninstalling the extension mitaki28.vscode-clang from window 1
[2018-09-10 22:26:17.234] [renderer1] [info] Uninstalling the extension mitaki28.vscode-clang-0.2.2 from window 1
[2018-09-10 22:26:19.820] [renderer1] [info] no standard startup: not a new window
[2018-09-10 22:37:00.131] [renderer1] [info] no standard startup: not just one text editor
