2019-05-29T08:19:45.284598734-05:00 [ERROR] iron::iron:Error handling:
Request {
    url: Url { generic_url: "http://[::1]:33021/" }
    method: Get
    remote_addr: V6([::1]:40726)
    local_addr: V6([::1]:33021)
}
Error was: RenderError(RenderError { desc: "Template not found: markdown_view", template_name: None, line_no: None, column_no: None, cause: None })
2019-05-29T08:19:50.796751252-05:00 [ERROR] iron::iron:Error handling:
Request {
    url: Url { generic_url: "http://[::1]:33021/" }
    method: Get
    remote_addr: V6([::1]:40738)
    local_addr: V6([::1]:33021)
}
Error was: RenderError(RenderError { desc: "Template not found: markdown_view", template_name: None, line_no: None, column_no: None, cause: None })
2019-06-05T23:54:31.659616703-05:00 [ERROR] iron::iron:Error handling:
Request {
    url: Url { generic_url: "http://[::1]:43055/" }
    method: Get
    remote_addr: V6([::1]:36140)
    local_addr: V6([::1]:43055)
}
Error was: RenderError(RenderError { desc: "Template not found: markdown_view", template_name: None, line_no: None, column_no: None, cause: None })
2019-06-05T23:54:35.795062638-05:00 [ERROR] iron::iron:Error handling:
Request {
    url: Url { generic_url: "http://[::1]:43055/" }
    method: Get
    remote_addr: V6([::1]:36140)
    local_addr: V6([::1]:43055)
}
Error was: RenderError(RenderError { desc: "Template not found: markdown_view", template_name: None, line_no: None, column_no: None, cause: None })
2019-06-05T23:54:43.044783972-05:00 [ERROR] iron::iron:Error handling:
Request {
    url: Url { generic_url: "http://[::1]:43055/" }
    method: Get
    remote_addr: V6([::1]:36422)
    local_addr: V6([::1]:43055)
}
Error was: RenderError(RenderError { desc: "Template not found: markdown_view", template_name: None, line_no: None, column_no: None, cause: None })
2019-06-08T23:54:30.643971016-05:00 [ERROR] iron::iron:Error handling:
Request {
    url: Url { generic_url: "http://[::1]:38539/" }
    method: Get
    remote_addr: V6([::1]:47284)
    local_addr: V6([::1]:38539)
}
Error was: RenderError(RenderError { desc: "Template not found: markdown_view", template_name: None, line_no: None, column_no: None, cause: None })
2019-06-09T00:03:42.779811867-05:00 [ERROR] iron::iron:Error handling:
Request {
    url: Url { generic_url: "http://[::1]:39233/" }
    method: Get
    remote_addr: V6([::1]:37942)
    local_addr: V6([::1]:39233)
}
Error was: RenderError(RenderError { desc: "Template not found: markdown_view", template_name: None, line_no: None, column_no: None, cause: None })
2019-07-01T21:35:02.410578501-05:00 [ERROR] iron::iron:Error handling:
Request {
    url: Url { generic_url: "http://[::1]:37969/" }
    method: Get
    remote_addr: V6([::1]:35972)
    local_addr: V6([::1]:37969)
}
Error was: RenderError(RenderError { desc: "Template not found: markdown_view", template_name: None, line_no: None, column_no: None, cause: None })
2019-07-15T22:33:29.617448738-05:00 [ERROR] iron::iron:Error handling:
Request {
    url: Url { generic_url: "http://[::1]:35165/" }
    method: Get
    remote_addr: V6([::1]:39510)
    local_addr: V6([::1]:35165)
}
Error was: RenderError(RenderError { desc: "Template not found: markdown_view", template_name: None, line_no: None, column_no: None, cause: None })
2019-07-15T22:33:45.950595162-05:00 [ERROR] iron::iron:Error handling:
Request {
    url: Url { generic_url: "http://[::1]:40253/" }
    method: Get
    remote_addr: V6([::1]:51032)
    local_addr: V6([::1]:40253)
}
Error was: RenderError(RenderError { desc: "Template not found: markdown_view", template_name: None, line_no: None, column_no: None, cause: None })
2019-07-15T22:33:48.695257270-05:00 [ERROR] iron::iron:Error handling:
Request {
    url: Url { generic_url: "http://[::1]:40253/" }
    method: Get
    remote_addr: V6([::1]:51032)
    local_addr: V6([::1]:40253)
}
Error was: RenderError(RenderError { desc: "Template not found: markdown_view", template_name: None, line_no: None, column_no: None, cause: None })
2019-07-15T22:34:26.146803549-05:00 [ERROR] iron::iron:Error handling:
Request {
    url: Url { generic_url: "http://[::1]:33099/" }
    method: Get
    remote_addr: V6([::1]:35234)
    local_addr: V6([::1]:33099)
}
Error was: RenderError(RenderError { desc: "Template not found: markdown_view", template_name: None, line_no: None, column_no: None, cause: None })
2019-09-11T23:27:27.412895263-05:00 [ERROR] iron::iron:Error handling:
Request {
    url: Url { generic_url: "http://[::1]:46303/" }
    method: Get
    remote_addr: V6([::1]:52934)
    local_addr: V6([::1]:46303)
}
Error was: RenderError(RenderError { desc: "Template not found: markdown_view", template_name: None, line_no: None, column_no: None, cause: None })
2019-09-11T23:33:24.538622315-05:00 [ERROR] iron::iron:Error handling:
Request {
    url: Url { generic_url: "http://[::1]:46303/" }
    method: Get
    remote_addr: V6([::1]:53020)
    local_addr: V6([::1]:46303)
}
Error was: RenderError(RenderError { desc: "Template not found: markdown_view", template_name: None, line_no: None, column_no: None, cause: None })
2019-09-11T23:36:40.977950398-05:00 [ERROR] iron::iron:Error handling:
Request {
    url: Url { generic_url: "http://[::1]:36637/" }
    method: Get
    remote_addr: V6([::1]:60532)
    local_addr: V6([::1]:36637)
}
Error was: RenderError(RenderError { desc: "Template not found: markdown_view", template_name: None, line_no: None, column_no: None, cause: None })
2019-09-11T23:39:51.304523014-05:00 [ERROR] iron::iron:Error handling:
Request {
    url: Url { generic_url: "http://[::1]:42631/" }
    method: Get
    remote_addr: V6([::1]:59386)
    local_addr: V6([::1]:42631)
}
Error was: RenderError(RenderError { desc: "Template not found: markdown_view", template_name: None, line_no: None, column_no: None, cause: None })
2019-09-11T23:39:58.776784068-05:00 [ERROR] iron::iron:Error handling:
Request {
    url: Url { generic_url: "http://[::1]:40823/" }
    method: Get
    remote_addr: V6([::1]:40770)
    local_addr: V6([::1]:40823)
}
Error was: RenderError(RenderError { desc: "Template not found: markdown_view", template_name: None, line_no: None, column_no: None, cause: None })
2019-09-11T23:41:01.895236445-05:00 [ERROR] iron::iron:Error handling:
Request {
    url: Url { generic_url: "http://[::1]:40875/" }
    method: Get
    remote_addr: V6([::1]:43694)
    local_addr: V6([::1]:40875)
}
Error was: RenderError(RenderError { desc: "Template not found: markdown_view", template_name: None, line_no: None, column_no: None, cause: None })
2019-09-11T23:41:11.447960743-05:00 [ERROR] iron::iron:Error handling:
Request {
    url: Url { generic_url: "http://[::1]:40875/" }
    method: Get
    remote_addr: V6([::1]:43746)
    local_addr: V6([::1]:40875)
}
Error was: RenderError(RenderError { desc: "Template not found: markdown_view", template_name: None, line_no: None, column_no: None, cause: None })
2019-09-11T23:44:05.846709545-05:00 [ERROR] iron::iron:Error handling:
Request {
    url: Url { generic_url: "http://[::1]:38373/" }
    method: Get
    remote_addr: V6([::1]:35192)
    local_addr: V6([::1]:38373)
}
Error was: RenderError(RenderError { desc: "Template not found: markdown_view", template_name: None, line_no: None, column_no: None, cause: None })
2019-09-11T23:45:39.390585607-05:00 [ERROR] iron::iron:Error handling:
Request {
    url: Url { generic_url: "http://[::1]:36065/" }
    method: Get
    remote_addr: V6([::1]:55104)
    local_addr: V6([::1]:36065)
}
Error was: RenderError(RenderError { desc: "Template not found: markdown_view", template_name: None, line_no: None, column_no: None, cause: None })
2019-09-12T00:11:39.046254597-05:00 [ERROR] iron::iron:Error handling:
Request {
    url: Url { generic_url: "http://[::1]:37395/" }
    method: Get
    remote_addr: V6([::1]:55870)
    local_addr: V6([::1]:37395)
}
Error was: RenderError(RenderError { desc: "Template not found: markdown_view", template_name: None, line_no: None, column_no: None, cause: None })
2019-09-12T00:11:41.171087660-05:00 [ERROR] iron::iron:Error handling:
Request {
    url: Url { generic_url: "http://[::1]:37395/" }
    method: Get
    remote_addr: V6([::1]:55874)
    local_addr: V6([::1]:37395)
}
Error was: RenderError(RenderError { desc: "Template not found: markdown_view", template_name: None, line_no: None, column_no: None, cause: None })
2019-09-12T00:11:44.167555775-05:00 [ERROR] iron::iron:Error handling:
Request {
    url: Url { generic_url: "http://[::1]:37395/" }
    method: Get
    remote_addr: V6([::1]:55874)
    local_addr: V6([::1]:37395)
}
Error was: RenderError(RenderError { desc: "Template not found: markdown_view", template_name: None, line_no: None, column_no: None, cause: None })
2019-09-12T10:31:16.769278135-05:00 [ERROR] iron::iron:Error handling:
Request {
    url: Url { generic_url: "http://[::1]:44269/" }
    method: Get
    remote_addr: V6([::1]:58340)
    local_addr: V6([::1]:44269)
}
Error was: RenderError(RenderError { desc: "Template not found: markdown_view", template_name: None, line_no: None, column_no: None, cause: None })
2019-09-14T19:13:42.533356510-05:00 [ERROR] iron::iron:Error handling:
Request {
    url: Url { generic_url: "http://[::1]:40409/" }
    method: Get
    remote_addr: V6([::1]:53744)
    local_addr: V6([::1]:40409)
}
Error was: RenderError(RenderError { desc: "Template not found: markdown_view", template_name: None, line_no: None, column_no: None, cause: None })
2019-09-17T22:15:13.586111347-05:00 [ERROR] iron::iron:Error handling:
Request {
    url: Url { generic_url: "http://[::1]:33691/" }
    method: Get
    remote_addr: V6([::1]:53800)
    local_addr: V6([::1]:33691)
}
Error was: RenderError(RenderError { desc: "Template not found: markdown_view", template_name: None, line_no: None, column_no: None, cause: None })
2019-09-17T22:15:16.297563553-05:00 [ERROR] iron::iron:Error handling:
Request {
    url: Url { generic_url: "http://[::1]:33691/" }
    method: Get
    remote_addr: V6([::1]:53808)
    local_addr: V6([::1]:33691)
}
Error was: RenderError(RenderError { desc: "Template not found: markdown_view", template_name: None, line_no: None, column_no: None, cause: None })
2019-09-22T12:49:11.248457942-05:00 [ERROR] iron::iron:Error handling:
Request {
    url: Url { generic_url: "http://[::1]:42947/" }
    method: Get
    remote_addr: V6([::1]:44086)
    local_addr: V6([::1]:42947)
}
Error was: RenderError(RenderError { desc: "Template not found: markdown_view", template_name: None, line_no: None, column_no: None, cause: None })
2019-09-22T12:49:46.846141973-05:00 [ERROR] iron::iron:Error handling:
Request {
    url: Url { generic_url: "http://[::1]:38023/" }
    method: Get
    remote_addr: V6([::1]:51000)
    local_addr: V6([::1]:38023)
}
Error was: RenderError(RenderError { desc: "Template not found: markdown_view", template_name: None, line_no: None, column_no: None, cause: None })
2019-09-22T12:49:46.846605193-05:00 [ERROR] iron::iron:Error handling:
Request {
    url: Url { generic_url: "http://[::1]:38259/" }
    method: Get
    remote_addr: V6([::1]:50238)
    local_addr: V6([::1]:38259)
}
Error was: RenderError(RenderError { desc: "Template not found: markdown_view", template_name: None, line_no: None, column_no: None, cause: None })
2019-09-22T12:49:49.370682295-05:00 [ERROR] iron::iron:Error handling:
Request {
    url: Url { generic_url: "http://[::1]:38023/" }
    method: Get
    remote_addr: V6([::1]:51032)
    local_addr: V6([::1]:38023)
}
Error was: RenderError(RenderError { desc: "Template not found: markdown_view", template_name: None, line_no: None, column_no: None, cause: None })
2019-09-22T12:50:14.485450182-05:00 [ERROR] iron::iron:Error handling:
Request {
    url: Url { generic_url: "http://[::1]:42561/" }
    method: Get
    remote_addr: V6([::1]:35168)
    local_addr: V6([::1]:42561)
}
Error was: RenderError(RenderError { desc: "Template not found: markdown_view", template_name: None, line_no: None, column_no: None, cause: None })
2019-09-22T12:50:14.485853601-05:00 [ERROR] iron::iron:Error handling:
Request {
    url: Url { generic_url: "http://[::1]:45559/" }
    method: Get
    remote_addr: V6([::1]:43498)
    local_addr: V6([::1]:45559)
}
Error was: RenderError(RenderError { desc: "Template not found: markdown_view", template_name: None, line_no: None, column_no: None, cause: None })
2019-09-22T12:50:17.147553190-05:00 [ERROR] iron::iron:Error handling:
Request {
    url: Url { generic_url: "http://[::1]:45559/" }
    method: Get
    remote_addr: V6([::1]:43534)
    local_addr: V6([::1]:45559)
}
Error was: RenderError(RenderError { desc: "Template not found: markdown_view", template_name: None, line_no: None, column_no: None, cause: None })
2019-11-17T14:08:06.523354325-06:00 [ERROR] log_panics:thread 'main' panicked at 'called `Result::unwrap()` on an `Err` value: Error(Msg("error executing browser"), State { next_error: Some(Os { code: 2, kind: NotFound, message: "No such file or directory" }), backtrace: None })': src/libcore/result.rs:1084
stack backtrace:
   0:     0x55f372c9b80d - backtrace::backtrace::trace::hc5e1ebb261d01231
   1:     0x55f372c9aa52 - backtrace::capture::Backtrace::new::he9ca64dcc8fdc9c7
   2:     0x55f372bbd929 - log_panics::init::{{closure}}::h69c37c70ab2d14cd
   3:     0x55f372e73815 - std::panicking::rust_panic_with_hook::h92f98b46e22f14ed
                        at src/libstd/panicking.rs:481
   4:     0x55f372e732b1 - std::panicking::continue_panic_fmt::h25abfbb4e5b7043a
                        at src/libstd/panicking.rs:384
   5:     0x55f372e73195 - rust_begin_unwind
                        at src/libstd/panicking.rs:311
   6:     0x55f372e9484c - core::panicking::panic_fmt::h7e9f94035af782b3
                        at src/libcore/panicking.rs:85
   7:     0x55f372e94946 - core::result::unwrap_failed::hf7591c1dd9412006
                        at src/libcore/result.rs:1084
   8:     0x55f372bb7f1d - markdown_composer::open_browser::h61226272e8b27c9e
   9:     0x55f372bb945a - markdown_composer::main::h887cee5384ba39b4
  10:     0x55f372bb2d62 - std::rt::lang_start::{{closure}}::hdb52730f2cc127e8
  11:     0x55f372e73132 - std::rt::lang_start_internal::{{closure}}::h4e93c1949c7a1955
                        at src/libstd/rt.rs:49
                         - std::panicking::try::do_call::h9440ccd4dc467eaa
                        at src/libstd/panicking.rs:296
  12:     0x55f372e7c999 - __rust_maybe_catch_panic
                        at src/libpanic_unwind/lib.rs:80
  13:     0x55f372e73c3c - std::panicking::try::hc046e7ee42ee744f
                        at src/libstd/panicking.rs:275
                         - std::panic::catch_unwind::h27dfc457c200aee0
                        at src/libstd/panic.rs:394
                         - std::rt::lang_start_internal::hea1b49a567afe309
                        at src/libstd/rt.rs:48
  14:     0x55f372bba161 - main
  15:     0x7f7dfdf8c152 - __libc_start_main
  16:     0x55f372baa1ed - _start
  17:                0x0 - <unknown>
