Desktop is 1920 x 1080 @ 60 Hz
Initialize engine version: 2019.1.14f1 (148b5891095a)
GfxDevice: creating device client; threaded=1
Renderer: Mesa Intel(R) UHD Graphics 630 (CFL GT2)
Vendor:   Intel
Version:  4.6 (Core Profile) Mesa 20.0.4
GLES:     0
 GL_3DFX_texture_compression_FXT1 GL_AMD_conservative_depth GL_AMD_depth_clamp_separate GL_AMD_draw_buffers_blend GL_AMD_gpu_shader_int64 GL_AMD_multi_draw_indirect GL_AMD_performance_monitor GL_AMD_pinned_memory GL_AMD_query_buffer_object GL_AMD_seamless_cubemap_per_texture GL_AMD_shader_stencil_export GL_AMD_shader_trinary_minmax GL_AMD_texture_texture4 GL_AMD_vertex_shader_layer GL_AMD_vertex_shader_viewport_index GL_ANGLE_texture_compression_dxt3 GL_ANGLE_texture_compression_dxt5 GL_ARB_ES2_compatibility GL_ARB_ES3_1_compatibility GL_ARB_ES3_2_compatibility GL_ARB_ES3_compatibility GL_ARB_arrays_of_arrays GL_ARB_base_instance GL_ARB_blend_func_extended GL_ARB_buffer_storage GL_ARB_clear_buffer_object GL_ARB_clear_texture GL_ARB_clip_control GL_ARB_compressed_texture_pixel_storage GL_ARB_compute_shader GL_ARB_conditional_render_inverted GL_ARB_conservative_depth GL_ARB_copy_buffer GL_ARB_copy_image GL_ARB_cull_distance GL_ARB_debug_output GL_ARB_depth_buffer_float GL_ARB_depth_clamp GL_ARB_derivative_cont
rol GL_ARB_direct_state_access GL_ARB_draw_buffers GL_ARB_draw_buffers_blend GL_ARB_draw_elements_base_vertex GL_ARB_draw_indirect GL_ARB_draw_instanced GL_ARB_enhanced_layouts GL_ARB_explicit_attrib_location GL_ARB_explicit_uniform_location GL_ARB_fragment_coord_conventions GL_ARB_fragment_layer_viewport GL_ARB_fragment_shader GL_ARB_fragment_shader_interlock GL_ARB_framebuffer_no_attachments GL_ARB_framebuffer_object GL_ARB_framebuffer_sRGB GL_ARB_get_program_binary GL_ARB_get_texture_sub_image GL_ARB_gl_spirv GL_ARB_gpu_shader5 GL_ARB_gpu_shader_fp64 GL_ARB_gpu_shader_int64 GL_ARB_half_float_pixel GL_ARB_half_float_vertex GL_ARB_indirect_parameters GL_ARB_instanced_arrays GL_ARB_internalformat_query GL_ARB_internalformat_query2 GL_ARB_invalidate_subdata GL_ARB_map_buffer_alignment GL_ARB_map_buffer_range GL_ARB_multi_bind GL_ARB_multi_draw_indirect GL_ARB_occlusion_query2 GL_ARB_parallel_shader_compile GL_ARB_pipeline_statistics_query GL_ARB_pixel_buffer_object GL_ARB_point_sprite GL_ARB_polygon_offset_cl
amp GL_ARB_post_depth_coverage GL_ARB_program_interface_query GL_ARB_provoking_vertex GL_ARB_query_buffer_object GL_ARB_robust_buffer_access_behavior GL_ARB_robustness GL_ARB_sample_shading GL_ARB_sampler_objects GL_ARB_seamless_cube_map GL_ARB_seamless_cubemap_per_texture GL_ARB_separate_shader_objects GL_ARB_shader_atomic_counter_ops GL_ARB_shader_atomic_counters GL_ARB_shader_ballot GL_ARB_shader_bit_encoding GL_ARB_shader_clock GL_ARB_shader_draw_parameters GL_ARB_shader_group_vote GL_ARB_shader_image_load_store GL_ARB_shader_image_size GL_ARB_shader_objects GL_ARB_shader_precision GL_ARB_shader_stencil_export GL_ARB_shader_storage_buffer_object GL_ARB_shader_subroutine GL_ARB_shader_texture_image_samples GL_ARB_shader_texture_lod GL_ARB_shader_viewport_layer_array GL_ARB_shading_language_420pack GL_ARB_shading_language_include GL_ARB_shading_language_packing GL_ARB_spirv_extensions GL_ARB_stencil_texturing GL_ARB_sync GL_ARB_tessellation_shader GL_ARB_texture_barrier GL_ARB_texture_buffer_object GL_ARB_
texture_buffer_object_rgb32 GL_ARB_texture_buffer_range GL_ARB_texture_compression_bptc GL_ARB_texture_compression_rgtc GL_ARB_texture_cube_map_array GL_ARB_texture_filter_anisotropic GL_ARB_texture_float GL_ARB_texture_gather GL_ARB_texture_mirror_clamp_to_edge GL_ARB_texture_multisample GL_ARB_texture_non_power_of_two GL_ARB_texture_query_levels GL_ARB_texture_query_lod GL_ARB_texture_rectangle GL_ARB_texture_rg GL_ARB_texture_rgb10_a2ui GL_ARB_texture_stencil8 GL_ARB_texture_storage GL_ARB_texture_storage_multisample GL_ARB_texture_swizzle GL_ARB_texture_view GL_ARB_timer_query GL_ARB_transform_feedback2 GL_ARB_transform_feedback3 GL_ARB_transform_feedback_instanced GL_ARB_transform_feedback_overflow_query GL_ARB_uniform_buffer_object GL_ARB_vertex_array_bgra GL_ARB_vertex_array_object GL_ARB_vertex_attrib_64bit GL_ARB_vertex_attrib_binding GL_ARB_vertex_buffer_object GL_ARB_vertex_shader GL_ARB_vertex_type_10f_11f_11f_rev GL_ARB_vertex_type_2_10_10_10_rev GL_ARB_viewport_array GL_ATI_blend_equation_separ
ate GL_ATI_texture_float GL_EXT_EGL_image_storage GL_EXT_EGL_sync GL_EXT_abgr GL_EXT_blend_equation_separate GL_EXT_demote_to_helper_invocation GL_EXT_draw_buffers2 GL_EXT_draw_instanced GL_EXT_framebuffer_blit GL_EXT_framebuffer_multisample GL_EXT_framebuffer_multisample_blit_scaled GL_EXT_framebuffer_object GL_EXT_framebuffer_sRGB GL_EXT_packed_depth_stencil GL_EXT_packed_float GL_EXT_pixel_buffer_object GL_EXT_polygon_offset_clamp GL_EXT_provoking_vertex GL_EXT_shader_framebuffer_fetch GL_EXT_shader_framebuffer_fetch_non_coherent GL_EXT_shader_integer_mix GL_EXT_shader_samples_identical GL_EXT_texture_array GL_EXT_texture_compression_dxt1 GL_EXT_texture_compression_rgtc GL_EXT_texture_compression_s3tc GL_EXT_texture_filter_anisotropic GL_EXT_texture_integer GL_EXT_texture_sRGB GL_EXT_texture_sRGB_R8 GL_EXT_texture_sRGB_decode GL_EXT_texture_shadow_lod GL_EXT_texture_shared_exponent GL_EXT_texture_snorm GL_EXT_texture_swizzle GL_EXT_timer_query GL_EXT_transform_feedback GL_EXT_vertex_array_bgra GL_EXT_vert
ex_attrib_64bit GL_IBM_multimode_draw_arrays GL_INTEL_conservative_rasterization GL_INTEL_performance_query GL_INTEL_shader_atomic_float_minmax GL_INTEL_shader_integer_functions2 GL_KHR_blend_equation_advanced GL_KHR_blend_equation_advanced_coherent GL_KHR_context_flush_control GL_KHR_debug GL_KHR_no_error GL_KHR_parallel_shader_compile GL_KHR_robust_buffer_access_behavior GL_KHR_robustness GL_KHR_texture_compression_astc_ldr GL_KHR_texture_compression_astc_sliced_3d GL_MESA_framebuffer_flip_y GL_MESA_pack_invert GL_MESA_shader_integer_functions GL_MESA_texture_signed_rgba GL_NV_compute_shader_derivatives GL_NV_conditional_render GL_NV_depth_clamp GL_NV_fragment_shader_interlock GL_NV_packed_depth_stencil GL_NV_texture_barrier GL_OES_EGL_image GL_S3_s3tc
OPENGL LOG: Creating OpenGL 4.6 graphics device ; Context level  <OpenGL 4.5> ; Context handle 67668560
Begin MonoManager ReloadAssembly
- Completed reload, in  0.074 seconds
Default vsync count 0
requesting resize 1920 x 1080
Using native desktop resolution 1920 x 1080
requesting fullscreen 1920 x 1080 at 0 Hz
Desktop is 1920 x 1080 @ 60 Hz
The referenced script on this Behaviour (Game Object 'fiBackupSceneStorage') is missing!
 
(Filename: ./Runtime/Mono/ManagedMonoBehaviourRef.cpp Line: 333)

UnloadTime: 0.377991 ms
Desktop is 1920 x 1080 @ 60 Hz
The referenced script on this Behaviour (Game Object 'Custom Button') is missing!
 
(Filename: ./Runtime/Mono/ManagedMonoBehaviourRef.cpp Line: 333)

The referenced script on this Behaviour (Game Object 'Delete') is missing!
 
(Filename: ./Runtime/Mono/ManagedMonoBehaviourRef.cpp Line: 333)

The referenced script on this Behaviour (Game Object 'Delete') is missing!
 
(Filename: ./Runtime/Mono/ManagedMonoBehaviourRef.cpp Line: 333)

The referenced script on this Behaviour (Game Object 'Custom Button') is missing!
 
(Filename: ./Runtime/Mono/ManagedMonoBehaviourRef.cpp Line: 333)

The referenced script on this Behaviour (Game Object 'Delete') is missing!
 
(Filename: ./Runtime/Mono/ManagedMonoBehaviourRef.cpp Line: 333)

The referenced script on this Behaviour (Game Object 'Expand Arrow') is missing!
 
(Filename: ./Runtime/Mono/ManagedMonoBehaviourRef.cpp Line: 333)

The referenced script on this Behaviour (Game Object 'Workshop Button') is missing!
 
(Filename: ./Runtime/Mono/ManagedMonoBehaviourRef.cpp Line: 333)

Serialization depth limit 7 exceeded at 'GridButton.Thumbnail'. There may be an object composition cycle in one or more of your serialized classes.

Serialization hierarchy:
8: GridButton.Thumbnail

 
(Filename: ./Runtime/Mono/SerializationBackend_DirectMemoryAccess/ShouldTransferField.cpp Line: 128)

WARNING: Shader Unsupported: 'Hidden/PostProcessing/FinalPass' - Pass '' has no vertex shader
WARNING: Shader Unsupported: 'Hidden/PostProcessing/FinalPass' - Pass '' has no vertex shader
Unloading 5 Unused Serialized files (Serialized files now loaded: 0)
WARNING: Shader Unsupported: 'Hidden/PostProcessing/Uber' - Pass '' has no vertex shader
WARNING: Shader Unsupported: 'Hidden/PostProcessing/Uber' - Pass '' has no vertex shader
UnloadTime: 5.079475 ms
DontDestroyOnLoad only works for root GameObjects or components on root GameObjects.
 
(Filename: ./Runtime/SceneManager/SceneManager.cpp Line: 559)


Unloading 276 unused Assets to reduce memory usage. Loaded Objects now: 53057.
Total: 88.661925 ms (FindLiveObjects: 3.967399 ms CreateObjectMapping: 1.083646 ms MarkObjects: 82.966050 ms  DeleteObjects: 0.640097 ms)

Unloading 3 Unused Serialized files (Serialized files now loaded: 0)

Unloading 0 unused Assets to reduce memory usage. Loaded Objects now: 53672.
Total: 93.241112 ms (FindLiveObjects: 5.019165 ms CreateObjectMapping: 0.963510 ms MarkObjects: 87.179884 ms  DeleteObjects: 0.072412 ms)

Unloading 0 Unused Serialized files (Serialized files now loaded: 0)

Unloading 0 unused Assets to reduce memory usage. Loaded Objects now: 53672.
Total: 95.108633 ms (FindLiveObjects: 6.658686 ms CreateObjectMapping: 0.873150 ms MarkObjects: 87.521274 ms  DeleteObjects: 0.050419 ms)

Unloading 0 Unused Serialized files (Serialized files now loaded: 0)

Unloading 0 unused Assets to reduce memory usage. Loaded Objects now: 53672.
Total: 94.201799 ms (FindLiveObjects: 7.398521 ms CreateObjectMapping: 1.453308 ms MarkObjects: 85.263229 ms  DeleteObjects: 0.081930 ms)

Fallback handler could not load library /home/jbustamante/.local/share/Steam/steamapps/common/Tabletop Simulator/Tabletop Simulator_Data/Mono/libKernel32
Fallback handler could not load library /home/jbustamante/.local/share/Steam/steamapps/common/Tabletop Simulator/Tabletop Simulator_Data/Mono/libKernel32.so
Fallback handler could not load library /home/jbustamante/.local/share/Steam/steamapps/common/Tabletop Simulator/Tabletop Simulator_Data/Mono/Kernel32
Fallback handler could not load library /home/jbustamante/.local/share/Steam/steamapps/common/Tabletop Simulator/Tabletop Simulator_Data/Mono/libKernel32
Fallback handler could not load library /home/jbustamante/.local/share/Steam/steamapps/common/Tabletop Simulator/Tabletop Simulator_Data/Mono/libKernel32.so
Fallback handler could not load library /home/jbustamante/.local/share/Steam/steamapps/common/Tabletop Simulator/Tabletop Simulator_Data/Mono/libKernel32
Unloading 2 Unused Serialized files (Serialized files now loaded: 0)

Unloading 855 unused Assets to reduce memory usage. Loaded Objects now: 58336.
Total: 103.027239 ms (FindLiveObjects: 6.431954 ms CreateObjectMapping: 0.807700 ms MarkObjects: 95.093006 ms  DeleteObjects: 0.688357 ms)

Unloading 4 Unused Serialized files (Serialized files now loaded: 0)
NullReferenceException: Object reference not set to an instance of an object
  at SteamVoiceP2PCommsNetwork.OnDestroy () [0x00006] in <b337bd33a8d7440c82621797f524edd5>:0 
 
(Filename: <b337bd33a8d7440c82621797f524edd5> Line: 0)

UnloadTime: 194.880699 ms
DontDestroyOnLoad only works for root GameObjects or components on root GameObjects.
 
(Filename: ./Runtime/SceneManager/SceneManager.cpp Line: 559)


Unloading 3420 unused Assets to reduce memory usage. Loaded Objects now: 53485.
Total: 92.765821 ms (FindLiveObjects: 2.433868 ms CreateObjectMapping: 0.523126 ms MarkObjects: 84.052163 ms  DeleteObjects: 5.752971 ms)

Unloading 1 Unused Serialized files (Serialized files now loaded: 0)

Unloading 0 unused Assets to reduce memory usage. Loaded Objects now: 53485.
Total: 89.503148 ms (FindLiveObjects: 3.599027 ms CreateObjectMapping: 0.918534 ms MarkObjects: 84.902415 ms  DeleteObjects: 0.078714 ms)

Unloading 0 Unused Serialized files (Serialized files now loaded: 0)

Unloading 0 unused Assets to reduce memory usage. Loaded Objects now: 53485.
Total: 86.532428 ms (FindLiveObjects: 2.571311 ms CreateObjectMapping: 0.464676 ms MarkObjects: 83.421519 ms  DeleteObjects: 0.070984 ms)

Unloading 0 Unused Serialized files (Serialized files now loaded: 0)

Unloading 9 unused Assets to reduce memory usage. Loaded Objects now: 53355.
Total: 86.695702 ms (FindLiveObjects: 2.958506 ms CreateObjectMapping: 0.555980 ms MarkObjects: 83.028125 ms  DeleteObjects: 0.149521 ms)

Unloading 4 Unused Serialized files (Serialized files now loaded: 0)
NullReferenceException: Object reference not set to an instance of an object
  at SteamVoiceP2PCommsNetwork.OnDestroy () [0x00006] in <b337bd33a8d7440c82621797f524edd5>:0 
 
(Filename: <b337bd33a8d7440c82621797f524edd5> Line: 0)

UnloadTime: 305.347950 ms
DontDestroyOnLoad only works for root GameObjects or components on root GameObjects.
 
(Filename: ./Runtime/SceneManager/SceneManager.cpp Line: 559)


Unloading 3214 unused Assets to reduce memory usage. Loaded Objects now: 53465.
Total: 86.404047 ms (FindLiveObjects: 2.833273 ms CreateObjectMapping: 0.580688 ms MarkObjects: 80.788247 ms  DeleteObjects: 2.198066 ms)

Unloading 1 Unused Serialized files (Serialized files now loaded: 0)

Unloading 0 unused Assets to reduce memory usage. Loaded Objects now: 53465.
Total: 96.161733 ms (FindLiveObjects: 5.438624 ms CreateObjectMapping: 0.835480 ms MarkObjects: 89.801789 ms  DeleteObjects: 0.079471 ms)

Unloading 0 Unused Serialized files (Serialized files now loaded: 0)

Unloading 0 unused Assets to reduce memory usage. Loaded Objects now: 53465.
Total: 85.216438 ms (FindLiveObjects: 2.612872 ms CreateObjectMapping: 0.505573 ms MarkObjects: 82.001443 ms  DeleteObjects: 0.093097 ms)

Unloading 0 Unused Serialized files (Serialized files now loaded: 0)

Unloading 9 unused Assets to reduce memory usage. Loaded Objects now: 53308.
Total: 89.343593 ms (FindLiveObjects: 3.790800 ms CreateObjectMapping: 0.963207 ms MarkObjects: 84.436895 ms  DeleteObjects: 0.147650 ms)

Unloading 1 Unused Serialized files (Serialized files now loaded: 0)

Unloading 705 unused Assets to reduce memory usage. Loaded Objects now: 59740.
Total: 110.236691 ms (FindLiveObjects: 5.288219 ms CreateObjectMapping: 0.809701 ms MarkObjects: 101.804890 ms  DeleteObjects: 2.329513 ms)

Changing real window size to 930 x 987
Changing real window size to 1880 x 987
Changing real window size to 1920 x 1080
Changing real window size to 1880 x 987
Changing real window size to 1920 x 1080
Changing real window size to 1880 x 987
Changing real window size to 1920 x 1080
Changing real window size to 1880 x 987
Changing real window size to 1920 x 1080
Changing real window size to 1880 x 987
Unloading 2 Unused Serialized files (Serialized files now loaded: 0)

Unloading 11 unused Assets to reduce memory usage. Loaded Objects now: 59773.
Total: 120.810567 ms (FindLiveObjects: 9.487373 ms CreateObjectMapping: 1.668328 ms MarkObjects: 109.524424 ms  DeleteObjects: 0.117365 ms)

Changing real window size to 1920 x 1080
Changing real window size to 1880 x 987
Unloading 0 Unused Serialized files (Serialized files now loaded: 0)

Unloading 4 unused Assets to reduce memory usage. Loaded Objects now: 59773.
Total: 114.824887 ms (FindLiveObjects: 3.896577 ms CreateObjectMapping: 0.715684 ms MarkObjects: 110.115487 ms  DeleteObjects: 0.091965 ms)

Changing real window size to 1920 x 1080
Changing real window size to 1880 x 987
Non-convex MeshCollider with non-kinematic Rigidbody is no longer supported since Unity 5.
If you want to use a non-convex mesh either make the Rigidbody kinematic or remove the Rigidbody component. Scene hierarchy path "Table_Hexagon(Clone)", Mesh asset path "" Mesh name "HexagonTable_wood"
 
(Filename:  Line: 0)

Unloading 1 Unused Serialized files (Serialized files now loaded: 0)

Unloading 720 unused Assets to reduce memory usage. Loaded Objects now: 59859.
Total: 107.011606 ms (FindLiveObjects: 3.073399 ms CreateObjectMapping: 0.541191 ms MarkObjects: 101.798686 ms  DeleteObjects: 1.594447 ms)

Changing real window size to 1920 x 1080
Unloading 1 Unused Serialized files (Serialized files now loaded: 0)

Unloading 20 unused Assets to reduce memory usage. Loaded Objects now: 59852.
Total: 130.080966 ms (FindLiveObjects: 9.170241 ms CreateObjectMapping: 1.537344 ms MarkObjects: 119.184336 ms  DeleteObjects: 0.178833 ms)

Unloading 2 Unused Serialized files (Serialized files now loaded: 0)

Unloading 383 unused Assets to reduce memory usage. Loaded Objects now: 60107.
Total: 126.205950 ms (FindLiveObjects: 9.079323 ms CreateObjectMapping: 1.620846 ms MarkObjects: 113.775901 ms  DeleteObjects: 1.720452 ms)

Unloading 1 Unused Serialized files (Serialized files now loaded: 0)

Unloading 433 unused Assets to reduce memory usage. Loaded Objects now: 60861.
Total: 128.638409 ms (FindLiveObjects: 9.439849 ms CreateObjectMapping: 1.407914 ms MarkObjects: 116.027478 ms  DeleteObjects: 1.753828 ms)

Unloading 1 Unused Serialized files (Serialized files now loaded: 0)

Unloading 237 unused Assets to reduce memory usage. Loaded Objects now: 62925.
Total: 131.688396 ms (FindLiveObjects: 5.400398 ms CreateObjectMapping: 1.691314 ms MarkObjects: 123.281957 ms  DeleteObjects: 1.306807 ms)

Unloading 0 Unused Serialized files (Serialized files now loaded: 0)

Unloading 39 unused Assets to reduce memory usage. Loaded Objects now: 62942.
Total: 133.997984 ms (FindLiveObjects: 6.778027 ms CreateObjectMapping: 1.667706 ms MarkObjects: 125.344920 ms  DeleteObjects: 0.197334 ms)

Changing real window size to 1880 x 987
Unloading 0 Unused Serialized files (Serialized files now loaded: 0)

Unloading 277 unused Assets to reduce memory usage. Loaded Objects now: 63234.
Total: 140.266943 ms (FindLiveObjects: 6.335472 ms CreateObjectMapping: 1.367775 ms MarkObjects: 131.836280 ms  DeleteObjects: 0.722087 ms)

Unloading 0 Unused Serialized files (Serialized files now loaded: 0)

Unloading 401 unused Assets to reduce memory usage. Loaded Objects now: 63257.
Total: 138.564159 ms (FindLiveObjects: 5.642765 ms CreateObjectMapping: 0.879075 ms MarkObjects: 130.865340 ms  DeleteObjects: 1.170295 ms)

Changing real window size to 1920 x 1080
Changing real window size to 1880 x 987
Changing real window size to 1920 x 1080
Unloading 1 Unused Serialized files (Serialized files now loaded: 0)

Unloading 555 unused Assets to reduce memory usage. Loaded Objects now: 63222.
Total: 129.970409 ms (FindLiveObjects: 3.989945 ms CreateObjectMapping: 0.647806 ms MarkObjects: 123.893771 ms  DeleteObjects: 1.433643 ms)

Unloading 1 Unused Serialized files (Serialized files now loaded: 0)

Unloading 37 unused Assets to reduce memory usage. Loaded Objects now: 63280.
Total: 128.573485 ms (FindLiveObjects: 4.112596 ms CreateObjectMapping: 0.726032 ms MarkObjects: 123.500071 ms  DeleteObjects: 0.229768 ms)

Unloading 0 Unused Serialized files (Serialized files now loaded: 0)

Unloading 1152 unused Assets to reduce memory usage. Loaded Objects now: 62783.
Total: 121.869244 ms (FindLiveObjects: 3.622010 ms CreateObjectMapping: 0.590820 ms MarkObjects: 115.619045 ms  DeleteObjects: 2.033542 ms)

Unloading 1 Unused Serialized files (Serialized files now loaded: 0)

Unloading 465 unused Assets to reduce memory usage. Loaded Objects now: 62675.
Total: 134.136594 ms (FindLiveObjects: 6.852508 ms CreateObjectMapping: 1.224551 ms MarkObjects: 124.399230 ms  DeleteObjects: 1.653602 ms)

Changing real window size to 1880 x 987
Changing real window size to 1920 x 1080
Changing real window size to 1880 x 987
Changing real window size to 1920 x 1080
Unloading 1 Unused Serialized files (Serialized files now loaded: 0)

Unloading 176 unused Assets to reduce memory usage. Loaded Objects now: 62679.
Total: 125.940124 ms (FindLiveObjects: 4.475741 ms CreateObjectMapping: 1.791371 ms MarkObjects: 119.091824 ms  DeleteObjects: 0.573597 ms)

Changing real window size to 1880 x 987
Unloading 4 Unused Serialized files (Serialized files now loaded: 0)
NullReferenceException: Object reference not set to an instance of an object
  at SteamVoiceP2PCommsNetwork.OnDestroy () [0x00006] in <b337bd33a8d7440c82621797f524edd5>:0 
 
(Filename: <b337bd33a8d7440c82621797f524edd5> Line: 0)

UnloadTime: 62.690297 ms
DontDestroyOnLoad only works for root GameObjects or components on root GameObjects.
 
(Filename: ./Runtime/SceneManager/SceneManager.cpp Line: 559)


Unloading 2934 unused Assets to reduce memory usage. Loaded Objects now: 53612.
Total: 90.545851 ms (FindLiveObjects: 2.788386 ms CreateObjectMapping: 0.591944 ms MarkObjects: 83.406935 ms  DeleteObjects: 3.754761 ms)

Unloading 1 Unused Serialized files (Serialized files now loaded: 0)

Unloading 0 unused Assets to reduce memory usage. Loaded Objects now: 53612.
Total: 88.313633 ms (FindLiveObjects: 2.974167 ms CreateObjectMapping: 0.482877 ms MarkObjects: 84.788724 ms  DeleteObjects: 0.064152 ms)

Unloading 0 Unused Serialized files (Serialized files now loaded: 0)

Unloading 0 unused Assets to reduce memory usage. Loaded Objects now: 53612.
Total: 87.162843 ms (FindLiveObjects: 2.711980 ms CreateObjectMapping: 0.469474 ms MarkObjects: 83.927778 ms  DeleteObjects: 0.049704 ms)

Unloading 0 Unused Serialized files (Serialized files now loaded: 0)

Unloading 9 unused Assets to reduce memory usage. Loaded Objects now: 53351.
Total: 90.413316 ms (FindLiveObjects: 2.763955 ms CreateObjectMapping: 0.545951 ms MarkObjects: 86.929678 ms  DeleteObjects: 0.169882 ms)

Changing real window size to 1920 x 1080
ZFGameBrowser: Starting in IPC mode
NullReferenceException: Object reference not set to an instance of an object
  at SteamVoiceP2PCommsNetwork.OnDestroy () [0x00006] in <b337bd33a8d7440c82621797f524edd5>:0 
 
(Filename: <b337bd33a8d7440c82621797f524edd5> Line: 0)

UnloadTime: 31.078102 ms
NullReferenceException: Object reference not set to an instance of an object
  at TouchScript.Gestures.TapGesture.OnEnable () [0x00013] in <76667e278e474f86b0b1f4919a62ef0f>:0 
UnityEngine.GameObject:Internal_AddComponentWithType(Type)
UnityEngine.GameObject:AddComponent(Type)
UnityEngine.GameObject:AddComponent()
TouchHandlerScript:Awake()
 
(Filename: <76667e278e474f86b0b1f4919a62ef0f> Line: 0)

NullReferenceException: Object reference not set to an instance of an object
  at TouchScript.Gestures.TapGesture.OnEnable () [0x00013] in <76667e278e474f86b0b1f4919a62ef0f>:0 
UnityEngine.GameObject:Internal_AddComponentWithType(Type)
UnityEngine.GameObject:AddComponent(Type)
UnityEngine.GameObject:AddComponent()
TouchHandlerScript:Awake()
 
(Filename: <76667e278e474f86b0b1f4919a62ef0f> Line: 0)

NullReferenceException: Object reference not set to an instance of an object
  at TouchScript.Gestures.LongPressGesture.OnEnable () [0x00013] in <76667e278e474f86b0b1f4919a62ef0f>:0 
UnityEngine.GameObject:Internal_AddComponentWithType(Type)
UnityEngine.GameObject:AddComponent(Type)
UnityEngine.GameObject:AddComponent()
TouchHandlerScript:Awake()
 
(Filename: <76667e278e474f86b0b1f4919a62ef0f> Line: 0)

NullReferenceException: Object reference not set to an instance of an object
  at TouchScript.Gestures.Base.TransformGestureBase.updateMinScreenPointsDistance () [0x0000d] in <76667e278e474f86b0b1f4919a62ef0f>:0 
  at TouchScript.Gestures.Base.TransformGestureBase.OnEnable () [0x00006] in <76667e278e474f86b0b1f4919a62ef0f>:0 
  at TouchScript.Gestures.TransformGesture.OnEnable () [0x00000] in <76667e278e474f86b0b1f4919a62ef0f>:0 
UnityEngine.GameObject:Internal_AddComponentWithType(Type)
UnityEngine.GameObject:AddComponent(Type)
UnityEngine.GameObject:AddComponent()
TouchHandlerScript:Awake()
 
(Filename: <76667e278e474f86b0b1f4919a62ef0f> Line: 0)

NullReferenceException: Object reference not set to an instance of an object
  at TouchScript.Gestures.Base.TransformGestureBase.updateMinScreenPointsDistance () [0x0000d] in <76667e278e474f86b0b1f4919a62ef0f>:0 
  at TouchScript.Gestures.Base.TransformGestureBase.OnEnable () [0x00006] in <76667e278e474f86b0b1f4919a62ef0f>:0 
  at TouchScript.Gestures.TransformGesture.OnEnable () [0x00000] in <76667e278e474f86b0b1f4919a62ef0f>:0 
UnityEngine.GameObject:Internal_AddComponentWithType(Type)
UnityEngine.GameObject:AddComponent(Type)
UnityEngine.GameObject:AddComponent()
TouchHandlerScript:Awake()
 
(Filename: <76667e278e474f86b0b1f4919a62ef0f> Line: 0)

NullReferenceException: Object reference not set to an instance of an object
  at TouchScript.Gestures.Base.TransformGestureBase.updateMinScreenPointsDistance () [0x0000d] in <76667e278e474f86b0b1f4919a62ef0f>:0 
  at TouchScript.Gestures.Base.TransformGestureBase.OnEnable () [0x00006] in <76667e278e474f86b0b1f4919a62ef0f>:0 
  at TouchScript.Gestures.TransformGesture.OnEnable () [0x00000] in <76667e278e474f86b0b1f4919a62ef0f>:0 
UnityEngine.GameObject:Internal_AddComponentWithType(Type)
UnityEngine.GameObject:AddComponent(Type)
UnityEngine.GameObject:AddComponent()
TouchHandlerScript:Awake()
 
(Filename: <76667e278e474f86b0b1f4919a62ef0f> Line: 0)

NullReferenceException: Object reference not set to an instance of an object
  at TouchScript.Gestures.LongPressGesture.set_DistanceLimit (System.Single value) [0x00014] in <76667e278e474f86b0b1f4919a62ef0f>:0 
  at TouchHandlerScript.Awake () [0x000e9] in <b337bd33a8d7440c82621797f524edd5>:0 
 
(Filename: <76667e278e474f86b0b1f4919a62ef0f> Line: 0)

NullReferenceException: Object reference not set to an instance of an object
  at TouchScript.Gestures.TapGesture.OnEnable () [0x00013] in <76667e278e474f86b0b1f4919a62ef0f>:0 
UnityEngine.GameObject:Internal_AddComponentWithType(Type)
UnityEngine.GameObject:AddComponent(Type)
UnityEngine.GameObject:AddComponent()
TouchHandlerScript:Awake()
 
(Filename: <76667e278e474f86b0b1f4919a62ef0f> Line: 0)

NullReferenceException: Object reference not set to an instance of an object
  at TouchScript.Gestures.TapGesture.OnEnable () [0x00013] in <76667e278e474f86b0b1f4919a62ef0f>:0 
UnityEngine.GameObject:Internal_AddComponentWithType(Type)
UnityEngine.GameObject:AddComponent(Type)
UnityEngine.GameObject:AddComponent()
TouchHandlerScript:Awake()
 
(Filename: <76667e278e474f86b0b1f4919a62ef0f> Line: 0)

NullReferenceException: Object reference not set to an instance of an object
  at TouchScript.Gestures.LongPressGesture.OnEnable () [0x00013] in <76667e278e474f86b0b1f4919a62ef0f>:0 
UnityEngine.GameObject:Internal_AddComponentWithType(Type)
UnityEngine.GameObject:AddComponent(Type)
UnityEngine.GameObject:AddComponent()
TouchHandlerScript:Awake()
 
(Filename: <76667e278e474f86b0b1f4919a62ef0f> Line: 0)

NullReferenceException: Object reference not set to an instance of an object
  at TouchScript.Gestures.Base.TransformGestureBase.updateMinScreenPointsDistance () [0x0000d] in <76667e278e474f86b0b1f4919a62ef0f>:0 
  at TouchScript.Gestures.Base.TransformGestureBase.OnEnable () [0x00006] in <76667e278e474f86b0b1f4919a62ef0f>:0 
  at TouchScript.Gestures.TransformGesture.OnEnable () [0x00000] in <76667e278e474f86b0b1f4919a62ef0f>:0 
UnityEngine.GameObject:Internal_AddComponentWithType(Type)
UnityEngine.GameObject:AddComponent(Type)
UnityEngine.GameObject:AddComponent()
TouchHandlerScript:Awake()
 
(Filename: <76667e278e474f86b0b1f4919a62ef0f> Line: 0)

NullReferenceException: Object reference not set to an instance of an object
  at TouchScript.Gestures.Base.TransformGestureBase.updateMinScreenPointsDistance () [0x0000d] in <76667e278e474f86b0b1f4919a62ef0f>:0 
  at TouchScript.Gestures.Base.TransformGestureBase.OnEnable () [0x00006] in <76667e278e474f86b0b1f4919a62ef0f>:0 
  at TouchScript.Gestures.TransformGesture.OnEnable () [0x00000] in <76667e278e474f86b0b1f4919a62ef0f>:0 
UnityEngine.GameObject:Internal_AddComponentWithType(Type)
UnityEngine.GameObject:AddComponent(Type)
UnityEngine.GameObject:AddComponent()
TouchHandlerScript:Awake()
 
(Filename: <76667e278e474f86b0b1f4919a62ef0f> Line: 0)

NullReferenceException: Object reference not set to an instance of an object
  at TouchScript.Gestures.Base.TransformGestureBase.updateMinScreenPointsDistance () [0x0000d] in <76667e278e474f86b0b1f4919a62ef0f>:0 
  at TouchScript.Gestures.Base.TransformGestureBase.OnEnable () [0x00006] in <76667e278e474f86b0b1f4919a62ef0f>:0 
  at TouchScript.Gestures.TransformGesture.OnEnable () [0x00000] in <76667e278e474f86b0b1f4919a62ef0f>:0 
UnityEngine.GameObject:Internal_AddComponentWithType(Type)
UnityEngine.GameObject:AddComponent(Type)
UnityEngine.GameObject:AddComponent()
TouchHandlerScript:Awake()
 
(Filename: <76667e278e474f86b0b1f4919a62ef0f> Line: 0)

NullReferenceException: Object reference not set to an instance of an object
  at TouchScript.Gestures.LongPressGesture.set_DistanceLimit (System.Single value) [0x00014] in <76667e278e474f86b0b1f4919a62ef0f>:0 
  at TouchHandlerScript.Awake () [0x000e9] in <b337bd33a8d7440c82621797f524edd5>:0 
 
(Filename: <76667e278e474f86b0b1f4919a62ef0f> Line: 0)

NullReferenceException: Object reference not set to an instance of an object
  at TouchScript.Gestures.TapGesture.OnEnable () [0x00013] in <76667e278e474f86b0b1f4919a62ef0f>:0 
UnityEngine.GameObject:Internal_AddComponentWithType(Type)
UnityEngine.GameObject:AddComponent(Type)
UnityEngine.GameObject:AddComponent()
TouchHandlerScript:Awake()
 
(Filename: <76667e278e474f86b0b1f4919a62ef0f> Line: 0)

NullReferenceException: Object reference not set to an instance of an object
  at TouchScript.Gestures.TapGesture.OnEnable () [0x00013] in <76667e278e474f86b0b1f4919a62ef0f>:0 
UnityEngine.GameObject:Internal_AddComponentWithType(Type)
UnityEngine.GameObject:AddComponent(Type)
UnityEngine.GameObject:AddComponent()
TouchHandlerScript:Awake()
 
(Filename: <76667e278e474f86b0b1f4919a62ef0f> Line: 0)

NullReferenceException: Object reference not set to an instance of an object
  at TouchScript.Gestures.LongPressGesture.OnEnable () [0x00013] in <76667e278e474f86b0b1f4919a62ef0f>:0 
UnityEngine.GameObject:Internal_AddComponentWithType(Type)
UnityEngine.GameObject:AddComponent(Type)
UnityEngine.GameObject:AddComponent()
TouchHandlerScript:Awake()
 
(Filename: <76667e278e474f86b0b1f4919a62ef0f> Line: 0)

NullReferenceException: Object reference not set to an instance of an object
  at TouchScript.Gestures.Base.TransformGestureBase.updateMinScreenPointsDistance () [0x0000d] in <76667e278e474f86b0b1f4919a62ef0f>:0 
  at TouchScript.Gestures.Base.TransformGestureBase.OnEnable () [0x00006] in <76667e278e474f86b0b1f4919a62ef0f>:0 
  at TouchScript.Gestures.TransformGesture.OnEnable () [0x00000] in <76667e278e474f86b0b1f4919a62ef0f>:0 
UnityEngine.GameObject:Internal_AddComponentWithType(Type)
UnityEngine.GameObject:AddComponent(Type)
UnityEngine.GameObject:AddComponent()
TouchHandlerScript:Awake()
 
(Filename: <76667e278e474f86b0b1f4919a62ef0f> Line: 0)

NullReferenceException: Object reference not set to an instance of an object
  at TouchScript.Gestures.Base.TransformGestureBase.updateMinScreenPointsDistance () [0x0000d] in <76667e278e474f86b0b1f4919a62ef0f>:0 
  at TouchScript.Gestures.Base.TransformGestureBase.OnEnable () [0x00006] in <76667e278e474f86b0b1f4919a62ef0f>:0 
  at TouchScript.Gestures.TransformGesture.OnEnable () [0x00000] in <76667e278e474f86b0b1f4919a62ef0f>:0 
UnityEngine.GameObject:Internal_AddComponentWithType(Type)
UnityEngine.GameObject:AddComponent(Type)
UnityEngine.GameObject:AddComponent()
TouchHandlerScript:Awake()
 
(Filename: <76667e278e474f86b0b1f4919a62ef0f> Line: 0)

NullReferenceException: Object reference not set to an instance of an object
  at TouchScript.Gestures.Base.TransformGestureBase.updateMinScreenPointsDistance () [0x0000d] in <76667e278e474f86b0b1f4919a62ef0f>:0 
  at TouchScript.Gestures.Base.TransformGestureBase.OnEnable () [0x00006] in <76667e278e474f86b0b1f4919a62ef0f>:0 
  at TouchScript.Gestures.TransformGesture.OnEnable () [0x00000] in <76667e278e474f86b0b1f4919a62ef0f>:0 
UnityEngine.GameObject:Internal_AddComponentWithType(Type)
UnityEngine.GameObject:AddComponent(Type)
UnityEngine.GameObject:AddComponent()
TouchHandlerScript:Awake()
 
(Filename: <76667e278e474f86b0b1f4919a62ef0f> Line: 0)

NullReferenceException: Object reference not set to an instance of an object
  at TouchScript.Gestures.LongPressGesture.set_DistanceLimit (System.Single value) [0x00014] in <76667e278e474f86b0b1f4919a62ef0f>:0 
  at TouchHandlerScript.Awake () [0x000e9] in <b337bd33a8d7440c82621797f524edd5>:0 
 
(Filename: <76667e278e474f86b0b1f4919a62ef0f> Line: 0)

NullReferenceException: Object reference not set to an instance of an object
  at TouchScript.Gestures.TapGesture.OnEnable () [0x00013] in <76667e278e474f86b0b1f4919a62ef0f>:0 
UnityEngine.GameObject:Internal_AddComponentWithType(Type)
UnityEngine.GameObject:AddComponent(Type)
UnityEngine.GameObject:AddComponent()
TouchHandlerScript:Awake()
 
(Filename: <76667e278e474f86b0b1f4919a62ef0f> Line: 0)

NullReferenceException: Object reference not set to an instance of an object
  at TouchScript.Gestures.TapGesture.OnEnable () [0x00013] in <76667e278e474f86b0b1f4919a62ef0f>:0 
UnityEngine.GameObject:Internal_AddComponentWithType(Type)
UnityEngine.GameObject:AddComponent(Type)
UnityEngine.GameObject:AddComponent()
TouchHandlerScript:Awake()
 
(Filename: <76667e278e474f86b0b1f4919a62ef0f> Line: 0)

NullReferenceException: Object reference not set to an instance of an object
  at TouchScript.Gestures.LongPressGesture.OnEnable () [0x00013] in <76667e278e474f86b0b1f4919a62ef0f>:0 
UnityEngine.GameObject:Internal_AddComponentWithType(Type)
UnityEngine.GameObject:AddComponent(Type)
UnityEngine.GameObject:AddComponent()
TouchHandlerScript:Awake()
 
(Filename: <76667e278e474f86b0b1f4919a62ef0f> Line: 0)

NullReferenceException: Object reference not set to an instance of an object
  at TouchScript.Gestures.Base.TransformGestureBase.updateMinScreenPointsDistance () [0x0000d] in <76667e278e474f86b0b1f4919a62ef0f>:0 
  at TouchScript.Gestures.Base.TransformGestureBase.OnEnable () [0x00006] in <76667e278e474f86b0b1f4919a62ef0f>:0 
  at TouchScript.Gestures.TransformGesture.OnEnable () [0x00000] in <76667e278e474f86b0b1f4919a62ef0f>:0 
UnityEngine.GameObject:Internal_AddComponentWithType(Type)
UnityEngine.GameObject:AddComponent(Type)
UnityEngine.GameObject:AddComponent()
TouchHandlerScript:Awake()
 
(Filename: <76667e278e474f86b0b1f4919a62ef0f> Line: 0)

NullReferenceException: Object reference not set to an instance of an object
  at TouchScript.Gestures.Base.TransformGestureBase.updateMinScreenPointsDistance () [0x0000d] in <76667e278e474f86b0b1f4919a62ef0f>:0 
  at TouchScript.Gestures.Base.TransformGestureBase.OnEnable () [0x00006] in <76667e278e474f86b0b1f4919a62ef0f>:0 
  at TouchScript.Gestures.TransformGesture.OnEnable () [0x00000] in <76667e278e474f86b0b1f4919a62ef0f>:0 
UnityEngine.GameObject:Internal_AddComponentWithType(Type)
UnityEngine.GameObject:AddComponent(Type)
UnityEngine.GameObject:AddComponent()
TouchHandlerScript:Awake()
 
(Filename: <76667e278e474f86b0b1f4919a62ef0f> Line: 0)

NullReferenceException: Object reference not set to an instance of an object
  at TouchScript.Gestures.Base.TransformGestureBase.updateMinScreenPointsDistance () [0x0000d] in <76667e278e474f86b0b1f4919a62ef0f>:0 
  at TouchScript.Gestures.Base.TransformGestureBase.OnEnable () [0x00006] in <76667e278e474f86b0b1f4919a62ef0f>:0 
  at TouchScript.Gestures.TransformGesture.OnEnable () [0x00000] in <76667e278e474f86b0b1f4919a62ef0f>:0 
UnityEngine.GameObject:Internal_AddComponentWithType(Type)
UnityEngine.GameObject:AddComponent(Type)
UnityEngine.GameObject:AddComponent()
TouchHandlerScript:Awake()
 
(Filename: <76667e278e474f86b0b1f4919a62ef0f> Line: 0)

NullReferenceException: Object reference not set to an instance of an object
  at TouchScript.Gestures.LongPressGesture.set_DistanceLimit (System.Single value) [0x00014] in <76667e278e474f86b0b1f4919a62ef0f>:0 
  at TouchHandlerScript.Awake () [0x000e9] in <b337bd33a8d7440c82621797f524edd5>:0 
 
(Filename: <76667e278e474f86b0b1f4919a62ef0f> Line: 0)

NullReferenceException: Object reference not set to an instance of an object
  at TouchScript.Gestures.TapGesture.OnEnable () [0x00013] in <76667e278e474f86b0b1f4919a62ef0f>:0 
UnityEngine.GameObject:Internal_AddComponentWithType(Type)
UnityEngine.GameObject:AddComponent(Type)
UnityEngine.GameObject:AddComponent()
TouchHandlerScript:Awake()
 
(Filename: <76667e278e474f86b0b1f4919a62ef0f> Line: 0)

NullReferenceException: Object reference not set to an instance of an object
  at TouchScript.Gestures.TapGesture.OnEnable () [0x00013] in <76667e278e474f86b0b1f4919a62ef0f>:0 
UnityEngine.GameObject:Internal_AddComponentWithType(Type)
UnityEngine.GameObject:AddComponent(Type)
UnityEngine.GameObject:AddComponent()
TouchHandlerScript:Awake()
 
(Filename: <76667e278e474f86b0b1f4919a62ef0f> Line: 0)

NullReferenceException: Object reference not set to an instance of an object
  at TouchScript.Gestures.LongPressGesture.OnEnable () [0x00013] in <76667e278e474f86b0b1f4919a62ef0f>:0 
UnityEngine.GameObject:Internal_AddComponentWithType(Type)
UnityEngine.GameObject:AddComponent(Type)
UnityEngine.GameObject:AddComponent()
TouchHandlerScript:Awake()
 
(Filename: <76667e278e474f86b0b1f4919a62ef0f> Line: 0)

NullReferenceException: Object reference not set to an instance of an object
  at TouchScript.Gestures.Base.TransformGestureBase.updateMinScreenPointsDistance () [0x0000d] in <76667e278e474f86b0b1f4919a62ef0f>:0 
  at TouchScript.Gestures.Base.TransformGestureBase.OnEnable () [0x00006] in <76667e278e474f86b0b1f4919a62ef0f>:0 
  at TouchScript.Gestures.TransformGesture.OnEnable () [0x00000] in <76667e278e474f86b0b1f4919a62ef0f>:0 
UnityEngine.GameObject:Internal_AddComponentWithType(Type)
UnityEngine.GameObject:AddComponent(Type)
UnityEngine.GameObject:AddComponent()
TouchHandlerScript:Awake()
 
(Filename: <76667e278e474f86b0b1f4919a62ef0f> Line: 0)

NullReferenceException: Object reference not set to an instance of an object
  at TouchScript.Gestures.Base.TransformGestureBase.updateMinScreenPointsDistance () [0x0000d] in <76667e278e474f86b0b1f4919a62ef0f>:0 
  at TouchScript.Gestures.Base.TransformGestureBase.OnEnable () [0x00006] in <76667e278e474f86b0b1f4919a62ef0f>:0 
  at TouchScript.Gestures.TransformGesture.OnEnable () [0x00000] in <76667e278e474f86b0b1f4919a62ef0f>:0 
UnityEngine.GameObject:Internal_AddComponentWithType(Type)
UnityEngine.GameObject:AddComponent(Type)
UnityEngine.GameObject:AddComponent()
TouchHandlerScript:Awake()
 
(Filename: <76667e278e474f86b0b1f4919a62ef0f> Line: 0)

NullReferenceException: Object reference not set to an instance of an object
  at TouchScript.Gestures.Base.TransformGestureBase.updateMinScreenPointsDistance () [0x0000d] in <76667e278e474f86b0b1f4919a62ef0f>:0 
  at TouchScript.Gestures.Base.TransformGestureBase.OnEnable () [0x00006] in <76667e278e474f86b0b1f4919a62ef0f>:0 
  at TouchScript.Gestures.TransformGesture.OnEnable () [0x00000] in <76667e278e474f86b0b1f4919a62ef0f>:0 
UnityEngine.GameObject:Internal_AddComponentWithType(Type)
UnityEngine.GameObject:AddComponent(Type)
UnityEngine.GameObject:AddComponent()
TouchHandlerScript:Awake()
 
(Filename: <76667e278e474f86b0b1f4919a62ef0f> Line: 0)

NullReferenceException: Object reference not set to an instance of an object
  at TouchScript.Gestures.LongPressGesture.set_DistanceLimit (System.Single value) [0x00014] in <76667e278e474f86b0b1f4919a62ef0f>:0 
  at TouchHandlerScript.Awake () [0x000e9] in <b337bd33a8d7440c82621797f524edd5>:0 
 
(Filename: <76667e278e474f86b0b1f4919a62ef0f> Line: 0)

NullReferenceException: Object reference not set to an instance of an object
  at TouchScript.Gestures.TapGesture.OnEnable () [0x00013] in <76667e278e474f86b0b1f4919a62ef0f>:0 
UnityEngine.GameObject:Internal_AddComponentWithType(Type)
UnityEngine.GameObject:AddComponent(Type)
UnityEngine.GameObject:AddComponent()
TouchHandlerScript:Awake()
 
(Filename: <76667e278e474f86b0b1f4919a62ef0f> Line: 0)

NullReferenceException: Object reference not set to an instance of an object
  at TouchScript.Gestures.TapGesture.OnEnable () [0x00013] in <76667e278e474f86b0b1f4919a62ef0f>:0 
UnityEngine.GameObject:Internal_AddComponentWithType(Type)
UnityEngine.GameObject:AddComponent(Type)
UnityEngine.GameObject:AddComponent()
TouchHandlerScript:Awake()
 
(Filename: <76667e278e474f86b0b1f4919a62ef0f> Line: 0)

NullReferenceException: Object reference not set to an instance of an object
  at TouchScript.Gestures.LongPressGesture.OnEnable () [0x00013] in <76667e278e474f86b0b1f4919a62ef0f>:0 
UnityEngine.GameObject:Internal_AddComponentWithType(Type)
UnityEngine.GameObject:AddComponent(Type)
UnityEngine.GameObject:AddComponent()
TouchHandlerScript:Awake()
 
(Filename: <76667e278e474f86b0b1f4919a62ef0f> Line: 0)

NullReferenceException: Object reference not set to an instance of an object
  at TouchScript.Gestures.Base.TransformGestureBase.updateMinScreenPointsDistance () [0x0000d] in <76667e278e474f86b0b1f4919a62ef0f>:0 
  at TouchScript.Gestures.Base.TransformGestureBase.OnEnable () [0x00006] in <76667e278e474f86b0b1f4919a62ef0f>:0 
  at TouchScript.Gestures.TransformGesture.OnEnable () [0x00000] in <76667e278e474f86b0b1f4919a62ef0f>:0 
UnityEngine.GameObject:Internal_AddComponentWithType(Type)
UnityEngine.GameObject:AddComponent(Type)
UnityEngine.GameObject:AddComponent()
TouchHandlerScript:Awake()
 
(Filename: <76667e278e474f86b0b1f4919a62ef0f> Line: 0)

NullReferenceException: Object reference not set to an instance of an object
  at TouchScript.Gestures.Base.TransformGestureBase.updateMinScreenPointsDistance () [0x0000d] in <76667e278e474f86b0b1f4919a62ef0f>:0 
  at TouchScript.Gestures.Base.TransformGestureBase.OnEnable () [0x00006] in <76667e278e474f86b0b1f4919a62ef0f>:0 
  at TouchScript.Gestures.TransformGesture.OnEnable () [0x00000] in <76667e278e474f86b0b1f4919a62ef0f>:0 
UnityEngine.GameObject:Internal_AddComponentWithType(Type)
UnityEngine.GameObject:AddComponent(Type)
UnityEngine.GameObject:AddComponent()
TouchHandlerScript:Awake()
 
(Filename: <76667e278e474f86b0b1f4919a62ef0f> Line: 0)

NullReferenceException: Object reference not set to an instance of an object
  at TouchScript.Gestures.Base.TransformGestureBase.updateMinScreenPointsDistance () [0x0000d] in <76667e278e474f86b0b1f4919a62ef0f>:0 
  at TouchScript.Gestures.Base.TransformGestureBase.OnEnable () [0x00006] in <76667e278e474f86b0b1f4919a62ef0f>:0 
  at TouchScript.Gestures.TransformGesture.OnEnable () [0x00000] in <76667e278e474f86b0b1f4919a62ef0f>:0 
UnityEngine.GameObject:Internal_AddComponentWithType(Type)
UnityEngine.GameObject:AddComponent(Type)
UnityEngine.GameObject:AddComponent()
TouchHandlerScript:Awake()
 
(Filename: <76667e278e474f86b0b1f4919a62ef0f> Line: 0)

NullReferenceException: Object reference not set to an instance of an object
  at TouchScript.Gestures.LongPressGesture.set_DistanceLimit (System.Single value) [0x00014] in <76667e278e474f86b0b1f4919a62ef0f>:0 
  at TouchHandlerScript.Awake () [0x000e9] in <b337bd33a8d7440c82621797f524edd5>:0 
 
(Filename: <76667e278e474f86b0b1f4919a62ef0f> Line: 0)

NullReferenceException: Object reference not set to an instance of an object
  at TouchScript.Gestures.TapGesture.OnEnable () [0x00013] in <76667e278e474f86b0b1f4919a62ef0f>:0 
UnityEngine.GameObject:Internal_AddComponentWithType(Type)
UnityEngine.GameObject:AddComponent(Type)
UnityEngine.GameObject:AddComponent()
TouchHandlerScript:Awake()
 
(Filename: <76667e278e474f86b0b1f4919a62ef0f> Line: 0)

NullReferenceException: Object reference not set to an instance of an object
  at TouchScript.Gestures.TapGesture.OnEnable () [0x00013] in <76667e278e474f86b0b1f4919a62ef0f>:0 
UnityEngine.GameObject:Internal_AddComponentWithType(Type)
UnityEngine.GameObject:AddComponent(Type)
UnityEngine.GameObject:AddComponent()
TouchHandlerScript:Awake()
 
(Filename: <76667e278e474f86b0b1f4919a62ef0f> Line: 0)

NullReferenceException: Object reference not set to an instance of an object
  at TouchScript.Gestures.LongPressGesture.OnEnable () [0x00013] in <76667e278e474f86b0b1f4919a62ef0f>:0 
UnityEngine.GameObject:Internal_AddComponentWithType(Type)
UnityEngine.GameObject:AddComponent(Type)
UnityEngine.GameObject:AddComponent()
TouchHandlerScript:Awake()
 
(Filename: <76667e278e474f86b0b1f4919a62ef0f> Line: 0)

NullReferenceException: Object reference not set to an instance of an object
  at TouchScript.Gestures.Base.TransformGestureBase.updateMinScreenPointsDistance () [0x0000d] in <76667e278e474f86b0b1f4919a62ef0f>:0 
  at TouchScript.Gestures.Base.TransformGestureBase.OnEnable () [0x00006] in <76667e278e474f86b0b1f4919a62ef0f>:0 
  at TouchScript.Gestures.TransformGesture.OnEnable () [0x00000] in <76667e278e474f86b0b1f4919a62ef0f>:0 
UnityEngine.GameObject:Internal_AddComponentWithType(Type)
UnityEngine.GameObject:AddComponent(Type)
UnityEngine.GameObject:AddComponent()
TouchHandlerScript:Awake()
 
(Filename: <76667e278e474f86b0b1f4919a62ef0f> Line: 0)

NullReferenceException: Object reference not set to an instance of an object
  at TouchScript.Gestures.Base.TransformGestureBase.updateMinScreenPointsDistance () [0x0000d] in <76667e278e474f86b0b1f4919a62ef0f>:0 
  at TouchScript.Gestures.Base.TransformGestureBase.OnEnable () [0x00006] in <76667e278e474f86b0b1f4919a62ef0f>:0 
  at TouchScript.Gestures.TransformGesture.OnEnable () [0x00000] in <76667e278e474f86b0b1f4919a62ef0f>:0 
UnityEngine.GameObject:Internal_AddComponentWithType(Type)
UnityEngine.GameObject:AddComponent(Type)
UnityEngine.GameObject:AddComponent()
TouchHandlerScript:Awake()
 
(Filename: <76667e278e474f86b0b1f4919a62ef0f> Line: 0)

NullReferenceException: Object reference not set to an instance of an object
  at TouchScript.Gestures.Base.TransformGestureBase.updateMinScreenPointsDistance () [0x0000d] in <76667e278e474f86b0b1f4919a62ef0f>:0 
  at TouchScript.Gestures.Base.TransformGestureBase.OnEnable () [0x00006] in <76667e278e474f86b0b1f4919a62ef0f>:0 
  at TouchScript.Gestures.TransformGesture.OnEnable () [0x00000] in <76667e278e474f86b0b1f4919a62ef0f>:0 
UnityEngine.GameObject:Internal_AddComponentWithType(Type)
UnityEngine.GameObject:AddComponent(Type)
UnityEngine.GameObject:AddComponent()
TouchHandlerScript:Awake()
 
(Filename: <76667e278e474f86b0b1f4919a62ef0f> Line: 0)

NullReferenceException: Object reference not set to an instance of an object
  at TouchScript.Gestures.LongPressGesture.set_DistanceLimit (System.Single value) [0x00014] in <76667e278e474f86b0b1f4919a62ef0f>:0 
  at TouchHandlerScript.Awake () [0x000e9] in <b337bd33a8d7440c82621797f524edd5>:0 
 
(Filename: <76667e278e474f86b0b1f4919a62ef0f> Line: 0)

NullReferenceException: Object reference not set to an instance of an object
  at TouchScript.Gestures.TapGesture.OnEnable () [0x00013] in <76667e278e474f86b0b1f4919a62ef0f>:0 
UnityEngine.GameObject:Internal_AddComponentWithType(Type)
UnityEngine.GameObject:AddComponent(Type)
UnityEngine.GameObject:AddComponent()
TouchHandlerScript:Awake()
 
(Filename: <76667e278e474f86b0b1f4919a62ef0f> Line: 0)

NullReferenceException: Object reference not set to an instance of an object
  at TouchScript.Gestures.TapGesture.OnEnable () [0x00013] in <76667e278e474f86b0b1f4919a62ef0f>:0 
UnityEngine.GameObject:Internal_AddComponentWithType(Type)
UnityEngine.GameObject:AddComponent(Type)
UnityEngine.GameObject:AddComponent()
TouchHandlerScript:Awake()
 
(Filename: <76667e278e474f86b0b1f4919a62ef0f> Line: 0)

NullReferenceException: Object reference not set to an instance of an object
  at TouchScript.Gestures.LongPressGesture.OnEnable () [0x00013] in <76667e278e474f86b0b1f4919a62ef0f>:0 
UnityEngine.GameObject:Internal_AddComponentWithType(Type)
UnityEngine.GameObject:AddComponent(Type)
UnityEngine.GameObject:AddComponent()
TouchHandlerScript:Awake()
 
(Filename: <76667e278e474f86b0b1f4919a62ef0f> Line: 0)

NullReferenceException: Object reference not set to an instance of an object
  at TouchScript.Gestures.Base.TransformGestureBase.updateMinScreenPointsDistance () [0x0000d] in <76667e278e474f86b0b1f4919a62ef0f>:0 
  at TouchScript.Gestures.Base.TransformGestureBase.OnEnable () [0x00006] in <76667e278e474f86b0b1f4919a62ef0f>:0 
  at TouchScript.Gestures.TransformGesture.OnEnable () [0x00000] in <76667e278e474f86b0b1f4919a62ef0f>:0 
UnityEngine.GameObject:Internal_AddComponentWithType(Type)
UnityEngine.GameObject:AddComponent(Type)
UnityEngine.GameObject:AddComponent()
TouchHandlerScript:Awake()
 
(Filename: <76667e278e474f86b0b1f4919a62ef0f> Line: 0)

NullReferenceException: Object reference not set to an instance of an object
  at TouchScript.Gestures.Base.TransformGestureBase.updateMinScreenPointsDistance () [0x0000d] in <76667e278e474f86b0b1f4919a62ef0f>:0 
  at TouchScript.Gestures.Base.TransformGestureBase.OnEnable () [0x00006] in <76667e278e474f86b0b1f4919a62ef0f>:0 
  at TouchScript.Gestures.TransformGesture.OnEnable () [0x00000] in <76667e278e474f86b0b1f4919a62ef0f>:0 
UnityEngine.GameObject:Internal_AddComponentWithType(Type)
UnityEngine.GameObject:AddComponent(Type)
UnityEngine.GameObject:AddComponent()
TouchHandlerScript:Awake()
 
(Filename: <76667e278e474f86b0b1f4919a62ef0f> Line: 0)

NullReferenceException: Object reference not set to an instance of an object
  at TouchScript.Gestures.Base.TransformGestureBase.updateMinScreenPointsDistance () [0x0000d] in <76667e278e474f86b0b1f4919a62ef0f>:0 
  at TouchScript.Gestures.Base.TransformGestureBase.OnEnable () [0x00006] in <76667e278e474f86b0b1f4919a62ef0f>:0 
  at TouchScript.Gestures.TransformGesture.OnEnable () [0x00000] in <76667e278e474f86b0b1f4919a62ef0f>:0 
UnityEngine.GameObject:Internal_AddComponentWithType(Type)
UnityEngine.GameObject:AddComponent(Type)
UnityEngine.GameObject:AddComponent()
TouchHandlerScript:Awake()
 
(Filename: <76667e278e474f86b0b1f4919a62ef0f> Line: 0)

NullReferenceException: Object reference not set to an instance of an object
  at TouchScript.Gestures.LongPressGesture.set_DistanceLimit (System.Single value) [0x00014] in <76667e278e474f86b0b1f4919a62ef0f>:0 
  at TouchHandlerScript.Awake () [0x000e9] in <b337bd33a8d7440c82621797f524edd5>:0 
 
(Filename: <76667e278e474f86b0b1f4919a62ef0f> Line: 0)

NullReferenceException: Object reference not set to an instance of an object
  at TouchScript.Gestures.TapGesture.OnEnable () [0x00013] in <76667e278e474f86b0b1f4919a62ef0f>:0 
UnityEngine.GameObject:Internal_AddComponentWithType(Type)
UnityEngine.GameObject:AddComponent(Type)
UnityEngine.GameObject:AddComponent()
TouchHandlerScript:Awake()
 
(Filename: <76667e278e474f86b0b1f4919a62ef0f> Line: 0)

NullReferenceException: Object reference not set to an instance of an object
  at TouchScript.Gestures.TapGesture.OnEnable () [0x00013] in <76667e278e474f86b0b1f4919a62ef0f>:0 
UnityEngine.GameObject:Internal_AddComponentWithType(Type)
UnityEngine.GameObject:AddComponent(Type)
UnityEngine.GameObject:AddComponent()
TouchHandlerScript:Awake()
 
(Filename: <76667e278e474f86b0b1f4919a62ef0f> Line: 0)

NullReferenceException: Object reference not set to an instance of an object
  at TouchScript.Gestures.LongPressGesture.OnEnable () [0x00013] in <76667e278e474f86b0b1f4919a62ef0f>:0 
UnityEngine.GameObject:Internal_AddComponentWithType(Type)
UnityEngine.GameObject:AddComponent(Type)
UnityEngine.GameObject:AddComponent()
TouchHandlerScript:Awake()
 
(Filename: <76667e278e474f86b0b1f4919a62ef0f> Line: 0)

NullReferenceException: Object reference not set to an instance of an object
  at TouchScript.Gestures.Base.TransformGestureBase.updateMinScreenPointsDistance () [0x0000d] in <76667e278e474f86b0b1f4919a62ef0f>:0 
  at TouchScript.Gestures.Base.TransformGestureBase.OnEnable () [0x00006] in <76667e278e474f86b0b1f4919a62ef0f>:0 
  at TouchScript.Gestures.TransformGesture.OnEnable () [0x00000] in <76667e278e474f86b0b1f4919a62ef0f>:0 
UnityEngine.GameObject:Internal_AddComponentWithType(Type)
UnityEngine.GameObject:AddComponent(Type)
UnityEngine.GameObject:AddComponent()
TouchHandlerScript:Awake()
 
(Filename: <76667e278e474f86b0b1f4919a62ef0f> Line: 0)

NullReferenceException: Object reference not set to an instance of an object
  at TouchScript.Gestures.Base.TransformGestureBase.updateMinScreenPointsDistance () [0x0000d] in <76667e278e474f86b0b1f4919a62ef0f>:0 
  at TouchScript.Gestures.Base.TransformGestureBase.OnEnable () [0x00006] in <76667e278e474f86b0b1f4919a62ef0f>:0 
  at TouchScript.Gestures.TransformGesture.OnEnable () [0x00000] in <76667e278e474f86b0b1f4919a62ef0f>:0 
UnityEngine.GameObject:Internal_AddComponentWithType(Type)
UnityEngine.GameObject:AddComponent(Type)
UnityEngine.GameObject:AddComponent()
TouchHandlerScript:Awake()
 
(Filename: <76667e278e474f86b0b1f4919a62ef0f> Line: 0)

NullReferenceException: Object reference not set to an instance of an object
  at TouchScript.Gestures.Base.TransformGestureBase.updateMinScreenPointsDistance () [0x0000d] in <76667e278e474f86b0b1f4919a62ef0f>:0 
  at TouchScript.Gestures.Base.TransformGestureBase.OnEnable () [0x00006] in <76667e278e474f86b0b1f4919a62ef0f>:0 
  at TouchScript.Gestures.TransformGesture.OnEnable () [0x00000] in <76667e278e474f86b0b1f4919a62ef0f>:0 
UnityEngine.GameObject:Internal_AddComponentWithType(Type)
UnityEngine.GameObject:AddComponent(Type)
UnityEngine.GameObject:AddComponent()
TouchHandlerScript:Awake()
 
(Filename: <76667e278e474f86b0b1f4919a62ef0f> Line: 0)

NullReferenceException: Object reference not set to an instance of an object
  at TouchScript.Gestures.LongPressGesture.set_DistanceLimit (System.Single value) [0x00014] in <76667e278e474f86b0b1f4919a62ef0f>:0 
  at TouchHandlerScript.Awake () [0x000e9] in <b337bd33a8d7440c82621797f524edd5>:0 
 
(Filename: <76667e278e474f86b0b1f4919a62ef0f> Line: 0)

NullReferenceException: Object reference not set to an instance of an object
  at TouchScript.Gestures.TapGesture.OnEnable () [0x00013] in <76667e278e474f86b0b1f4919a62ef0f>:0 
UnityEngine.GameObject:Internal_AddComponentWithType(Type)
UnityEngine.GameObject:AddComponent(Type)
UnityEngine.GameObject:AddComponent()
TouchHandlerScript:Awake()
 
(Filename: <76667e278e474f86b0b1f4919a62ef0f> Line: 0)

NullReferenceException: Object reference not set to an instance of an object
  at TouchScript.Gestures.TapGesture.OnEnable () [0x00013] in <76667e278e474f86b0b1f4919a62ef0f>:0 
UnityEngine.GameObject:Internal_AddComponentWithType(Type)
UnityEngine.GameObject:AddComponent(Type)
UnityEngine.GameObject:AddComponent()
TouchHandlerScript:Awake()
 
(Filename: <76667e278e474f86b0b1f4919a62ef0f> Line: 0)

NullReferenceException: Object reference not set to an instance of an object
  at TouchScript.Gestures.LongPressGesture.OnEnable () [0x00013] in <76667e278e474f86b0b1f4919a62ef0f>:0 
UnityEngine.GameObject:Internal_AddComponentWithType(Type)
UnityEngine.GameObject:AddComponent(Type)
UnityEngine.GameObject:AddComponent()
TouchHandlerScript:Awake()
 
(Filename: <76667e278e474f86b0b1f4919a62ef0f> Line: 0)

NullReferenceException: Object reference not set to an instance of an object
  at TouchScript.Gestures.Base.TransformGestureBase.updateMinScreenPointsDistance () [0x0000d] in <76667e278e474f86b0b1f4919a62ef0f>:0 
  at TouchScript.Gestures.Base.TransformGestureBase.OnEnable () [0x00006] in <76667e278e474f86b0b1f4919a62ef0f>:0 
  at TouchScript.Gestures.TransformGesture.OnEnable () [0x00000] in <76667e278e474f86b0b1f4919a62ef0f>:0 
UnityEngine.GameObject:Internal_AddComponentWithType(Type)
UnityEngine.GameObject:AddComponent(Type)
UnityEngine.GameObject:AddComponent()
TouchHandlerScript:Awake()
 
(Filename: <76667e278e474f86b0b1f4919a62ef0f> Line: 0)

NullReferenceException: Object reference not set to an instance of an object
  at TouchScript.Gestures.Base.TransformGestureBase.updateMinScreenPointsDistance () [0x0000d] in <76667e278e474f86b0b1f4919a62ef0f>:0 
  at TouchScript.Gestures.Base.TransformGestureBase.OnEnable () [0x00006] in <76667e278e474f86b0b1f4919a62ef0f>:0 
  at TouchScript.Gestures.TransformGesture.OnEnable () [0x00000] in <76667e278e474f86b0b1f4919a62ef0f>:0 
UnityEngine.GameObject:Internal_AddComponentWithType(Type)
UnityEngine.GameObject:AddComponent(Type)
UnityEngine.GameObject:AddComponent()
TouchHandlerScript:Awake()
 
(Filename: <76667e278e474f86b0b1f4919a62ef0f> Line: 0)

NullReferenceException: Object reference not set to an instance of an object
  at TouchScript.Gestures.Base.TransformGestureBase.updateMinScreenPointsDistance () [0x0000d] in <76667e278e474f86b0b1f4919a62ef0f>:0 
  at TouchScript.Gestures.Base.TransformGestureBase.OnEnable () [0x00006] in <76667e278e474f86b0b1f4919a62ef0f>:0 
  at TouchScript.Gestures.TransformGesture.OnEnable () [0x00000] in <76667e278e474f86b0b1f4919a62ef0f>:0 
UnityEngine.GameObject:Internal_AddComponentWithType(Type)
UnityEngine.GameObject:AddComponent(Type)
UnityEngine.GameObject:AddComponent()
TouchHandlerScript:Awake()
 
(Filename: <76667e278e474f86b0b1f4919a62ef0f> Line: 0)

NullReferenceException: Object reference not set to an instance of an object
  at TouchScript.Gestures.LongPressGesture.set_DistanceLimit (System.Single value) [0x00014] in <76667e278e474f86b0b1f4919a62ef0f>:0 
  at TouchHandlerScript.Awake () [0x000e9] in <b337bd33a8d7440c82621797f524edd5>:0 
 
(Filename: <76667e278e474f86b0b1f4919a62ef0f> Line: 0)

NullReferenceException: Object reference not set to an instance of an object
  at TouchScript.Gestures.TapGesture.OnEnable () [0x00013] in <76667e278e474f86b0b1f4919a62ef0f>:0 
UnityEngine.GameObject:Internal_AddComponentWithType(Type)
UnityEngine.GameObject:AddComponent(Type)
UnityEngine.GameObject:AddComponent()
TouchHandlerScript:Awake()
 
(Filename: <76667e278e474f86b0b1f4919a62ef0f> Line: 0)

NullReferenceException: Object reference not set to an instance of an object
  at TouchScript.Gestures.TapGesture.OnEnable () [0x00013] in <76667e278e474f86b0b1f4919a62ef0f>:0 
UnityEngine.GameObject:Internal_AddComponentWithType(Type)
UnityEngine.GameObject:AddComponent(Type)
UnityEngine.GameObject:AddComponent()
TouchHandlerScript:Awake()
 
(Filename: <76667e278e474f86b0b1f4919a62ef0f> Line: 0)

NullReferenceException: Object reference not set to an instance of an object
  at TouchScript.Gestures.LongPressGesture.OnEnable () [0x00013] in <76667e278e474f86b0b1f4919a62ef0f>:0 
UnityEngine.GameObject:Internal_AddComponentWithType(Type)
UnityEngine.GameObject:AddComponent(Type)
UnityEngine.GameObject:AddComponent()
TouchHandlerScript:Awake()
 
(Filename: <76667e278e474f86b0b1f4919a62ef0f> Line: 0)

NullReferenceException: Object reference not set to an instance of an object
  at TouchScript.Gestures.Base.TransformGestureBase.updateMinScreenPointsDistance () [0x0000d] in <76667e278e474f86b0b1f4919a62ef0f>:0 
  at TouchScript.Gestures.Base.TransformGestureBase.OnEnable () [0x00006] in <76667e278e474f86b0b1f4919a62ef0f>:0 
  at TouchScript.Gestures.TransformGesture.OnEnable () [0x00000] in <76667e278e474f86b0b1f4919a62ef0f>:0 
UnityEngine.GameObject:Internal_AddComponentWithType(Type)
UnityEngine.GameObject:AddComponent(Type)
UnityEngine.GameObject:AddComponent()
TouchHandlerScript:Awake()
 
(Filename: <76667e278e474f86b0b1f4919a62ef0f> Line: 0)

NullReferenceException: Object reference not set to an instance of an object
  at TouchScript.Gestures.Base.TransformGestureBase.updateMinScreenPointsDistance () [0x0000d] in <76667e278e474f86b0b1f4919a62ef0f>:0 
  at TouchScript.Gestures.Base.TransformGestureBase.OnEnable () [0x00006] in <76667e278e474f86b0b1f4919a62ef0f>:0 
  at TouchScript.Gestures.TransformGesture.OnEnable () [0x00000] in <76667e278e474f86b0b1f4919a62ef0f>:0 
UnityEngine.GameObject:Internal_AddComponentWithType(Type)
UnityEngine.GameObject:AddComponent(Type)
UnityEngine.GameObject:AddComponent()
TouchHandlerScript:Awake()
 
(Filename: <76667e278e474f86b0b1f4919a62ef0f> Line: 0)

NullReferenceException: Object reference not set to an instance of an object
  at TouchScript.Gestures.Base.TransformGestureBase.updateMinScreenPointsDistance () [0x0000d] in <76667e278e474f86b0b1f4919a62ef0f>:0 
  at TouchScript.Gestures.Base.TransformGestureBase.OnEnable () [0x00006] in <76667e278e474f86b0b1f4919a62ef0f>:0 
  at TouchScript.Gestures.TransformGesture.OnEnable () [0x00000] in <76667e278e474f86b0b1f4919a62ef0f>:0 
UnityEngine.GameObject:Internal_AddComponentWithType(Type)
UnityEngine.GameObject:AddComponent(Type)
UnityEngine.GameObject:AddComponent()
TouchHandlerScript:Awake()
 
(Filename: <76667e278e474f86b0b1f4919a62ef0f> Line: 0)

NullReferenceException: Object reference not set to an instance of an object
  at TouchScript.Gestures.LongPressGesture.set_DistanceLimit (System.Single value) [0x00014] in <76667e278e474f86b0b1f4919a62ef0f>:0 
  at TouchHandlerScript.Awake () [0x000e9] in <b337bd33a8d7440c82621797f524edd5>:0 
 
(Filename: <76667e278e474f86b0b1f4919a62ef0f> Line: 0)

NullReferenceException: Object reference not set to an instance of an object
  at TouchScript.Gestures.TapGesture.OnEnable () [0x00013] in <76667e278e474f86b0b1f4919a62ef0f>:0 
UnityEngine.GameObject:Internal_AddComponentWithType(Type)
UnityEngine.GameObject:AddComponent(Type)
UnityEngine.GameObject:AddComponent()
TouchHandlerScript:Awake()
 
(Filename: <76667e278e474f86b0b1f4919a62ef0f> Line: 0)

NullReferenceException: Object reference not set to an instance of an object
  at TouchScript.Gestures.TapGesture.OnEnable () [0x00013] in <76667e278e474f86b0b1f4919a62ef0f>:0 
UnityEngine.GameObject:Internal_AddComponentWithType(Type)
UnityEngine.GameObject:AddComponent(Type)
UnityEngine.GameObject:AddComponent()
TouchHandlerScript:Awake()
 
(Filename: <76667e278e474f86b0b1f4919a62ef0f> Line: 0)

NullReferenceException: Object reference not set to an instance of an object
  at TouchScript.Gestures.LongPressGesture.OnEnable () [0x00013] in <76667e278e474f86b0b1f4919a62ef0f>:0 
UnityEngine.GameObject:Internal_AddComponentWithType(Type)
UnityEngine.GameObject:AddComponent(Type)
UnityEngine.GameObject:AddComponent()
TouchHandlerScript:Awake()
 
(Filename: <76667e278e474f86b0b1f4919a62ef0f> Line: 0)

NullReferenceException: Object reference not set to an instance of an object
  at TouchScript.Gestures.Base.TransformGestureBase.updateMinScreenPointsDistance () [0x0000d] in <76667e278e474f86b0b1f4919a62ef0f>:0 
  at TouchScript.Gestures.Base.TransformGestureBase.OnEnable () [0x00006] in <76667e278e474f86b0b1f4919a62ef0f>:0 
  at TouchScript.Gestures.TransformGesture.OnEnable () [0x00000] in <76667e278e474f86b0b1f4919a62ef0f>:0 
UnityEngine.GameObject:Internal_AddComponentWithType(Type)
UnityEngine.GameObject:AddComponent(Type)
UnityEngine.GameObject:AddComponent()
TouchHandlerScript:Awake()
 
(Filename: <76667e278e474f86b0b1f4919a62ef0f> Line: 0)

NullReferenceException: Object reference not set to an instance of an object
  at TouchScript.Gestures.Base.TransformGestureBase.updateMinScreenPointsDistance () [0x0000d] in <76667e278e474f86b0b1f4919a62ef0f>:0 
  at TouchScript.Gestures.Base.TransformGestureBase.OnEnable () [0x00006] in <76667e278e474f86b0b1f4919a62ef0f>:0 
  at TouchScript.Gestures.TransformGesture.OnEnable () [0x00000] in <76667e278e474f86b0b1f4919a62ef0f>:0 
UnityEngine.GameObject:Internal_AddComponentWithType(Type)
UnityEngine.GameObject:AddComponent(Type)
UnityEngine.GameObject:AddComponent()
TouchHandlerScript:Awake()
 
(Filename: <76667e278e474f86b0b1f4919a62ef0f> Line: 0)

NullReferenceException: Object reference not set to an instance of an object
  at TouchScript.Gestures.Base.TransformGestureBase.updateMinScreenPointsDistance () [0x0000d] in <76667e278e474f86b0b1f4919a62ef0f>:0 
  at TouchScript.Gestures.Base.TransformGestureBase.OnEnable () [0x00006] in <76667e278e474f86b0b1f4919a62ef0f>:0 
  at TouchScript.Gestures.TransformGesture.OnEnable () [0x00000] in <76667e278e474f86b0b1f4919a62ef0f>:0 
UnityEngine.GameObject:Internal_AddComponentWithType(Type)
UnityEngine.GameObject:AddComponent(Type)
UnityEngine.GameObject:AddComponent()
TouchHandlerScript:Awake()
 
(Filename: <76667e278e474f86b0b1f4919a62ef0f> Line: 0)

NullReferenceException: Object reference not set to an instance of an object
  at TouchScript.Gestures.LongPressGesture.set_DistanceLimit (System.Single value) [0x00014] in <76667e278e474f86b0b1f4919a62ef0f>:0 
  at TouchHandlerScript.Awake () [0x000e9] in <b337bd33a8d7440c82621797f524edd5>:0 
 
(Filename: <76667e278e474f86b0b1f4919a62ef0f> Line: 0)

DontDestroyOnLoad only works for root GameObjects or components on root GameObjects.
 
(Filename: ./Runtime/SceneManager/SceneManager.cpp Line: 559)

NullReferenceException: Object reference not set to an instance of an object
  at TouchScript.Gestures.TapGesture.OnEnable () [0x00013] in <76667e278e474f86b0b1f4919a62ef0f>:0 
UnityEngine.GameObject:Internal_AddComponentWithType(Type)
UnityEngine.GameObject:AddComponent(Type)
UnityEngine.GameObject:AddComponent()
TouchHandlerScript:Awake()
 
(Filename: <76667e278e474f86b0b1f4919a62ef0f> Line: 0)

NullReferenceException: Object reference not set to an instance of an object
  at TouchScript.Gestures.TapGesture.OnEnable () [0x00013] in <76667e278e474f86b0b1f4919a62ef0f>:0 
UnityEngine.GameObject:Internal_AddComponentWithType(Type)
UnityEngine.GameObject:AddComponent(Type)
UnityEngine.GameObject:AddComponent()
TouchHandlerScript:Awake()
 
(Filename: <76667e278e474f86b0b1f4919a62ef0f> Line: 0)

NullReferenceException: Object reference not set to an instance of an object
  at TouchScript.Gestures.LongPressGesture.OnEnable () [0x00013] in <76667e278e474f86b0b1f4919a62ef0f>:0 
UnityEngine.GameObject:Internal_AddComponentWithType(Type)
UnityEngine.GameObject:AddComponent(Type)
UnityEngine.GameObject:AddComponent()
TouchHandlerScript:Awake()
 
(Filename: <76667e278e474f86b0b1f4919a62ef0f> Line: 0)

NullReferenceException: Object reference not set to an instance of an object
  at TouchScript.Gestures.Base.TransformGestureBase.updateMinScreenPointsDistance () [0x0000d] in <76667e278e474f86b0b1f4919a62ef0f>:0 
  at TouchScript.Gestures.Base.TransformGestureBase.OnEnable () [0x00006] in <76667e278e474f86b0b1f4919a62ef0f>:0 
  at TouchScript.Gestures.TransformGesture.OnEnable () [0x00000] in <76667e278e474f86b0b1f4919a62ef0f>:0 
UnityEngine.GameObject:Internal_AddComponentWithType(Type)
UnityEngine.GameObject:AddComponent(Type)
UnityEngine.GameObject:AddComponent()
TouchHandlerScript:Awake()
 
(Filename: <76667e278e474f86b0b1f4919a62ef0f> Line: 0)

NullReferenceException: Object reference not set to an instance of an object
  at TouchScript.Gestures.Base.TransformGestureBase.updateMinScreenPointsDistance () [0x0000d] in <76667e278e474f86b0b1f4919a62ef0f>:0 
  at TouchScript.Gestures.Base.TransformGestureBase.OnEnable () [0x00006] in <76667e278e474f86b0b1f4919a62ef0f>:0 
  at TouchScript.Gestures.TransformGesture.OnEnable () [0x00000] in <76667e278e474f86b0b1f4919a62ef0f>:0 
UnityEngine.GameObject:Internal_AddComponentWithType(Type)
UnityEngine.GameObject:AddComponent(Type)
UnityEngine.GameObject:AddComponent()
TouchHandlerScript:Awake()
 
(Filename: <76667e278e474f86b0b1f4919a62ef0f> Line: 0)

NullReferenceException: Object reference not set to an instance of an object
  at TouchScript.Gestures.Base.TransformGestureBase.updateMinScreenPointsDistance () [0x0000d] in <76667e278e474f86b0b1f4919a62ef0f>:0 
  at TouchScript.Gestures.Base.TransformGestureBase.OnEnable () [0x00006] in <76667e278e474f86b0b1f4919a62ef0f>:0 
  at TouchScript.Gestures.TransformGesture.OnEnable () [0x00000] in <76667e278e474f86b0b1f4919a62ef0f>:0 
UnityEngine.GameObject:Internal_AddComponentWithType(Type)
UnityEngine.GameObject:AddComponent(Type)
UnityEngine.GameObject:AddComponent()
TouchHandlerScript:Awake()
 
(Filename: <76667e278e474f86b0b1f4919a62ef0f> Line: 0)

NullReferenceException: Object reference not set to an instance of an object
  at TouchScript.Gestures.LongPressGesture.set_DistanceLimit (System.Single value) [0x00014] in <76667e278e474f86b0b1f4919a62ef0f>:0 
  at TouchHandlerScript.Awake () [0x000e9] in <b337bd33a8d7440c82621797f524edd5>:0 
 
(Filename: <76667e278e474f86b0b1f4919a62ef0f> Line: 0)

Setting up 6 worker threads for Enlighten.
  Thread -> id: 7f2a8b6c1700 -> priority: 1 
  Thread -> id: 7f2b5affd700 -> priority: 1 
  Thread -> id: 7f2a7d2a8700 -> priority: 1 
  Thread -> id: 7f2beddf9700 -> priority: 1 
  Thread -> id: 7f2b85fb3700 -> priority: 1 
  Thread -> id: 7f2b857b2700 -> priority: 1 
Can't add component to object that is being destroyed.
 
(Filename: ./Runtime/Export/Scripting/GameObjectExport.cpp Line: 97)

NullReferenceException: Object reference not set to an instance of an object
  at ChatTab.OnDestroy () [0x0001c] in <b337bd33a8d7440c82621797f524edd5>:0 
 
(Filename: <b337bd33a8d7440c82621797f524edd5> Line: 0)

Can't add component to object that is being destroyed.
 
(Filename: ./Runtime/Export/Scripting/GameObjectExport.cpp Line: 97)

NullReferenceException: Object reference not set to an instance of an object
  at UISettings.OnDestroy () [0x0000b] in <b337bd33a8d7440c82621797f524edd5>:0 
 
(Filename: <b337bd33a8d7440c82621797f524edd5> Line: 0)

NullReferenceException: Object reference not set to an instance of an object
  at SteamVoiceP2PCommsNetwork.OnDestroy () [0x00006] in <b337bd33a8d7440c82621797f524edd5>:0 
 
(Filename: <b337bd33a8d7440c82621797f524edd5> Line: 0)

NullReferenceException: Object reference not set to an instance of an object
  at GizmoScript.OnDestroy () [0x00027] in <b337bd33a8d7440c82621797f524edd5>:0 
 
(Filename: <b337bd33a8d7440c82621797f524edd5> Line: 0)

