2019-05-23T22:45:19.595560824-05:00 [ERROR] log_panics:thread 'unnamed' panicked at 'called `Result::unwrap()` on an `Err` value: IoError(Os { code: 32, kind: BrokenPipe, message: "Broken pipe" })': src/libcore/result.rs:997
stack backtrace:
   0: log_panics::init::{{closure}}::h4b9c12c248a8574c (0x55f3f81d6389)
   1: rust_panic_with_hook (0x55f3f84db4d8)
             at src/libstd/panicking.rs:482
   2: continue_panic_fmt (0x55f3f84daf71)
             at src/libstd/panicking.rs:385
   3: rust_begin_unwind (0x55f3f84dae55)
   4: panic_fmt (0x55f3f84f8d5c)
             at src/libcore/panicking.rs:85
   5: core::result::unwrap_failed::h503a612c23cc6281 (0x55f3f8285b08)
   6: std::sys_common::backtrace::__rust_begin_short_backtrace::h25e16e1b128a191f (0x55f3f8282eb6)
   7: std::panicking::try::do_call::h411ea380f77d8867 (0x55f3f828afc5)
   8: __rust_maybe_catch_panic (0x55f3f84e4f79)
             at src/libpanic_unwind/lib.rs:87
   9: <F as alloc::boxed::FnBox<A>>::call_box::h9a0be654f21cdeb3 (0x55f3f828e667)
  10: call_once<(),()> (0x55f3f84e42ed)
             at /rustc/6c2484dc3c532c052f159264e970278d8b77cdc9/src/liballoc/boxed.rs:759
      start_thread
             at src/libstd/sys_common/thread.rs:14
      thread_start
             at src/libstd/sys/unix/thread.rs:81
  11: start_thread (0x7f9a8dd08a91)
  12: __clone (0x7f9a8dc1ccd2)
  13: <unknown> (0x0)
2019-05-23T22:47:23.693182943-05:00 [ERROR] log_panics:thread 'unnamed' panicked at 'called `Result::unwrap()` on an `Err` value: IoError(Os { code: 32, kind: BrokenPipe, message: "Broken pipe" })': src/libcore/result.rs:997
stack backtrace:
   0: log_panics::init::{{closure}}::h4b9c12c248a8574c (0x55f3f81d6389)
   1: rust_panic_with_hook (0x55f3f84db4d8)
             at src/libstd/panicking.rs:482
   2: continue_panic_fmt (0x55f3f84daf71)
             at src/libstd/panicking.rs:385
   3: rust_begin_unwind (0x55f3f84dae55)
   4: panic_fmt (0x55f3f84f8d5c)
             at src/libcore/panicking.rs:85
   5: core::result::unwrap_failed::h503a612c23cc6281 (0x55f3f8285b08)
   6: std::sys_common::backtrace::__rust_begin_short_backtrace::h25e16e1b128a191f (0x55f3f8282eb6)
   7: std::panicking::try::do_call::h411ea380f77d8867 (0x55f3f828afc5)
   8: __rust_maybe_catch_panic (0x55f3f84e4f79)
             at src/libpanic_unwind/lib.rs:87
   9: <F as alloc::boxed::FnBox<A>>::call_box::h9a0be654f21cdeb3 (0x55f3f828e667)
  10: call_once<(),()> (0x55f3f84e42ed)
             at /rustc/6c2484dc3c532c052f159264e970278d8b77cdc9/src/liballoc/boxed.rs:759
      start_thread
             at src/libstd/sys_common/thread.rs:14
      thread_start
             at src/libstd/sys/unix/thread.rs:81
  11: start_thread (0x7f9a8dd08a91)
  12: __clone (0x7f9a8dc1ccd2)
  13: <unknown> (0x0)
2019-05-23T22:47:25.203209364-05:00 [ERROR] log_panics:thread 'unnamed' panicked at 'called `Result::unwrap()` on an `Err` value: IoError(Os { code: 32, kind: BrokenPipe, message: "Broken pipe" })': src/libcore/result.rs:997
stack backtrace:
   0: log_panics::init::{{closure}}::h4b9c12c248a8574c (0x55f3f81d6389)
   1: rust_panic_with_hook (0x55f3f84db4d8)
             at src/libstd/panicking.rs:482
   2: continue_panic_fmt (0x55f3f84daf71)
             at src/libstd/panicking.rs:385
   3: rust_begin_unwind (0x55f3f84dae55)
   4: panic_fmt (0x55f3f84f8d5c)
             at src/libcore/panicking.rs:85
   5: core::result::unwrap_failed::h503a612c23cc6281 (0x55f3f8285b08)
   6: std::sys_common::backtrace::__rust_begin_short_backtrace::h25e16e1b128a191f (0x55f3f8282eb6)
   7: std::panicking::try::do_call::h411ea380f77d8867 (0x55f3f828afc5)
   8: __rust_maybe_catch_panic (0x55f3f84e4f79)
             at src/libpanic_unwind/lib.rs:87
   9: <F as alloc::boxed::FnBox<A>>::call_box::h9a0be654f21cdeb3 (0x55f3f828e667)
  10: call_once<(),()> (0x55f3f84e42ed)
             at /rustc/6c2484dc3c532c052f159264e970278d8b77cdc9/src/liballoc/boxed.rs:759
      start_thread
             at src/libstd/sys_common/thread.rs:14
      thread_start
             at src/libstd/sys/unix/thread.rs:81
  11: start_thread (0x7f9a8dd08a91)
  12: __clone (0x7f9a8dc1ccd2)
  13: <unknown> (0x0)
2019-05-23T22:47:48.988771897-05:00 [ERROR] log_panics:thread 'unnamed' panicked at 'called `Result::unwrap()` on an `Err` value: IoError(Os { code: 32, kind: BrokenPipe, message: "Broken pipe" })': src/libcore/result.rs:997
stack backtrace:
   0: log_panics::init::{{closure}}::h4b9c12c248a8574c (0x55f3f81d6389)
   1: rust_panic_with_hook (0x55f3f84db4d8)
             at src/libstd/panicking.rs:482
   2: continue_panic_fmt (0x55f3f84daf71)
             at src/libstd/panicking.rs:385
   3: rust_begin_unwind (0x55f3f84dae55)
   4: panic_fmt (0x55f3f84f8d5c)
             at src/libcore/panicking.rs:85
   5: core::result::unwrap_failed::h503a612c23cc6281 (0x55f3f8285b08)
   6: std::sys_common::backtrace::__rust_begin_short_backtrace::h25e16e1b128a191f (0x55f3f8282eb6)
   7: std::panicking::try::do_call::h411ea380f77d8867 (0x55f3f828afc5)
   8: __rust_maybe_catch_panic (0x55f3f84e4f79)
             at src/libpanic_unwind/lib.rs:87
   9: <F as alloc::boxed::FnBox<A>>::call_box::h9a0be654f21cdeb3 (0x55f3f828e667)
  10: call_once<(),()> (0x55f3f84e42ed)
             at /rustc/6c2484dc3c532c052f159264e970278d8b77cdc9/src/liballoc/boxed.rs:759
      start_thread
             at src/libstd/sys_common/thread.rs:14
      thread_start
             at src/libstd/sys/unix/thread.rs:81
  11: start_thread (0x7f9a8dd08a91)
  12: __clone (0x7f9a8dc1ccd2)
  13: <unknown> (0x0)
2019-05-23T22:59:38.987246645-05:00 [ERROR] log_panics:thread 'unnamed' panicked at 'called `Result::unwrap()` on an `Err` value: IoError(Os { code: 32, kind: BrokenPipe, message: "Broken pipe" })': src/libcore/result.rs:997
stack backtrace:
   0: log_panics::init::{{closure}}::h4b9c12c248a8574c (0x5635c0e76389)
   1: rust_panic_with_hook (0x5635c117b4d8)
             at src/libstd/panicking.rs:482
   2: continue_panic_fmt (0x5635c117af71)
             at src/libstd/panicking.rs:385
   3: rust_begin_unwind (0x5635c117ae55)
   4: panic_fmt (0x5635c1198d5c)
             at src/libcore/panicking.rs:85
   5: core::result::unwrap_failed::h503a612c23cc6281 (0x5635c0f25b08)
   6: std::sys_common::backtrace::__rust_begin_short_backtrace::h25e16e1b128a191f (0x5635c0f22eb6)
   7: std::panicking::try::do_call::h411ea380f77d8867 (0x5635c0f2afc5)
   8: __rust_maybe_catch_panic (0x5635c1184f79)
             at src/libpanic_unwind/lib.rs:87
   9: <F as alloc::boxed::FnBox<A>>::call_box::h9a0be654f21cdeb3 (0x5635c0f2e667)
  10: call_once<(),()> (0x5635c11842ed)
             at /rustc/6c2484dc3c532c052f159264e970278d8b77cdc9/src/liballoc/boxed.rs:759
      start_thread
             at src/libstd/sys_common/thread.rs:14
      thread_start
             at src/libstd/sys/unix/thread.rs:81
  11: start_thread (0x7fd4e92cda91)
  12: __clone (0x7fd4e91e1cd2)
  13: <unknown> (0x0)
2019-05-23T22:59:39.944673911-05:00 [ERROR] log_panics:thread 'unnamed' panicked at 'called `Result::unwrap()` on an `Err` value: IoError(Os { code: 32, kind: BrokenPipe, message: "Broken pipe" })': src/libcore/result.rs:997
stack backtrace:
   0: log_panics::init::{{closure}}::h4b9c12c248a8574c (0x5635c0e76389)
   1: rust_panic_with_hook (0x5635c117b4d8)
             at src/libstd/panicking.rs:482
   2: continue_panic_fmt (0x5635c117af71)
             at src/libstd/panicking.rs:385
   3: rust_begin_unwind (0x5635c117ae55)
   4: panic_fmt (0x5635c1198d5c)
             at src/libcore/panicking.rs:85
   5: core::result::unwrap_failed::h503a612c23cc6281 (0x5635c0f25b08)
   6: std::sys_common::backtrace::__rust_begin_short_backtrace::h25e16e1b128a191f (0x5635c0f22eb6)
   7: std::panicking::try::do_call::h411ea380f77d8867 (0x5635c0f2afc5)
   8: __rust_maybe_catch_panic (0x5635c1184f79)
             at src/libpanic_unwind/lib.rs:87
   9: <F as alloc::boxed::FnBox<A>>::call_box::h9a0be654f21cdeb3 (0x5635c0f2e667)
  10: call_once<(),()> (0x5635c11842ed)
             at /rustc/6c2484dc3c532c052f159264e970278d8b77cdc9/src/liballoc/boxed.rs:759
      start_thread
             at src/libstd/sys_common/thread.rs:14
      thread_start
             at src/libstd/sys/unix/thread.rs:81
  11: start_thread (0x7fd4e92cda91)
  12: __clone (0x7fd4e91e1cd2)
  13: <unknown> (0x0)
2019-05-23T23:05:02.613006246-05:00 [ERROR] log_panics:thread 'unnamed' panicked at 'called `Result::unwrap()` on an `Err` value: IoError(Os { code: 32, kind: BrokenPipe, message: "Broken pipe" })': src/libcore/result.rs:997
stack backtrace:
   0: log_panics::init::{{closure}}::h4b9c12c248a8574c (0x5635c0e76389)
   1: rust_panic_with_hook (0x5635c117b4d8)
             at src/libstd/panicking.rs:482
   2: continue_panic_fmt (0x5635c117af71)
             at src/libstd/panicking.rs:385
   3: rust_begin_unwind (0x5635c117ae55)
   4: panic_fmt (0x5635c1198d5c)
             at src/libcore/panicking.rs:85
   5: core::result::unwrap_failed::h503a612c23cc6281 (0x5635c0f25b08)
   6: std::sys_common::backtrace::__rust_begin_short_backtrace::h25e16e1b128a191f (0x5635c0f22eb6)
   7: std::panicking::try::do_call::h411ea380f77d8867 (0x5635c0f2afc5)
   8: __rust_maybe_catch_panic (0x5635c1184f79)
             at src/libpanic_unwind/lib.rs:87
   9: <F as alloc::boxed::FnBox<A>>::call_box::h9a0be654f21cdeb3 (0x5635c0f2e667)
  10: call_once<(),()> (0x5635c11842ed)
             at /rustc/6c2484dc3c532c052f159264e970278d8b77cdc9/src/liballoc/boxed.rs:759
      start_thread
             at src/libstd/sys_common/thread.rs:14
      thread_start
             at src/libstd/sys/unix/thread.rs:81
  11: start_thread (0x7fd4e92cda91)
  12: __clone (0x7fd4e91e1cd2)
  13: <unknown> (0x0)
2019-05-23T23:06:44.795884251-05:00 [ERROR] log_panics:thread 'unnamed' panicked at 'called `Result::unwrap()` on an `Err` value: IoError(Os { code: 32, kind: BrokenPipe, message: "Broken pipe" })': src/libcore/result.rs:997
stack backtrace:
   0: log_panics::init::{{closure}}::h4b9c12c248a8574c (0x5635c0e76389)
   1: rust_panic_with_hook (0x5635c117b4d8)
             at src/libstd/panicking.rs:482
   2: continue_panic_fmt (0x5635c117af71)
             at src/libstd/panicking.rs:385
   3: rust_begin_unwind (0x5635c117ae55)
   4: panic_fmt (0x5635c1198d5c)
             at src/libcore/panicking.rs:85
   5: core::result::unwrap_failed::h503a612c23cc6281 (0x5635c0f25b08)
   6: std::sys_common::backtrace::__rust_begin_short_backtrace::h25e16e1b128a191f (0x5635c0f22eb6)
   7: std::panicking::try::do_call::h411ea380f77d8867 (0x5635c0f2afc5)
   8: __rust_maybe_catch_panic (0x5635c1184f79)
             at src/libpanic_unwind/lib.rs:87
   9: <F as alloc::boxed::FnBox<A>>::call_box::h9a0be654f21cdeb3 (0x5635c0f2e667)
  10: call_once<(),()> (0x5635c11842ed)
             at /rustc/6c2484dc3c532c052f159264e970278d8b77cdc9/src/liballoc/boxed.rs:759
      start_thread
             at src/libstd/sys_common/thread.rs:14
      thread_start
             at src/libstd/sys/unix/thread.rs:81
  11: start_thread (0x7fd4e92cda91)
  12: __clone (0x7fd4e91e1cd2)
  13: <unknown> (0x0)
2019-06-12T14:59:59.806944369-05:00 [ERROR] log_panics:thread 'unnamed' panicked at 'called `Result::unwrap()` on an `Err` value: IoError(Os { code: 32, kind: BrokenPipe, message: "Broken pipe" })': src/libcore/result.rs:997
stack backtrace:
   0: log_panics::init::{{closure}}::h4b9c12c248a8574c (0x56495d283389)
   1: rust_panic_with_hook (0x56495d5884d8)
             at src/libstd/panicking.rs:482
   2: continue_panic_fmt (0x56495d587f71)
             at src/libstd/panicking.rs:385
   3: rust_begin_unwind (0x56495d587e55)
   4: panic_fmt (0x56495d5a5d5c)
             at src/libcore/panicking.rs:85
   5: core::result::unwrap_failed::h503a612c23cc6281 (0x56495d332b08)
   6: std::sys_common::backtrace::__rust_begin_short_backtrace::h25e16e1b128a191f (0x56495d32feb6)
   7: std::panicking::try::do_call::h411ea380f77d8867 (0x56495d337fc5)
   8: __rust_maybe_catch_panic (0x56495d591f79)
             at src/libpanic_unwind/lib.rs:87
   9: <F as alloc::boxed::FnBox<A>>::call_box::h9a0be654f21cdeb3 (0x56495d33b667)
  10: call_once<(),()> (0x56495d5912ed)
             at /rustc/6c2484dc3c532c052f159264e970278d8b77cdc9/src/liballoc/boxed.rs:759
      start_thread
             at src/libstd/sys_common/thread.rs:14
      thread_start
             at src/libstd/sys/unix/thread.rs:81
  11: start_thread (0x7fb587d9aa91)
  12: __clone (0x7fb587caecd2)
  13: <unknown> (0x0)
