[2018-09-10 21:45:52.591] [exthost1] [info] extension host started
[2018-09-10 21:45:52.642] [exthost1] [info] ExtensionService#_doActivateExtension vscode.debug-auto-launch {"startup":true,"activationEvent":"*"}
[2018-09-10 21:45:52.642] [exthost1] [info] ExtensionService#loadCommonJSModule /usr/share/code/resources/app/extensions/debug-auto-launch/out/extension
[2018-09-10 21:45:52.668] [exthost1] [info] ExtensionService#_doActivateExtension vscode.emmet {"startup":true,"activationEvent":"*"}
[2018-09-10 21:45:52.668] [exthost1] [info] ExtensionService#loadCommonJSModule /usr/share/code/resources/app/extensions/emmet/dist/extension
[2018-09-10 21:45:52.774] [exthost1] [info] ExtensionService#_doActivateExtension vscode.git {"startup":true,"activationEvent":"*"}
[2018-09-10 21:45:52.774] [exthost1] [info] ExtensionService#loadCommonJSModule /usr/share/code/resources/app/extensions/git/dist/main
[2018-09-10 21:45:53.136] [exthost1] [info] ExtensionService#_doActivateExtension vscode.merge-conflict {"startup":true,"activationEvent":"*"}
[2018-09-10 21:45:53.136] [exthost1] [info] ExtensionService#loadCommonJSModule /usr/share/code/resources/app/extensions/merge-conflict/out/extension
[2018-09-10 21:45:53.156] [exthost1] [info] ExtensionService#_doActivateExtension vscode.search-rg {"startup":true,"activationEvent":"*"}
[2018-09-10 21:45:53.156] [exthost1] [info] ExtensionService#loadCommonJSModule /usr/share/code/resources/app/extensions/search-rg/out/extension
[2018-09-10 21:45:53.167] [exthost1] [info] eager extensions activated
[2018-09-10 21:46:37.164] [exthost1] [info] extension host started
[2018-09-10 21:46:37.185] [exthost1] [info] ExtensionService#_doActivateExtension vscode.debug-auto-launch {"startup":true,"activationEvent":"*"}
[2018-09-10 21:46:37.185] [exthost1] [info] ExtensionService#loadCommonJSModule /usr/share/code/resources/app/extensions/debug-auto-launch/out/extension
[2018-09-10 21:46:37.194] [exthost1] [info] ExtensionService#_doActivateExtension vscode.emmet {"startup":true,"activationEvent":"*"}
[2018-09-10 21:46:37.194] [exthost1] [info] ExtensionService#loadCommonJSModule /usr/share/code/resources/app/extensions/emmet/dist/extension
[2018-09-10 21:46:37.238] [exthost1] [info] ExtensionService#_doActivateExtension vscode.git {"startup":true,"activationEvent":"*"}
[2018-09-10 21:46:37.238] [exthost1] [info] ExtensionService#loadCommonJSModule /usr/share/code/resources/app/extensions/git/dist/main
[2018-09-10 21:46:37.421] [exthost1] [info] ExtensionService#_doActivateExtension vscode.merge-conflict {"startup":true,"activationEvent":"*"}
[2018-09-10 21:46:37.421] [exthost1] [info] ExtensionService#loadCommonJSModule /usr/share/code/resources/app/extensions/merge-conflict/out/extension
[2018-09-10 21:46:37.433] [exthost1] [info] ExtensionService#_doActivateExtension vscode.search-rg {"startup":true,"activationEvent":"*"}
[2018-09-10 21:46:37.433] [exthost1] [info] ExtensionService#loadCommonJSModule /usr/share/code/resources/app/extensions/search-rg/out/extension
[2018-09-10 21:46:37.439] [exthost1] [info] ExtensionService#_doActivateExtension dbaeumer.vscode-eslint {"startup":true,"activationEvent":"*"}
[2018-09-10 21:46:37.439] [exthost1] [info] ExtensionService#loadCommonJSModule /home/jbustamante/.vscode/extensions/dbaeumer.vscode-eslint-1.5.0/client/out/extension
[2018-09-10 21:46:37.503] [exthost1] [info] eager extensions activated
[2018-09-10 21:46:51.518] [exthost1] [info] extension host started
[2018-09-10 21:46:51.549] [exthost1] [info] ExtensionService#_doActivateExtension vscode.debug-auto-launch {"startup":true,"activationEvent":"*"}
[2018-09-10 21:46:51.549] [exthost1] [info] ExtensionService#loadCommonJSModule /usr/share/code/resources/app/extensions/debug-auto-launch/out/extension
[2018-09-10 21:46:51.559] [exthost1] [info] ExtensionService#_doActivateExtension vscode.emmet {"startup":true,"activationEvent":"*"}
[2018-09-10 21:46:51.559] [exthost1] [info] ExtensionService#loadCommonJSModule /usr/share/code/resources/app/extensions/emmet/dist/extension
[2018-09-10 21:46:51.612] [exthost1] [info] ExtensionService#_doActivateExtension vscode.git {"startup":true,"activationEvent":"*"}
[2018-09-10 21:46:51.612] [exthost1] [info] ExtensionService#loadCommonJSModule /usr/share/code/resources/app/extensions/git/dist/main
[2018-09-10 21:46:51.877] [exthost1] [info] ExtensionService#_doActivateExtension vscode.merge-conflict {"startup":true,"activationEvent":"*"}
[2018-09-10 21:46:51.877] [exthost1] [info] ExtensionService#loadCommonJSModule /usr/share/code/resources/app/extensions/merge-conflict/out/extension
[2018-09-10 21:46:51.896] [exthost1] [info] ExtensionService#_doActivateExtension vscode.search-rg {"startup":true,"activationEvent":"*"}
[2018-09-10 21:46:51.896] [exthost1] [info] ExtensionService#loadCommonJSModule /usr/share/code/resources/app/extensions/search-rg/out/extension
[2018-09-10 21:46:51.905] [exthost1] [info] ExtensionService#_doActivateExtension dbaeumer.vscode-eslint {"startup":true,"activationEvent":"*"}
[2018-09-10 21:46:51.905] [exthost1] [info] ExtensionService#loadCommonJSModule /home/jbustamante/.vscode/extensions/dbaeumer.vscode-eslint-1.5.0/client/out/extension
[2018-09-10 21:46:51.991] [exthost1] [info] eager extensions activated
[2018-09-10 21:46:59.436] [exthost1] [info] extension host started
[2018-09-10 21:46:59.457] [exthost1] [info] ExtensionService#_doActivateExtension vscode.debug-auto-launch {"startup":true,"activationEvent":"*"}
[2018-09-10 21:46:59.457] [exthost1] [info] ExtensionService#loadCommonJSModule /usr/share/code/resources/app/extensions/debug-auto-launch/out/extension
[2018-09-10 21:46:59.464] [exthost1] [info] ExtensionService#_doActivateExtension vscode.emmet {"startup":true,"activationEvent":"*"}
[2018-09-10 21:46:59.464] [exthost1] [info] ExtensionService#loadCommonJSModule /usr/share/code/resources/app/extensions/emmet/dist/extension
[2018-09-10 21:46:59.505] [exthost1] [info] ExtensionService#_doActivateExtension vscode.git {"startup":true,"activationEvent":"*"}
[2018-09-10 21:46:59.505] [exthost1] [info] ExtensionService#loadCommonJSModule /usr/share/code/resources/app/extensions/git/dist/main
[2018-09-10 21:46:59.685] [exthost1] [info] ExtensionService#_doActivateExtension vscode.merge-conflict {"startup":true,"activationEvent":"*"}
[2018-09-10 21:46:59.686] [exthost1] [info] ExtensionService#loadCommonJSModule /usr/share/code/resources/app/extensions/merge-conflict/out/extension
[2018-09-10 21:46:59.699] [exthost1] [info] ExtensionService#_doActivateExtension vscode.search-rg {"startup":true,"activationEvent":"*"}
[2018-09-10 21:46:59.699] [exthost1] [info] ExtensionService#loadCommonJSModule /usr/share/code/resources/app/extensions/search-rg/out/extension
[2018-09-10 21:46:59.704] [exthost1] [info] ExtensionService#_doActivateExtension dbaeumer.vscode-eslint {"startup":true,"activationEvent":"*"}
[2018-09-10 21:46:59.704] [exthost1] [info] ExtensionService#loadCommonJSModule /home/jbustamante/.vscode/extensions/dbaeumer.vscode-eslint-1.5.0/client/out/extension
[2018-09-10 21:46:59.766] [exthost1] [info] ExtensionService#_doActivateExtension vscodevim.vim {"startup":true,"activationEvent":"*"}
[2018-09-10 21:46:59.766] [exthost1] [info] ExtensionService#loadCommonJSModule /home/jbustamante/.vscode/extensions/vscodevim.vim-0.16.4/out/extension
[2018-09-10 21:47:00.180] [exthost1] [info] eager extensions activated
[2018-09-10 21:50:32.675] [exthost1] [info] extension host started
[2018-09-10 21:50:32.718] [exthost1] [info] ExtensionService#_doActivateExtension vscode.debug-auto-launch {"startup":true,"activationEvent":"*"}
[2018-09-10 21:50:32.718] [exthost1] [info] ExtensionService#loadCommonJSModule /usr/share/code/resources/app/extensions/debug-auto-launch/out/extension
[2018-09-10 21:50:32.730] [exthost1] [info] ExtensionService#_doActivateExtension vscode.emmet {"startup":true,"activationEvent":"*"}
[2018-09-10 21:50:32.730] [exthost1] [info] ExtensionService#loadCommonJSModule /usr/share/code/resources/app/extensions/emmet/dist/extension
[2018-09-10 21:50:32.806] [exthost1] [info] ExtensionService#_doActivateExtension vscode.git {"startup":true,"activationEvent":"*"}
[2018-09-10 21:50:32.806] [exthost1] [info] ExtensionService#loadCommonJSModule /usr/share/code/resources/app/extensions/git/dist/main
[2018-09-10 21:50:33.085] [exthost1] [info] ExtensionService#_doActivateExtension vscode.merge-conflict {"startup":true,"activationEvent":"*"}
[2018-09-10 21:50:33.085] [exthost1] [info] ExtensionService#loadCommonJSModule /usr/share/code/resources/app/extensions/merge-conflict/out/extension
[2018-09-10 21:50:33.113] [exthost1] [info] ExtensionService#_doActivateExtension vscode.search-rg {"startup":true,"activationEvent":"*"}
[2018-09-10 21:50:33.113] [exthost1] [info] ExtensionService#loadCommonJSModule /usr/share/code/resources/app/extensions/search-rg/out/extension
[2018-09-10 21:50:33.128] [exthost1] [info] ExtensionService#_doActivateExtension dbaeumer.vscode-eslint {"startup":true,"activationEvent":"*"}
[2018-09-10 21:50:33.128] [exthost1] [info] ExtensionService#loadCommonJSModule /home/jbustamante/.vscode/extensions/dbaeumer.vscode-eslint-1.5.0/client/out/extension
[2018-09-10 21:50:33.252] [exthost1] [info] ExtensionService#_doActivateExtension ms-vscode.cpptools {"startup":true,"activationEvent":"*"}
[2018-09-10 21:50:33.252] [exthost1] [info] ExtensionService#loadCommonJSModule /home/jbustamante/.vscode/extensions/ms-vscode.cpptools-0.18.1/out/src/main
[2018-09-10 21:50:33.636] [exthost1] [info] ExtensionService#_doActivateExtension mtxr.sqltools {"startup":true,"activationEvent":"*"}
[2018-09-10 21:50:33.636] [exthost1] [info] ExtensionService#loadCommonJSModule /home/jbustamante/.vscode/extensions/mtxr.sqltools-0.15.0/dist/sqltools
[2018-09-10 21:50:34.246] [exthost1] [info] ExtensionService#_doActivateExtension vscodevim.vim {"startup":true,"activationEvent":"*"}
[2018-09-10 21:50:34.246] [exthost1] [info] ExtensionService#loadCommonJSModule /home/jbustamante/.vscode/extensions/vscodevim.vim-0.16.4/out/extension
[2018-09-10 21:50:34.966] [exthost1] [info] ExtensionService#_doActivateExtension Zignd.html-css-class-completion {"startup":true,"activationEvent":"*"}
[2018-09-10 21:50:34.966] [exthost1] [info] ExtensionService#loadCommonJSModule /home/jbustamante/.vscode/extensions/zignd.html-css-class-completion-1.17.1/out/src/extension
[2018-09-10 21:50:35.347] [exthost1] [info] eager extensions activated
[2018-09-10 21:50:41.362] [exthost1] [info] ExtensionService#_doActivateExtension vsciot-vscode.vscode-arduino {"startup":true,"activationEvent":"*"}
[2018-09-10 21:50:41.362] [exthost1] [info] ExtensionService#loadCommonJSModule /home/jbustamante/.vscode/extensions/vsciot-vscode.vscode-arduino-0.2.20/out/src/extension
[2018-09-10 21:50:42.035] [exthost1] [info] ExtensionService#_doActivateExtension vscode.html-language-features {"startup":false,"activationEvent":"onLanguage:html"}
[2018-09-10 21:50:42.035] [exthost1] [info] ExtensionService#loadCommonJSModule /usr/share/code/resources/app/extensions/html-language-features/client/dist/htmlMain
[2018-09-10 21:50:42.266] [exthost1] [info] ExtensionService#_doActivateExtension PeterJausovec.vscode-docker {"startup":false,"activationEvent":"onView:dockerExplorer"}
[2018-09-10 21:50:42.266] [exthost1] [info] ExtensionService#loadCommonJSModule /home/jbustamante/.vscode/extensions/peterjausovec.vscode-docker-0.2.0/out/dockerExtension
[2018-09-10 21:52:16.444] [exthost1] [info] extension host started
[2018-09-10 21:52:16.478] [exthost1] [info] ExtensionService#_doActivateExtension vscode.debug-auto-launch {"startup":true,"activationEvent":"*"}
[2018-09-10 21:52:16.478] [exthost1] [info] ExtensionService#loadCommonJSModule /usr/share/code/resources/app/extensions/debug-auto-launch/out/extension
[2018-09-10 21:52:16.484] [exthost1] [info] ExtensionService#_doActivateExtension vscode.emmet {"startup":true,"activationEvent":"*"}
[2018-09-10 21:52:16.484] [exthost1] [info] ExtensionService#loadCommonJSModule /usr/share/code/resources/app/extensions/emmet/dist/extension
[2018-09-10 21:52:16.542] [exthost1] [info] ExtensionService#_doActivateExtension vscode.git {"startup":true,"activationEvent":"*"}
[2018-09-10 21:52:16.542] [exthost1] [info] ExtensionService#loadCommonJSModule /usr/share/code/resources/app/extensions/git/dist/main
[2018-09-10 21:52:16.713] [exthost1] [info] ExtensionService#_doActivateExtension vscode.merge-conflict {"startup":true,"activationEvent":"*"}
[2018-09-10 21:52:16.713] [exthost1] [info] ExtensionService#loadCommonJSModule /usr/share/code/resources/app/extensions/merge-conflict/out/extension
[2018-09-10 21:52:16.722] [exthost1] [info] ExtensionService#_doActivateExtension vscode.search-rg {"startup":true,"activationEvent":"*"}
[2018-09-10 21:52:16.722] [exthost1] [info] ExtensionService#loadCommonJSModule /usr/share/code/resources/app/extensions/search-rg/out/extension
[2018-09-10 21:52:16.730] [exthost1] [info] ExtensionService#_doActivateExtension dbaeumer.vscode-eslint {"startup":true,"activationEvent":"*"}
[2018-09-10 21:52:16.730] [exthost1] [info] ExtensionService#loadCommonJSModule /home/jbustamante/.vscode/extensions/dbaeumer.vscode-eslint-1.5.0/client/out/extension
[2018-09-10 21:52:16.785] [exthost1] [info] ExtensionService#_doActivateExtension ms-vscode.cpptools {"startup":true,"activationEvent":"*"}
[2018-09-10 21:52:16.785] [exthost1] [info] ExtensionService#loadCommonJSModule /home/jbustamante/.vscode/extensions/ms-vscode.cpptools-0.18.1/out/src/main
[2018-09-10 21:52:16.946] [exthost1] [info] ExtensionService#_doActivateExtension mtxr.sqltools {"startup":true,"activationEvent":"*"}
[2018-09-10 21:52:16.947] [exthost1] [info] ExtensionService#loadCommonJSModule /home/jbustamante/.vscode/extensions/mtxr.sqltools-0.15.0/dist/sqltools
[2018-09-10 21:52:17.462] [exthost1] [info] ExtensionService#_doActivateExtension vscodevim.vim {"startup":true,"activationEvent":"*"}
[2018-09-10 21:52:17.462] [exthost1] [info] ExtensionService#loadCommonJSModule /home/jbustamante/.vscode/extensions/vscodevim.vim-0.16.4/out/extension
[2018-09-10 21:52:17.799] [exthost1] [info] ExtensionService#_doActivateExtension Zignd.html-css-class-completion {"startup":true,"activationEvent":"*"}
[2018-09-10 21:52:17.799] [exthost1] [info] ExtensionService#loadCommonJSModule /home/jbustamante/.vscode/extensions/zignd.html-css-class-completion-1.17.1/out/src/extension
[2018-09-10 21:52:18.113] [exthost1] [info] ExtensionService#_doActivateExtension GrapeCity.gc-excelviewer {"startup":false,"activationEvent":"onLanguage:plaintext"}
[2018-09-10 21:52:18.113] [exthost1] [info] ExtensionService#loadCommonJSModule /home/jbustamante/.vscode/extensions/grapecity.gc-excelviewer-2.1.26/out/src/extension
[2018-09-10 21:52:19.074] [exthost1] [info] eager extensions activated
[2018-09-10 21:52:19.075] [exthost1] [info] ExtensionService#_doActivateExtension vsciot-vscode.vscode-arduino {"startup":true,"activationEvent":"*"}
[2018-09-10 21:52:19.075] [exthost1] [info] ExtensionService#loadCommonJSModule /home/jbustamante/.vscode/extensions/vsciot-vscode.vscode-arduino-0.2.20/out/src/extension
[2018-09-10 21:52:27.906] [exthost1] [info] extension host started
[2018-09-10 21:52:27.934] [exthost1] [info] ExtensionService#_doActivateExtension vscode.debug-auto-launch {"startup":true,"activationEvent":"*"}
[2018-09-10 21:52:27.935] [exthost1] [info] ExtensionService#loadCommonJSModule /usr/share/code/resources/app/extensions/debug-auto-launch/out/extension
[2018-09-10 21:52:27.946] [exthost1] [info] ExtensionService#_doActivateExtension vscode.emmet {"startup":true,"activationEvent":"*"}
[2018-09-10 21:52:27.946] [exthost1] [info] ExtensionService#loadCommonJSModule /usr/share/code/resources/app/extensions/emmet/dist/extension
[2018-09-10 21:52:27.990] [exthost1] [info] ExtensionService#_doActivateExtension vscode.git {"startup":true,"activationEvent":"*"}
[2018-09-10 21:52:27.990] [exthost1] [info] ExtensionService#loadCommonJSModule /usr/share/code/resources/app/extensions/git/dist/main
[2018-09-10 21:52:28.173] [exthost1] [info] ExtensionService#_doActivateExtension vscode.merge-conflict {"startup":true,"activationEvent":"*"}
[2018-09-10 21:52:28.173] [exthost1] [info] ExtensionService#loadCommonJSModule /usr/share/code/resources/app/extensions/merge-conflict/out/extension
[2018-09-10 21:52:28.184] [exthost1] [info] ExtensionService#_doActivateExtension vscode.search-rg {"startup":true,"activationEvent":"*"}
[2018-09-10 21:52:28.184] [exthost1] [info] ExtensionService#loadCommonJSModule /usr/share/code/resources/app/extensions/search-rg/out/extension
[2018-09-10 21:52:28.190] [exthost1] [info] ExtensionService#_doActivateExtension dbaeumer.vscode-eslint {"startup":true,"activationEvent":"*"}
[2018-09-10 21:52:28.190] [exthost1] [info] ExtensionService#loadCommonJSModule /home/jbustamante/.vscode/extensions/dbaeumer.vscode-eslint-1.5.0/client/out/extension
[2018-09-10 21:52:28.249] [exthost1] [info] ExtensionService#_doActivateExtension mtxr.sqltools {"startup":true,"activationEvent":"*"}
[2018-09-10 21:52:28.249] [exthost1] [info] ExtensionService#loadCommonJSModule /home/jbustamante/.vscode/extensions/mtxr.sqltools-0.15.0/dist/sqltools
[2018-09-10 21:52:28.795] [exthost1] [info] ExtensionService#_doActivateExtension ms-vscode.cpptools {"startup":true,"activationEvent":"*"}
[2018-09-10 21:52:28.795] [exthost1] [info] ExtensionService#loadCommonJSModule /home/jbustamante/.vscode/extensions/ms-vscode.cpptools-0.18.1/out/src/main
[2018-09-10 21:52:28.962] [exthost1] [info] ExtensionService#_doActivateExtension vscodevim.vim {"startup":true,"activationEvent":"*"}
[2018-09-10 21:52:28.962] [exthost1] [info] ExtensionService#loadCommonJSModule /home/jbustamante/.vscode/extensions/vscodevim.vim-0.16.4/out/extension
[2018-09-10 21:52:29.304] [exthost1] [info] ExtensionService#_doActivateExtension Zignd.html-css-class-completion {"startup":true,"activationEvent":"*"}
[2018-09-10 21:52:29.304] [exthost1] [info] ExtensionService#loadCommonJSModule /home/jbustamante/.vscode/extensions/zignd.html-css-class-completion-1.17.1/out/src/extension
[2018-09-10 21:52:29.632] [exthost1] [info] ExtensionService#_doActivateExtension GrapeCity.gc-excelviewer {"startup":false,"activationEvent":"onLanguage:plaintext"}
[2018-09-10 21:52:29.632] [exthost1] [info] ExtensionService#loadCommonJSModule /home/jbustamante/.vscode/extensions/grapecity.gc-excelviewer-2.1.26/out/src/extension
[2018-09-10 21:52:30.771] [exthost1] [info] eager extensions activated
[2018-09-10 21:52:30.779] [exthost1] [info] ExtensionService#_doActivateExtension vsciot-vscode.vscode-arduino {"startup":true,"activationEvent":"*"}
[2018-09-10 21:52:30.779] [exthost1] [info] ExtensionService#loadCommonJSModule /home/jbustamante/.vscode/extensions/vsciot-vscode.vscode-arduino-0.2.20/out/src/extension
[2018-09-10 21:52:44.089] [exthost1] [info] ExtensionService#_doActivateExtension mitaki28.vscode-clang {"startup":false,"activationEvent":"onLanguage:cpp"}
[2018-09-10 21:52:44.089] [exthost1] [info] ExtensionService#loadCommonJSModule /home/jbustamante/.vscode/extensions/mitaki28.vscode-clang-0.2.2/out/src/extension
[2018-09-10 21:54:12.266] [exthost1] [info] extension host started
[2018-09-10 21:54:12.312] [exthost1] [info] ExtensionService#_doActivateExtension vscode.debug-auto-launch {"startup":true,"activationEvent":"*"}
[2018-09-10 21:54:12.312] [exthost1] [info] ExtensionService#loadCommonJSModule /usr/share/code/resources/app/extensions/debug-auto-launch/out/extension
[2018-09-10 21:54:12.322] [exthost1] [info] ExtensionService#_doActivateExtension vscode.emmet {"startup":true,"activationEvent":"*"}
[2018-09-10 21:54:12.322] [exthost1] [info] ExtensionService#loadCommonJSModule /usr/share/code/resources/app/extensions/emmet/dist/extension
[2018-09-10 21:54:12.392] [exthost1] [info] ExtensionService#_doActivateExtension vscode.git {"startup":true,"activationEvent":"*"}
[2018-09-10 21:54:12.392] [exthost1] [info] ExtensionService#loadCommonJSModule /usr/share/code/resources/app/extensions/git/dist/main
[2018-09-10 21:54:12.633] [exthost1] [info] ExtensionService#_doActivateExtension vscode.merge-conflict {"startup":true,"activationEvent":"*"}
[2018-09-10 21:54:12.633] [exthost1] [info] ExtensionService#loadCommonJSModule /usr/share/code/resources/app/extensions/merge-conflict/out/extension
[2018-09-10 21:54:12.648] [exthost1] [info] ExtensionService#_doActivateExtension vscode.search-rg {"startup":true,"activationEvent":"*"}
[2018-09-10 21:54:12.648] [exthost1] [info] ExtensionService#loadCommonJSModule /usr/share/code/resources/app/extensions/search-rg/out/extension
[2018-09-10 21:54:12.656] [exthost1] [info] ExtensionService#_doActivateExtension dbaeumer.vscode-eslint {"startup":true,"activationEvent":"*"}
[2018-09-10 21:54:12.656] [exthost1] [info] ExtensionService#loadCommonJSModule /home/jbustamante/.vscode/extensions/dbaeumer.vscode-eslint-1.5.0/client/out/extension
[2018-09-10 21:54:12.724] [exthost1] [info] ExtensionService#_doActivateExtension mtxr.sqltools {"startup":true,"activationEvent":"*"}
[2018-09-10 21:54:12.724] [exthost1] [info] ExtensionService#loadCommonJSModule /home/jbustamante/.vscode/extensions/mtxr.sqltools-0.15.0/dist/sqltools
[2018-09-10 21:54:13.321] [exthost1] [info] ExtensionService#_doActivateExtension ms-vscode.cpptools {"startup":true,"activationEvent":"*"}
[2018-09-10 21:54:13.321] [exthost1] [info] ExtensionService#loadCommonJSModule /home/jbustamante/.vscode/extensions/ms-vscode.cpptools-0.18.1/out/src/main
[2018-09-10 21:54:13.468] [exthost1] [info] ExtensionService#_doActivateExtension vscodevim.vim {"startup":true,"activationEvent":"*"}
[2018-09-10 21:54:13.468] [exthost1] [info] ExtensionService#loadCommonJSModule /home/jbustamante/.vscode/extensions/vscodevim.vim-0.16.4/out/extension
[2018-09-10 21:54:13.775] [exthost1] [info] ExtensionService#_doActivateExtension Zignd.html-css-class-completion {"startup":true,"activationEvent":"*"}
[2018-09-10 21:54:13.775] [exthost1] [info] ExtensionService#loadCommonJSModule /home/jbustamante/.vscode/extensions/zignd.html-css-class-completion-1.17.1/out/src/extension
[2018-09-10 21:54:14.170] [exthost1] [info] ExtensionService#_doActivateExtension kube.clangcomplete {"startup":false,"activationEvent":"onLanguage:cpp"}
[2018-09-10 21:54:14.170] [exthost1] [info] ExtensionService#loadCommonJSModule /home/jbustamante/.vscode/extensions/kube.clangcomplete-1.0.1/build/client.js
[2018-09-10 21:54:14.240] [exthost1] [info] ExtensionService#_doActivateExtension mitaki28.vscode-clang {"startup":false,"activationEvent":"onLanguage:cpp"}
[2018-09-10 21:54:14.240] [exthost1] [info] ExtensionService#loadCommonJSModule /home/jbustamante/.vscode/extensions/mitaki28.vscode-clang-0.2.2/out/src/extension
[2018-09-10 21:54:14.244] [exthost1] [info] ExtensionService#_doActivateExtension xaver.clang-format {"startup":false,"activationEvent":"onLanguage:cpp"}
[2018-09-10 21:54:14.244] [exthost1] [info] ExtensionService#loadCommonJSModule /home/jbustamante/.vscode/extensions/xaver.clang-format-1.6.2/out/src/extension
[2018-09-10 21:54:15.435] [exthost1] [info] eager extensions activated
[2018-09-10 21:54:15.458] [exthost1] [info] ExtensionService#_doActivateExtension vsciot-vscode.vscode-arduino {"startup":true,"activationEvent":"*"}
[2018-09-10 21:54:15.459] [exthost1] [info] ExtensionService#loadCommonJSModule /home/jbustamante/.vscode/extensions/vsciot-vscode.vscode-arduino-0.2.20/out/src/extension
[2018-09-10 21:54:18.492] [exthost1] [info] ExtensionService#_doActivateExtension GrapeCity.gc-excelviewer {"startup":false,"activationEvent":"onLanguage:plaintext"}
[2018-09-10 21:54:18.492] [exthost1] [info] ExtensionService#loadCommonJSModule /home/jbustamante/.vscode/extensions/grapecity.gc-excelviewer-2.1.26/out/src/extension
