[2018-09-10 21:45:52.022] [renderer1] [info] no standard startup: not the explorer viewlet
[2018-09-10 21:46:36.267] [renderer1] [info] no standard startup: not a new window
[2018-09-10 21:46:50.452] [renderer1] [info] no standard startup: not a new window
[2018-09-10 21:46:58.547] [renderer1] [info] no standard startup: not a new window
[2018-09-10 21:50:31.421] [renderer1] [info] no standard startup: not a new window
[2018-09-10 21:52:15.485] [renderer1] [info] no standard startup: not just one text editor
[2018-09-10 21:52:26.676] [renderer1] [info] no standard startup: not a new window
[2018-09-10 21:52:55.451] [renderer1] [error] Unexpected SIGPIPE: Error: Unexpected SIGPIPE
    at process.<anonymous> (/usr/share/code/resources/app/out/vs/workbench/node/extensionHostProcess.js:848:879)
    at emitNone (events.js:106:13)
    at process.emit (events.js:208:7)
    at process.emit (/home/jbustamante/.vscode/extensions/zignd.html-css-class-completion-1.17.1/node_modules/source-map-support/source-map-support.js:453:21)
    at Signal.wrap.onsignal (internal/process.js:208:44)
[2018-09-10 21:53:20.599] [renderer1] [error] Unexpected SIGPIPE: Error: Unexpected SIGPIPE
    at process.<anonymous> (/usr/share/code/resources/app/out/vs/workbench/node/extensionHostProcess.js:848:879)
    at emitNone (events.js:106:13)
    at process.emit (events.js:208:7)
    at process.emit (/home/jbustamante/.vscode/extensions/zignd.html-css-class-completion-1.17.1/node_modules/source-map-support/source-map-support.js:453:21)
    at Signal.wrap.onsignal (internal/process.js:208:44)
[2018-09-10 21:53:21.961] [renderer1] [error] Unexpected SIGPIPE: Error: Unexpected SIGPIPE
    at process.<anonymous> (/usr/share/code/resources/app/out/vs/workbench/node/extensionHostProcess.js:848:879)
    at emitNone (events.js:106:13)
    at process.emit (events.js:208:7)
    at process.emit (/home/jbustamante/.vscode/extensions/zignd.html-css-class-completion-1.17.1/node_modules/source-map-support/source-map-support.js:453:21)
    at Signal.wrap.onsignal (internal/process.js:208:44)
[2018-09-10 21:53:23.731] [renderer1] [error] Unexpected SIGPIPE: Error: Unexpected SIGPIPE
    at process.<anonymous> (/usr/share/code/resources/app/out/vs/workbench/node/extensionHostProcess.js:848:879)
    at emitNone (events.js:106:13)
    at process.emit (events.js:208:7)
    at process.emit (/home/jbustamante/.vscode/extensions/zignd.html-css-class-completion-1.17.1/node_modules/source-map-support/source-map-support.js:453:21)
    at Signal.wrap.onsignal (internal/process.js:208:44)
[2018-09-10 21:54:11.091] [renderer1] [info] no standard startup: not a new window
[2018-09-10 21:54:18.312] [renderer1] [error] Unexpected SIGPIPE: Error: Unexpected SIGPIPE
    at process.<anonymous> (/usr/share/code/resources/app/out/vs/workbench/node/extensionHostProcess.js:848:879)
    at emitNone (events.js:106:13)
    at process.emit (events.js:208:7)
    at process.emit (/home/jbustamante/.vscode/extensions/zignd.html-css-class-completion-1.17.1/node_modules/source-map-support/source-map-support.js:453:21)
    at Signal.wrap.onsignal (internal/process.js:208:44)
[2018-09-10 21:59:36.202] [renderer1] [error] Unexpected SIGPIPE: Error: Unexpected SIGPIPE
    at process.<anonymous> (/usr/share/code/resources/app/out/vs/workbench/node/extensionHostProcess.js:848:879)
    at emitNone (events.js:106:13)
    at process.emit (events.js:208:7)
    at process.emit (/home/jbustamante/.vscode/extensions/zignd.html-css-class-completion-1.17.1/node_modules/source-map-support/source-map-support.js:453:21)
    at Signal.wrap.onsignal (internal/process.js:208:44)
[2018-09-10 21:59:48.966] [renderer1] [info] Requested uninstalling the extension mitaki28.vscode-clang from window 1
[2018-09-10 21:59:49.008] [renderer1] [info] Uninstalling the extension mitaki28.vscode-clang-0.2.2 from window 1
[2018-09-10 22:24:42.819] [renderer1] [error] Unexpected SIGPIPE: Error: Unexpected SIGPIPE
    at process.<anonymous> (/usr/share/code/resources/app/out/vs/workbench/node/extensionHostProcess.js:848:879)
    at emitNone (events.js:106:13)
    at process.emit (events.js:208:7)
    at process.emit (/home/jbustamante/.vscode/extensions/zignd.html-css-class-completion-1.17.1/node_modules/source-map-support/source-map-support.js:453:21)
    at Signal.wrap.onsignal (internal/process.js:208:44)
