[2018-09-10 21:45:53.631] [sharedprocess] [info] main {"machineId":"b35932c5f06ad27bbfc3269ac7ba5496ebe8f1bf00c5a6badf4889796738266b"}
[2018-09-10 21:45:53.693] [sharedprocess] [info] Scanned user extensions: 0
[2018-09-10 21:45:53.718] [sharedprocess] [info] Scanned user extensions: 0
[2018-09-10 21:45:53.742] [sharedprocess] [info] Scanned user extensions: 0
[2018-09-10 21:45:53.744] [sharedprocess] [info] Scanned user extensions: 0
[2018-09-10 21:45:53.884] [sharedprocess] [info] Scanned system extensions: 71
[2018-09-10 21:45:53.898] [sharedprocess] [info] Scanned system extensions: 71
[2018-09-10 21:45:53.901] [sharedprocess] [info] Scanned system extensions: 71
[2018-09-10 21:45:54.770] [sharedprocess] [info] Scanned user extensions: 0
[2018-09-10 21:45:54.776] [sharedprocess] [info] Scanned user extensions: 0
[2018-09-10 21:46:30.626] [sharedprocess] [info] Scanned user extensions: 0
[2018-09-10 21:46:30.715] [sharedprocess] [info] Scanned system extensions: 71
[2018-09-10 21:46:30.971] [sharedprocess] [info] Installing extension: vscode-eslint
[2018-09-10 21:46:30.980] [sharedprocess] [info] Scanned user extensions: 0
[2018-09-10 21:46:31.514] [sharedprocess] [info] Downloaded extension: vscode-eslint /tmp/c6d636d6-a0e1-4e07-8ae4-2b5d2c4318c6
[2018-09-10 21:46:31.896] [sharedprocess] [info] Extracted extension to /home/jbustamante/.vscode/extensions/.dbaeumer.vscode-eslint-1.5.0: dbaeumer.vscode-eslint-1.5.0
[2018-09-10 21:46:31.896] [sharedprocess] [info] Renamed to /home/jbustamante/.vscode/extensions/dbaeumer.vscode-eslint-1.5.0
[2018-09-10 21:46:31.896] [sharedprocess] [info] Installation completed. dbaeumer.vscode-eslint-1.5.0
[2018-09-10 21:46:31.906] [sharedprocess] [info] Extensions installed successfully: dbaeumer.vscode-eslint
[2018-09-10 21:46:31.931] [sharedprocess] [info] Scanned user extensions: 1
[2018-09-10 21:46:32.085] [sharedprocess] [info] Scanned user extensions: 1
[2018-09-10 21:46:32.087] [sharedprocess] [info] Scanned user extensions: 1
[2018-09-10 21:46:32.166] [sharedprocess] [info] Scanned system extensions: 71
[2018-09-10 21:46:32.168] [sharedprocess] [info] Scanned system extensions: 71
[2018-09-10 21:46:33.642] [sharedprocess] [info] Starting to clean up unused language packs.
[2018-09-10 21:46:36.671] [sharedprocess] [info] Scanned user extensions: 1
[2018-09-10 21:46:36.677] [sharedprocess] [info] Scanned user extensions: 1
[2018-09-10 21:46:36.677] [sharedprocess] [info] Scanned user extensions: 1
[2018-09-10 21:46:36.683] [sharedprocess] [info] Scanned user extensions: 1
[2018-09-10 21:46:36.881] [sharedprocess] [info] Scanned system extensions: 71
[2018-09-10 21:46:36.883] [sharedprocess] [info] Scanned system extensions: 71
[2018-09-10 21:46:36.890] [sharedprocess] [info] Scanned system extensions: 71
[2018-09-10 21:46:38.917] [sharedprocess] [info] Scanned user extensions: 1
[2018-09-10 21:46:38.981] [sharedprocess] [info] Scanned system extensions: 71
[2018-09-10 21:46:39.078] [sharedprocess] [info] Installing extension: python
[2018-09-10 21:46:39.081] [sharedprocess] [info] Scanned user extensions: 1
[2018-09-10 21:46:39.331] [sharedprocess] [info] Scanned user extensions: 1
[2018-09-10 21:46:39.344] [sharedprocess] [info] Scanned user extensions: 1
[2018-09-10 21:46:40.851] [sharedprocess] [info] Downloaded extension: python /tmp/69b63172-4b9a-4540-a0ee-d9d99b863038
[2018-09-10 21:46:44.374] [sharedprocess] [info] Scanned user extensions: 1
[2018-09-10 21:46:44.401] [sharedprocess] [info] Scanned system extensions: 71
[2018-09-10 21:46:44.481] [sharedprocess] [info] Installing extension: vscode-docker
[2018-09-10 21:46:44.490] [sharedprocess] [info] Scanned user extensions: 1
[2018-09-10 21:46:46.150] [sharedprocess] [info] Downloaded extension: vscode-docker /tmp/ca5411b9-7fcc-407e-a9a9-94ec557da25a
[2018-09-10 21:46:49.306] [sharedprocess] [info] Extracted extension to /home/jbustamante/.vscode/extensions/.ms-python.python-2018.8.0: ms-python.python-2018.8.0
[2018-09-10 21:46:49.306] [sharedprocess] [info] Renamed to /home/jbustamante/.vscode/extensions/ms-python.python-2018.8.0
[2018-09-10 21:46:49.306] [sharedprocess] [info] Installation completed. ms-python.python-2018.8.0
[2018-09-10 21:46:49.323] [sharedprocess] [info] Extensions installed successfully: ms-python.python
[2018-09-10 21:46:49.332] [sharedprocess] [info] Scanned user extensions: 2
[2018-09-10 21:46:50.934] [sharedprocess] [info] Scanned user extensions: 2
[2018-09-10 21:46:50.938] [sharedprocess] [info] Scanned user extensions: 2
[2018-09-10 21:46:50.943] [sharedprocess] [info] Scanned user extensions: 2
[2018-09-10 21:46:50.950] [sharedprocess] [info] Scanned user extensions: 2
[2018-09-10 21:46:51.097] [sharedprocess] [info] Scanned system extensions: 71
[2018-09-10 21:46:51.101] [sharedprocess] [info] Scanned system extensions: 71
[2018-09-10 21:46:51.113] [sharedprocess] [info] Scanned system extensions: 71
[2018-09-10 21:46:53.250] [sharedprocess] [info] Extracted extension to /home/jbustamante/.vscode/extensions/.peterjausovec.vscode-docker-0.2.0: peterjausovec.vscode-docker-0.2.0
[2018-09-10 21:46:53.250] [sharedprocess] [info] Renamed to /home/jbustamante/.vscode/extensions/peterjausovec.vscode-docker-0.2.0
[2018-09-10 21:46:53.250] [sharedprocess] [info] Installation completed. peterjausovec.vscode-docker-0.2.0
[2018-09-10 21:46:53.266] [sharedprocess] [info] Scanned user extensions: 3
[2018-09-10 21:46:53.303] [sharedprocess] [info] Scanned system extensions: 71
[2018-09-10 21:46:53.303] [sharedprocess] [info] Extensions installed successfully: peterjausovec.vscode-docker
[2018-09-10 21:46:53.437] [sharedprocess] [info] Scanned user extensions: 3
[2018-09-10 21:46:53.448] [sharedprocess] [info] Scanned user extensions: 3
[2018-09-10 21:46:53.524] [sharedprocess] [info] Scanned user extensions: 3
[2018-09-10 21:46:53.527] [sharedprocess] [info] Scanned user extensions: 3
[2018-09-10 21:46:53.546] [sharedprocess] [info] Scanned system extensions: 71
[2018-09-10 21:46:53.548] [sharedprocess] [info] Scanned system extensions: 71
[2018-09-10 21:46:54.042] [sharedprocess] [info] Scanned user extensions: 3
[2018-09-10 21:46:54.103] [sharedprocess] [info] Scanned system extensions: 71
[2018-09-10 21:46:54.202] [sharedprocess] [info] Installing extension: vim
[2018-09-10 21:46:54.218] [sharedprocess] [info] Scanned user extensions: 3
[2018-09-10 21:46:54.898] [sharedprocess] [info] Downloaded extension: vim /tmp/6b57b4ef-9fef-4958-8d7d-2f215eee84b4
[2018-09-10 21:46:57.652] [sharedprocess] [info] Extracted extension to /home/jbustamante/.vscode/extensions/.vscodevim.vim-0.16.4: vscodevim.vim-0.16.4
[2018-09-10 21:46:57.652] [sharedprocess] [info] Renamed to /home/jbustamante/.vscode/extensions/vscodevim.vim-0.16.4
[2018-09-10 21:46:57.652] [sharedprocess] [info] Installation completed. vscodevim.vim-0.16.4
[2018-09-10 21:46:57.664] [sharedprocess] [info] Extensions installed successfully: vscodevim.vim
[2018-09-10 21:46:57.671] [sharedprocess] [info] Scanned user extensions: 4
[2018-09-10 21:46:58.950] [sharedprocess] [info] Scanned user extensions: 4
[2018-09-10 21:46:58.968] [sharedprocess] [info] Scanned user extensions: 4
[2018-09-10 21:46:58.971] [sharedprocess] [info] Scanned user extensions: 4
[2018-09-10 21:46:58.981] [sharedprocess] [info] Scanned user extensions: 4
[2018-09-10 21:46:59.118] [sharedprocess] [info] Scanned system extensions: 71
[2018-09-10 21:46:59.122] [sharedprocess] [info] Scanned system extensions: 71
[2018-09-10 21:46:59.133] [sharedprocess] [info] Scanned system extensions: 71
[2018-09-10 21:47:00.707] [sharedprocess] [info] Scanned user extensions: 4
[2018-09-10 21:47:01.618] [sharedprocess] [info] Scanned user extensions: 4
[2018-09-10 21:47:01.629] [sharedprocess] [info] Scanned user extensions: 4
[2018-09-10 21:47:05.221] [sharedprocess] [info] Installing extension: cpptools
[2018-09-10 21:47:05.242] [sharedprocess] [info] Scanned user extensions: 4
[2018-09-10 21:47:05.798] [sharedprocess] [info] Downloaded extension: cpptools /tmp/b9ba730e-c106-445e-93ab-2d57f2b8cf79
[2018-09-10 21:47:08.078] [sharedprocess] [info] Extracted extension to /home/jbustamante/.vscode/extensions/.ms-vscode.cpptools-0.18.1: ms-vscode.cpptools-0.18.1
[2018-09-10 21:47:08.078] [sharedprocess] [info] Renamed to /home/jbustamante/.vscode/extensions/ms-vscode.cpptools-0.18.1
[2018-09-10 21:47:08.078] [sharedprocess] [info] Installation completed. ms-vscode.cpptools-0.18.1
[2018-09-10 21:47:08.112] [sharedprocess] [info] Extensions installed successfully: ms-vscode.cpptools
[2018-09-10 21:47:08.312] [sharedprocess] [info] Scanned user extensions: 5
[2018-09-10 21:47:08.356] [sharedprocess] [info] Scanned system extensions: 71
[2018-09-10 21:47:10.235] [sharedprocess] [info] Installing extension: Go
[2018-09-10 21:47:10.259] [sharedprocess] [info] Scanned user extensions: 5
[2018-09-10 21:47:10.863] [sharedprocess] [info] Downloaded extension: Go /tmp/3c60870b-f59b-49eb-977c-c3f9b2380688
[2018-09-10 21:47:16.900] [sharedprocess] [info] Extracted extension to /home/jbustamante/.vscode/extensions/.ms-vscode.go-0.6.89: ms-vscode.go-0.6.89
[2018-09-10 21:47:16.901] [sharedprocess] [info] Renamed to /home/jbustamante/.vscode/extensions/ms-vscode.go-0.6.89
[2018-09-10 21:47:16.901] [sharedprocess] [info] Installation completed. ms-vscode.go-0.6.89
[2018-09-10 21:47:16.925] [sharedprocess] [info] Extensions installed successfully: ms-vscode.go
[2018-09-10 21:47:17.085] [sharedprocess] [info] Scanned user extensions: 6
[2018-09-10 21:47:17.147] [sharedprocess] [info] Scanned system extensions: 71
[2018-09-10 21:47:21.058] [sharedprocess] [info] Installing extension: mssql
[2018-09-10 21:47:21.076] [sharedprocess] [info] Scanned user extensions: 6
[2018-09-10 21:47:22.964] [sharedprocess] [info] Downloaded extension: mssql /tmp/b67a57a6-c906-48a5-a9fe-9ad98a56cae1
[2018-09-10 21:47:24.014] [sharedprocess] [info] Installing extension: html-css-class-completion
[2018-09-10 21:47:24.027] [sharedprocess] [info] Scanned user extensions: 6
[2018-09-10 21:47:27.572] [sharedprocess] [info] Downloaded extension: html-css-class-completion /tmp/975bc414-7290-412e-ba45-775376c79cdd
[2018-09-10 21:47:35.474] [sharedprocess] [info] Installing extension: Ruby
[2018-09-10 21:47:35.502] [sharedprocess] [info] Scanned user extensions: 6
[2018-09-10 21:47:39.931] [sharedprocess] [info] Downloaded extension: Ruby /tmp/11407057-926f-4ebf-a467-889393c58782
[2018-09-10 21:47:47.038] [sharedprocess] [info] Extracted extension to /home/jbustamante/.vscode/extensions/.ms-mssql.mssql-1.4.0: ms-mssql.mssql-1.4.0
[2018-09-10 21:47:47.038] [sharedprocess] [info] Renamed to /home/jbustamante/.vscode/extensions/ms-mssql.mssql-1.4.0
[2018-09-10 21:47:47.038] [sharedprocess] [info] Installation completed. ms-mssql.mssql-1.4.0
[2018-09-10 21:47:47.128] [sharedprocess] [info] Scanned user extensions: 7
[2018-09-10 21:47:47.226] [sharedprocess] [info] Scanned system extensions: 71
[2018-09-10 21:47:47.227] [sharedprocess] [info] Extensions installed successfully: ms-mssql.mssql
[2018-09-10 21:47:47.419] [sharedprocess] [info] Scanned user extensions: 7
[2018-09-10 21:47:47.503] [sharedprocess] [info] Scanned system extensions: 71
[2018-09-10 21:47:55.771] [sharedprocess] [info] Extracted extension to /home/jbustamante/.vscode/extensions/.zignd.html-css-class-completion-1.17.1: zignd.html-css-class-completion-1.17.1
[2018-09-10 21:47:55.771] [sharedprocess] [info] Renamed to /home/jbustamante/.vscode/extensions/zignd.html-css-class-completion-1.17.1
[2018-09-10 21:47:55.771] [sharedprocess] [info] Installation completed. zignd.html-css-class-completion-1.17.1
[2018-09-10 21:47:55.799] [sharedprocess] [info] Extensions installed successfully: zignd.html-css-class-completion
[2018-09-10 21:47:55.985] [sharedprocess] [info] Scanned user extensions: 8
[2018-09-10 21:47:56.148] [sharedprocess] [info] Scanned system extensions: 71
[2018-09-10 21:47:59.893] [sharedprocess] [info] Installing extension: MagicPython
[2018-09-10 21:47:59.918] [sharedprocess] [info] Scanned user extensions: 8
[2018-09-10 21:48:00.326] [sharedprocess] [info] Downloaded extension: MagicPython /tmp/a0d4589d-b35d-40e1-a542-2b27d855613c
[2018-09-10 21:48:02.122] [sharedprocess] [info] Extracted extension to /home/jbustamante/.vscode/extensions/.magicstack.magicpython-1.0.12: magicstack.magicpython-1.0.12
[2018-09-10 21:48:02.124] [sharedprocess] [info] Renamed to /home/jbustamante/.vscode/extensions/magicstack.magicpython-1.0.12
[2018-09-10 21:48:02.124] [sharedprocess] [info] Installation completed. magicstack.magicpython-1.0.12
[2018-09-10 21:48:02.141] [sharedprocess] [info] Extensions installed successfully: magicstack.magicpython
[2018-09-10 21:48:02.332] [sharedprocess] [info] Scanned user extensions: 9
[2018-09-10 21:48:02.456] [sharedprocess] [info] Scanned system extensions: 71
[2018-09-10 21:48:07.262] [sharedprocess] [info] Installing extension: python
[2018-09-10 21:48:07.296] [sharedprocess] [info] Scanned user extensions: 9
[2018-09-10 21:48:07.704] [sharedprocess] [info] Downloaded extension: python /tmp/4842a863-cead-47e3-8a75-272f26517acd
[2018-09-10 21:48:08.602] [sharedprocess] [info] Extracted extension to /home/jbustamante/.vscode/extensions/.tht13.python-0.2.3: tht13.python-0.2.3
[2018-09-10 21:48:08.602] [sharedprocess] [info] Renamed to /home/jbustamante/.vscode/extensions/tht13.python-0.2.3
[2018-09-10 21:48:08.602] [sharedprocess] [info] Installation completed. tht13.python-0.2.3
[2018-09-10 21:48:08.622] [sharedprocess] [info] Extensions installed successfully: tht13.python
[2018-09-10 21:48:08.850] [sharedprocess] [info] Scanned user extensions: 10
[2018-09-10 21:48:08.952] [sharedprocess] [info] Scanned system extensions: 71
[2018-09-10 21:48:16.712] [sharedprocess] [info] Installing extension: vscode-clang
[2018-09-10 21:48:16.750] [sharedprocess] [info] Scanned user extensions: 10
[2018-09-10 21:48:17.100] [sharedprocess] [info] Downloaded extension: vscode-clang /tmp/c9e88e4a-14b9-4806-858d-3a4f2b186a59
[2018-09-10 21:48:17.190] [sharedprocess] [info] Extracted extension to /home/jbustamante/.vscode/extensions/.mitaki28.vscode-clang-0.2.2: mitaki28.vscode-clang-0.2.2
[2018-09-10 21:48:17.191] [sharedprocess] [info] Renamed to /home/jbustamante/.vscode/extensions/mitaki28.vscode-clang-0.2.2
[2018-09-10 21:48:17.191] [sharedprocess] [info] Installation completed. mitaki28.vscode-clang-0.2.2
[2018-09-10 21:48:17.214] [sharedprocess] [info] Extensions installed successfully: mitaki28.vscode-clang
[2018-09-10 21:48:17.429] [sharedprocess] [info] Scanned user extensions: 11
[2018-09-10 21:48:17.527] [sharedprocess] [info] Scanned system extensions: 71
[2018-09-10 21:48:23.336] [sharedprocess] [info] Installing extension: vscode-arduino
[2018-09-10 21:48:23.369] [sharedprocess] [info] Scanned user extensions: 11
[2018-09-10 21:48:25.325] [sharedprocess] [info] Downloaded extension: vscode-arduino /tmp/003d81f0-f4c1-4407-9b29-a8110ae9113c
[2018-09-10 21:48:26.263] [sharedprocess] [info] Installing extension: vscode-javac
[2018-09-10 21:48:26.306] [sharedprocess] [info] Scanned user extensions: 11
[2018-09-10 21:48:30.805] [sharedprocess] [info] Downloaded extension: vscode-javac /tmp/88d2c5b2-5691-4cff-b174-3b4fd3d8e0e7
[2018-09-10 21:48:35.177] [sharedprocess] [info] Extracted extension to /home/jbustamante/.vscode/extensions/.georgewfraser.vscode-javac-0.1.2: georgewfraser.vscode-javac-0.1.2
[2018-09-10 21:48:35.178] [sharedprocess] [info] Renamed to /home/jbustamante/.vscode/extensions/georgewfraser.vscode-javac-0.1.2
[2018-09-10 21:48:35.178] [sharedprocess] [info] Installation completed. georgewfraser.vscode-javac-0.1.2
[2018-09-10 21:48:35.205] [sharedprocess] [info] Extensions installed successfully: georgewfraser.vscode-javac
[2018-09-10 21:48:35.469] [sharedprocess] [info] Scanned user extensions: 12
[2018-09-10 21:48:35.690] [sharedprocess] [info] Scanned system extensions: 71
[2018-09-10 21:48:44.170] [sharedprocess] [info] Extracted extension to /home/jbustamante/.vscode/extensions/.rebornix.ruby-0.20.0: rebornix.ruby-0.20.0
[2018-09-10 21:48:44.170] [sharedprocess] [info] Renamed to /home/jbustamante/.vscode/extensions/rebornix.ruby-0.20.0
[2018-09-10 21:48:44.170] [sharedprocess] [info] Installation completed. rebornix.ruby-0.20.0
[2018-09-10 21:48:44.211] [sharedprocess] [info] Extensions installed successfully: rebornix.ruby
[2018-09-10 21:48:44.412] [sharedprocess] [info] Scanned user extensions: 13
[2018-09-10 21:48:44.548] [sharedprocess] [info] Scanned system extensions: 71
[2018-09-10 21:48:54.532] [sharedprocess] [info] Extracted extension to /home/jbustamante/.vscode/extensions/.vsciot-vscode.vscode-arduino-0.2.20: vsciot-vscode.vscode-arduino-0.2.20
[2018-09-10 21:48:54.532] [sharedprocess] [info] Renamed to /home/jbustamante/.vscode/extensions/vsciot-vscode.vscode-arduino-0.2.20
[2018-09-10 21:48:54.532] [sharedprocess] [info] Installation completed. vsciot-vscode.vscode-arduino-0.2.20
[2018-09-10 21:48:54.652] [sharedprocess] [info] Scanned user extensions: 14
[2018-09-10 21:48:54.746] [sharedprocess] [info] Scanned system extensions: 71
[2018-09-10 21:48:54.746] [sharedprocess] [info] Extensions installed successfully: vsciot-vscode.vscode-arduino
[2018-09-10 21:48:54.946] [sharedprocess] [info] Scanned user extensions: 14
[2018-09-10 21:48:55.022] [sharedprocess] [info] Scanned system extensions: 71
[2018-09-10 21:48:59.356] [sharedprocess] [info] Installing extension: r
[2018-09-10 21:48:59.430] [sharedprocess] [info] Scanned user extensions: 14
[2018-09-10 21:49:00.281] [sharedprocess] [info] Downloaded extension: r /tmp/e759c084-438a-4918-9fc0-826c0f2efe74
[2018-09-10 21:49:01.309] [sharedprocess] [info] Extracted extension to /home/jbustamante/.vscode/extensions/.ikuyadeu.r-0.6.1: ikuyadeu.r-0.6.1
[2018-09-10 21:49:01.310] [sharedprocess] [info] Renamed to /home/jbustamante/.vscode/extensions/ikuyadeu.r-0.6.1
[2018-09-10 21:49:01.310] [sharedprocess] [info] Installation completed. ikuyadeu.r-0.6.1
[2018-09-10 21:49:01.395] [sharedprocess] [info] Scanned user extensions: 15
[2018-09-10 21:49:01.466] [sharedprocess] [info] Scanned system extensions: 71
[2018-09-10 21:49:01.529] [sharedprocess] [info] Installing extension: gc-excelviewer
[2018-09-10 21:49:01.558] [sharedprocess] [info] Scanned user extensions: 15
[2018-09-10 21:49:03.616] [sharedprocess] [info] Downloaded extension: gc-excelviewer /tmp/87c759f2-ed74-4692-912e-7b221f117cc4
[2018-09-10 21:49:09.381] [sharedprocess] [info] Installing extension: matlab
[2018-09-10 21:49:09.433] [sharedprocess] [info] Scanned user extensions: 15
[2018-09-10 21:49:09.851] [sharedprocess] [info] Downloaded extension: matlab /tmp/9102ef43-1019-4c7c-943b-475106b6684a
[2018-09-10 21:49:10.231] [sharedprocess] [info] Extracted extension to /home/jbustamante/.vscode/extensions/.gimly81.matlab-0.9.0: gimly81.matlab-0.9.0
[2018-09-10 21:49:10.231] [sharedprocess] [info] Renamed to /home/jbustamante/.vscode/extensions/gimly81.matlab-0.9.0
[2018-09-10 21:49:10.231] [sharedprocess] [info] Installation completed. gimly81.matlab-0.9.0
[2018-09-10 21:49:10.247] [sharedprocess] [info] Extensions installed successfully: gimly81.matlab
[2018-09-10 21:49:10.481] [sharedprocess] [info] Scanned user extensions: 16
[2018-09-10 21:49:10.598] [sharedprocess] [info] Scanned system extensions: 71
[2018-09-10 21:49:17.685] [sharedprocess] [info] Installing extension: sqltools
[2018-09-10 21:49:17.734] [sharedprocess] [info] Scanned user extensions: 16
[2018-09-10 21:49:18.823] [sharedprocess] [info] Downloaded extension: sqltools /tmp/06400fa5-8f62-467d-87a0-ee70d7263163
[2018-09-10 21:49:21.294] [sharedprocess] [info] Extracted extension to /home/jbustamante/.vscode/extensions/.grapecity.gc-excelviewer-2.1.26: grapecity.gc-excelviewer-2.1.26
[2018-09-10 21:49:21.294] [sharedprocess] [info] Renamed to /home/jbustamante/.vscode/extensions/grapecity.gc-excelviewer-2.1.26
[2018-09-10 21:49:21.294] [sharedprocess] [info] Installation completed. grapecity.gc-excelviewer-2.1.26
[2018-09-10 21:49:21.320] [sharedprocess] [info] Extensions installed successfully: grapecity.gc-excelviewer
[2018-09-10 21:49:21.321] [sharedprocess] [info] Extensions installed successfully: ikuyadeu.r
[2018-09-10 21:49:21.648] [sharedprocess] [info] Scanned user extensions: 17
[2018-09-10 21:49:21.669] [sharedprocess] [info] Scanned user extensions: 17
[2018-09-10 21:49:21.826] [sharedprocess] [info] Scanned system extensions: 71
[2018-09-10 21:49:21.836] [sharedprocess] [info] Scanned system extensions: 71
[2018-09-10 21:49:28.559] [sharedprocess] [info] Installing extension: Kotlin
[2018-09-10 21:49:28.615] [sharedprocess] [info] Scanned user extensions: 17
[2018-09-10 21:49:28.965] [sharedprocess] [info] Downloaded extension: Kotlin /tmp/963e24f9-7b50-4338-bbe9-08116154d882
[2018-09-10 21:49:29.120] [sharedprocess] [info] Extracted extension to /home/jbustamante/.vscode/extensions/.mathiasfrohlich.kotlin-1.6.0: mathiasfrohlich.kotlin-1.6.0
[2018-09-10 21:49:29.120] [sharedprocess] [info] Renamed to /home/jbustamante/.vscode/extensions/mathiasfrohlich.kotlin-1.6.0
[2018-09-10 21:49:29.120] [sharedprocess] [info] Installation completed. mathiasfrohlich.kotlin-1.6.0
[2018-09-10 21:49:29.136] [sharedprocess] [info] Extensions installed successfully: mathiasfrohlich.kotlin
[2018-09-10 21:49:29.419] [sharedprocess] [info] Scanned user extensions: 18
[2018-09-10 21:49:29.541] [sharedprocess] [info] Scanned system extensions: 71
[2018-09-10 21:49:34.827] [sharedprocess] [info] Installing extension: rails
[2018-09-10 21:49:34.870] [sharedprocess] [info] Scanned user extensions: 18
[2018-09-10 21:49:35.694] [sharedprocess] [info] Extracted extension to /home/jbustamante/.vscode/extensions/.mtxr.sqltools-0.15.0: mtxr.sqltools-0.15.0
[2018-09-10 21:49:35.694] [sharedprocess] [info] Renamed to /home/jbustamante/.vscode/extensions/mtxr.sqltools-0.15.0
[2018-09-10 21:49:35.694] [sharedprocess] [info] Installation completed. mtxr.sqltools-0.15.0
[2018-09-10 21:49:35.706] [sharedprocess] [info] Extensions installed successfully: mtxr.sqltools
[2018-09-10 21:49:35.884] [sharedprocess] [info] Scanned user extensions: 19
[2018-09-10 21:49:35.965] [sharedprocess] [info] Scanned system extensions: 71
[2018-09-10 21:49:36.147] [sharedprocess] [info] Installing extension: vscode-mysql
[2018-09-10 21:49:36.199] [sharedprocess] [info] Scanned user extensions: 19
[2018-09-10 21:49:36.567] [sharedprocess] [info] Downloaded extension: rails /tmp/12d291b1-8553-427a-aae5-f3ef7a357cc7
[2018-09-10 21:49:36.701] [sharedprocess] [info] Downloaded extension: vscode-mysql /tmp/8fa51dee-4cd7-4c29-99e9-28fc9b0f3692
[2018-09-10 21:49:40.232] [sharedprocess] [info] Extracted extension to /home/jbustamante/.vscode/extensions/.formulahendry.vscode-mysql-0.3.0: formulahendry.vscode-mysql-0.3.0
[2018-09-10 21:49:40.232] [sharedprocess] [info] Renamed to /home/jbustamante/.vscode/extensions/formulahendry.vscode-mysql-0.3.0
[2018-09-10 21:49:40.232] [sharedprocess] [info] Installation completed. formulahendry.vscode-mysql-0.3.0
[2018-09-10 21:49:40.254] [sharedprocess] [info] Extensions installed successfully: formulahendry.vscode-mysql
[2018-09-10 21:49:40.455] [sharedprocess] [info] Scanned user extensions: 20
[2018-09-10 21:49:40.534] [sharedprocess] [info] Scanned system extensions: 71
[2018-09-10 21:49:49.918] [sharedprocess] [info] Extracted extension to /home/jbustamante/.vscode/extensions/.bung87.rails-0.8.1: bung87.rails-0.8.1
[2018-09-10 21:49:49.918] [sharedprocess] [info] Renamed to /home/jbustamante/.vscode/extensions/bung87.rails-0.8.1
[2018-09-10 21:49:49.919] [sharedprocess] [info] Installation completed. bung87.rails-0.8.1
[2018-09-10 21:49:50.087] [sharedprocess] [info] Scanned user extensions: 21
[2018-09-10 21:49:50.131] [sharedprocess] [info] Scanned system extensions: 71
[2018-09-10 21:49:50.212] [sharedprocess] [info] Installing extension: vscode-gemfile
[2018-09-10 21:49:50.280] [sharedprocess] [info] Scanned user extensions: 21
[2018-09-10 21:49:50.797] [sharedprocess] [info] Downloaded extension: vscode-gemfile /tmp/fdeff9d5-7ba7-4386-bf2a-a3ff5f9e6686
[2018-09-10 21:49:57.677] [sharedprocess] [info] Extracted extension to /home/jbustamante/.vscode/extensions/.bung87.vscode-gemfile-0.0.2: bung87.vscode-gemfile-0.0.2
[2018-09-10 21:49:57.678] [sharedprocess] [info] Renamed to /home/jbustamante/.vscode/extensions/bung87.vscode-gemfile-0.0.2
[2018-09-10 21:49:57.678] [sharedprocess] [info] Installation completed. bung87.vscode-gemfile-0.0.2
[2018-09-10 21:49:57.702] [sharedprocess] [info] Extensions installed successfully: bung87.vscode-gemfile
[2018-09-10 21:49:57.703] [sharedprocess] [info] Extensions installed successfully: bung87.rails
[2018-09-10 21:49:57.985] [sharedprocess] [info] Scanned user extensions: 22
[2018-09-10 21:49:57.988] [sharedprocess] [info] Scanned user extensions: 22
[2018-09-10 21:49:58.033] [sharedprocess] [info] Scanned system extensions: 71
[2018-09-10 21:49:58.040] [sharedprocess] [info] Scanned system extensions: 71
[2018-09-10 21:50:08.714] [sharedprocess] [info] Installing extension: language-julia
[2018-09-10 21:50:08.767] [sharedprocess] [info] Scanned user extensions: 22
[2018-09-10 21:50:09.454] [sharedprocess] [info] Downloaded extension: language-julia /tmp/71e3d8c0-a1b0-41f8-bfae-0f93696704da
[2018-09-10 21:50:12.819] [sharedprocess] [info] Extracted extension to /home/jbustamante/.vscode/extensions/.julialang.language-julia-0.10.3: julialang.language-julia-0.10.3
[2018-09-10 21:50:12.819] [sharedprocess] [info] Renamed to /home/jbustamante/.vscode/extensions/julialang.language-julia-0.10.3
[2018-09-10 21:50:12.819] [sharedprocess] [info] Installation completed. julialang.language-julia-0.10.3
[2018-09-10 21:50:12.832] [sharedprocess] [info] Extensions installed successfully: julialang.language-julia
[2018-09-10 21:50:13.056] [sharedprocess] [info] Scanned user extensions: 23
[2018-09-10 21:50:13.080] [sharedprocess] [info] Scanned system extensions: 71
[2018-09-10 21:50:21.368] [sharedprocess] [info] Scanned user extensions: 23
[2018-09-10 21:50:21.369] [sharedprocess] [info] Scanned user extensions: 23
[2018-09-10 21:50:21.386] [sharedprocess] [info] Scanned user extensions: 23
[2018-09-10 21:50:21.531] [sharedprocess] [info] Scanned system extensions: 71
[2018-09-10 21:50:21.544] [sharedprocess] [info] Scanned system extensions: 71
[2018-09-10 21:50:21.551] [sharedprocess] [info] Scanned system extensions: 71
[2018-09-10 21:50:31.995] [sharedprocess] [info] Scanned user extensions: 23
[2018-09-10 21:50:32.014] [sharedprocess] [info] Scanned user extensions: 23
[2018-09-10 21:50:32.020] [sharedprocess] [info] Scanned user extensions: 23
[2018-09-10 21:50:32.031] [sharedprocess] [info] Scanned user extensions: 23
[2018-09-10 21:50:32.036] [sharedprocess] [info] Scanned user extensions: 23
[2018-09-10 21:50:32.038] [sharedprocess] [info] Scanned user extensions: 23
[2018-09-10 21:50:32.200] [sharedprocess] [info] Scanned system extensions: 71
[2018-09-10 21:50:32.217] [sharedprocess] [info] Scanned system extensions: 71
[2018-09-10 21:50:32.231] [sharedprocess] [info] Scanned system extensions: 71
[2018-09-10 21:50:32.247] [sharedprocess] [info] Scanned system extensions: 71
[2018-09-10 21:50:34.537] [sharedprocess] [info] Scanned user extensions: 23
[2018-09-10 21:50:34.548] [sharedprocess] [info] Scanned user extensions: 23
[2018-09-10 21:52:16.028] [sharedprocess] [info] Scanned user extensions: 23
[2018-09-10 21:52:16.048] [sharedprocess] [info] Scanned user extensions: 23
[2018-09-10 21:52:16.051] [sharedprocess] [info] Scanned user extensions: 23
[2018-09-10 21:52:16.138] [sharedprocess] [info] Scanned system extensions: 71
[2018-09-10 21:52:16.147] [sharedprocess] [info] Scanned system extensions: 71
[2018-09-10 21:52:18.331] [sharedprocess] [info] Scanned user extensions: 23
[2018-09-10 21:52:18.341] [sharedprocess] [info] Scanned user extensions: 23
[2018-09-10 21:52:27.413] [sharedprocess] [info] Scanned user extensions: 23
[2018-09-10 21:52:27.417] [sharedprocess] [info] Scanned user extensions: 23
[2018-09-10 21:52:27.419] [sharedprocess] [info] Scanned user extensions: 23
[2018-09-10 21:52:27.438] [sharedprocess] [info] Scanned user extensions: 23
[2018-09-10 21:52:27.541] [sharedprocess] [info] Scanned system extensions: 71
[2018-09-10 21:52:27.554] [sharedprocess] [info] Scanned system extensions: 71
[2018-09-10 21:52:27.567] [sharedprocess] [info] Scanned system extensions: 71
[2018-09-10 21:52:29.748] [sharedprocess] [info] Scanned user extensions: 23
[2018-09-10 21:52:29.755] [sharedprocess] [info] Scanned user extensions: 23
[2018-09-10 21:52:32.377] [sharedprocess] [info] Scanned user extensions: 23
[2018-09-10 21:52:40.338] [sharedprocess] [info] Scanned user extensions: 23
[2018-09-10 21:52:40.348] [sharedprocess] [info] Scanned user extensions: 23
[2018-09-10 21:52:40.354] [sharedprocess] [info] Scanned user extensions: 23
[2018-09-10 21:52:40.529] [sharedprocess] [info] Scanned system extensions: 71
[2018-09-10 21:52:40.539] [sharedprocess] [info] Scanned system extensions: 71
[2018-09-10 21:52:40.557] [sharedprocess] [info] Scanned system extensions: 71
[2018-09-10 21:52:44.169] [sharedprocess] [info] Scanned user extensions: 23
[2018-09-10 21:52:44.203] [sharedprocess] [info] Scanned system extensions: 71
[2018-09-10 21:54:02.474] [sharedprocess] [info] Installing extension: ClangComplete
[2018-09-10 21:54:02.507] [sharedprocess] [info] Scanned user extensions: 23
[2018-09-10 21:54:02.888] [sharedprocess] [info] Downloaded extension: ClangComplete /tmp/1c108b88-24a1-4bd2-b0fb-3b7de7cfc4d1
[2018-09-10 21:54:03.080] [sharedprocess] [info] Extracted extension to /home/jbustamante/.vscode/extensions/.kube.clangcomplete-1.0.1: kube.clangcomplete-1.0.1
[2018-09-10 21:54:03.081] [sharedprocess] [info] Renamed to /home/jbustamante/.vscode/extensions/kube.clangcomplete-1.0.1
[2018-09-10 21:54:03.081] [sharedprocess] [info] Installation completed. kube.clangcomplete-1.0.1
[2018-09-10 21:54:03.088] [sharedprocess] [info] Extensions installed successfully: kube.clangcomplete
[2018-09-10 21:54:03.306] [sharedprocess] [info] Scanned user extensions: 24
[2018-09-10 21:54:03.326] [sharedprocess] [info] Scanned system extensions: 71
[2018-09-10 21:54:08.015] [sharedprocess] [info] Installing extension: clang-format
[2018-09-10 21:54:08.065] [sharedprocess] [info] Scanned user extensions: 24
[2018-09-10 21:54:08.405] [sharedprocess] [info] Downloaded extension: clang-format /tmp/abe42f3d-0851-497a-84c9-d30adcf25075
[2018-09-10 21:54:08.599] [sharedprocess] [info] Extracted extension to /home/jbustamante/.vscode/extensions/.xaver.clang-format-1.6.2: xaver.clang-format-1.6.2
[2018-09-10 21:54:08.599] [sharedprocess] [info] Renamed to /home/jbustamante/.vscode/extensions/xaver.clang-format-1.6.2
[2018-09-10 21:54:08.599] [sharedprocess] [info] Installation completed. xaver.clang-format-1.6.2
[2018-09-10 21:54:08.635] [sharedprocess] [info] Extensions installed successfully: xaver.clang-format
[2018-09-10 21:54:08.800] [sharedprocess] [info] Scanned user extensions: 25
[2018-09-10 21:54:08.826] [sharedprocess] [info] Scanned system extensions: 71
[2018-09-10 21:54:10.937] [sharedprocess] [info] Scanned user extensions: 25
[2018-09-10 21:54:10.947] [sharedprocess] [info] Scanned user extensions: 25
[2018-09-10 21:54:10.954] [sharedprocess] [info] Scanned user extensions: 25
[2018-09-10 21:54:10.983] [sharedprocess] [info] Scanned system extensions: 71
[2018-09-10 21:54:11.084] [sharedprocess] [info] Scanned user extensions: 25
[2018-09-10 21:54:11.087] [sharedprocess] [info] Scanned user extensions: 25
[2018-09-10 21:54:11.090] [sharedprocess] [info] Scanned user extensions: 25
[2018-09-10 21:54:11.168] [sharedprocess] [info] Scanned system extensions: 71
[2018-09-10 21:54:11.178] [sharedprocess] [info] Scanned system extensions: 71
[2018-09-10 21:54:11.189] [sharedprocess] [info] Scanned system extensions: 71
[2018-09-10 21:54:11.223] [sharedprocess] [info] Scanned user extensions: 25
[2018-09-10 21:54:11.258] [sharedprocess] [info] Scanned system extensions: 71
[2018-09-10 21:54:14.151] [sharedprocess] [info] Scanned user extensions: 25
[2018-09-10 21:54:14.156] [sharedprocess] [info] Scanned user extensions: 25
[2018-09-10 21:59:14.265] [sharedprocess] [info] Scanned user extensions: 25
[2018-09-10 21:59:36.211] [sharedprocess] [info] Scanned user extensions: 25
[2018-09-10 21:59:36.249] [sharedprocess] [info] Scanned system extensions: 71
[2018-09-10 21:59:49.007] [sharedprocess] [info] Scanned user extensions: 25
[2018-09-10 21:59:49.007] [sharedprocess] [info] Uninstalling extension: mitaki28.vscode-clang-0.2.2
[2018-09-10 21:59:49.028] [sharedprocess] [info] Scanned user extensions: 25
[2018-09-10 21:59:49.032] [sharedprocess] [info] Successfully uninstalled extension: mitaki28.vscode-clang-0.2.2
[2018-09-10 21:59:49.390] [sharedprocess] [info] Scanned user extensions: 24
[2018-09-10 21:59:49.403] [sharedprocess] [info] Scanned system extensions: 71
[2018-09-10 22:04:14.328] [sharedprocess] [info] Scanned user extensions: 24
[2018-09-10 22:09:14.393] [sharedprocess] [info] Scanned user extensions: 24
[2018-09-10 22:14:14.430] [sharedprocess] [info] Scanned user extensions: 24
[2018-09-10 22:19:14.483] [sharedprocess] [info] Scanned user extensions: 24
[2018-09-10 22:21:42.090] [sharedprocess] [info] Installing extension: vscode-clang
[2018-09-10 22:21:42.118] [sharedprocess] [info] Scanned user extensions: 24
[2018-09-10 22:21:42.395] [sharedprocess] [info] Downloaded extension: vscode-clang /tmp/e94d1834-eaad-4abb-a1fa-a091ddb1ec5c
[2018-09-10 22:21:42.418] [sharedprocess] [info] Removed the extension from uninstalled list: mitaki28.vscode-clang-0.2.2
[2018-09-10 22:21:42.451] [sharedprocess] [info] Scanned user extensions: 25
[2018-09-10 22:21:42.452] [sharedprocess] [info] Extensions installed successfully: mitaki28.vscode-clang
[2018-09-10 22:21:42.629] [sharedprocess] [info] Scanned user extensions: 25
[2018-09-10 22:21:42.657] [sharedprocess] [info] Scanned system extensions: 71
[2018-09-10 22:24:14.541] [sharedprocess] [info] Scanned user extensions: 25
