00:00:00.001192 main     VirtualBox XPCOM Server 6.0.14 r132055 linux.amd64 (Oct 16 2019 06:57:26) release log
00:00:00.001198 main     Log opened 2019-11-27T07:14:40.585239000Z
00:00:00.001200 main     Build Type: release
00:00:00.001205 main     OS Product: Linux
00:00:00.001208 main     OS Release: 4.19.85-1-MANJARO
00:00:00.001211 main     OS Version: #1 SMP PREEMPT Thu Nov 21 10:38:39 UTC 2019
00:00:00.001250 main     DMI Product Name: XPS 15 9570
00:00:00.001268 main     DMI Product Version: 
00:00:00.001336 main     Host RAM: 15678MB (15.3GB) total, 14703MB (14.3GB) available
00:00:00.001343 main     Executable: /usr/lib/virtualbox/VBoxSVC
00:00:00.001344 main     Process ID: 5821
00:00:00.001346 main     Package type: LINUX_64BITS_GENERIC (OSE)
00:00:00.005986 main     IPC socket path: /tmp/.vbox-jbustamante-ipc/ipcd
00:00:00.124865 nspr-2   VirtualBox: object creation starts
00:00:00.124990 nspr-2   Home directory: '/home/jbustamante/.config/VirtualBox'
00:00:00.144033 nspr-2   NetIfAdpCtlOut: VBoxNetAdpCtl: Error while retrieving link speed for wlp59s0: VBoxNetAdpCtl: ioctl failed: Operation not supported
00:00:00.145459 nspr-2   NAT: resolv.conf: nameserver 75.75.75.75
00:00:00.145486 nspr-2   NAT: resolv.conf: nameserver 75.75.76.76
00:00:00.145498 nspr-2   NAT: resolv.conf: nameserver 2001:558:feed::1
00:00:00.145509 nspr-2   NAT: resolv.conf: too many nameserver lines, ignoring 2001:558:feed::2
00:00:00.145535 nspr-2   HostDnsMonitor::updateInfo
00:00:00.145947 nspr-2   HostDnsMonitor: old information
00:00:00.145973 nspr-2     no server entries
00:00:00.145982 nspr-2     no domain set
00:00:00.145988 nspr-2     no search string entries
00:00:00.145995 nspr-2   HostDnsMonitor: new information
00:00:00.146002 nspr-2     server 1: 75.75.75.75
00:00:00.146010 nspr-2     server 2: 75.75.76.76
00:00:00.146017 nspr-2     server 3: 2001:558:feed::1
00:00:00.146024 nspr-2     domain: hsd1.md.comcast.net
00:00:00.146031 nspr-2     search string 1: hsd1.md.comcast.net
00:00:00.152883 nspr-2   VD: VDInit finished with VINF_SUCCESS
00:00:00.155070 nspr-2   VirtualBox: object created
00:00:01.477362 nspr-2   Saving settings file "/home/jbustamante/.config/VirtualBox/VirtualBox.xml" with version "1.12-linux"
00:00:01.521293 nspr-2   Saving settings file "/home/jbustamante/.config/VirtualBox/VirtualBox.xml" with version "1.12-linux"
00:00:14.767069 nspr-3   Saving settings file "/home/jbustamante/.config/VirtualBox/VirtualBox.xml" with version "1.12-linux"
00:00:14.820739 nspr-2   Saving settings file "/home/jbustamante/.config/VirtualBox/VirtualBox.xml" with version "1.12-linux"
00:00:14.859819 nspr-2   Saving settings file "/home/jbustamante/.config/VirtualBox/VirtualBox.xml" with version "1.12-linux"
00:00:14.880871 nspr-3   Saving settings file "/home/jbustamante/.config/VirtualBox/VirtualBox.xml" with version "1.12-linux"
00:00:14.903247 nspr-2   Saving settings file "/home/jbustamante/.config/VirtualBox/VirtualBox.xml" with version "1.12-linux"
00:00:20.428041 main     VirtualBox: object deletion starts
00:00:20.660475 Watcher  ERROR [COM]: aRC=E_ACCESSDENIED (0x80070005) aIID={d0a0163f-e254-4e5b-a1f2-011cf991c38d} aComponent={VirtualBoxWrap} aText={The object is not ready}, preserve=false aResultDetail=0
00:00:25.429187 main     {00007f4c28015430} HostPowerServiceLinux::~HostPowerServiceLinux: RTThreadWait() for 5000 ms failed with VERR_TIMEOUT
00:00:25.429788 main     VirtualBox: object deleted
