[2018-09-11 23:08:31.688] [exthost1] [info] extension host started
[2018-09-11 23:08:31.727] [exthost1] [info] ExtensionService#_doActivateExtension vscode.debug-auto-launch {"startup":true,"activationEvent":"*"}
[2018-09-11 23:08:31.728] [exthost1] [info] ExtensionService#loadCommonJSModule /usr/share/code/resources/app/extensions/debug-auto-launch/out/extension
[2018-09-11 23:08:31.736] [exthost1] [info] ExtensionService#_doActivateExtension vscode.emmet {"startup":true,"activationEvent":"*"}
[2018-09-11 23:08:31.736] [exthost1] [info] ExtensionService#loadCommonJSModule /usr/share/code/resources/app/extensions/emmet/dist/extension
[2018-09-11 23:08:31.778] [exthost1] [info] ExtensionService#_doActivateExtension vscode.git {"startup":true,"activationEvent":"*"}
[2018-09-11 23:08:31.778] [exthost1] [info] ExtensionService#loadCommonJSModule /usr/share/code/resources/app/extensions/git/dist/main
[2018-09-11 23:08:31.977] [exthost1] [info] ExtensionService#_doActivateExtension vscode.merge-conflict {"startup":true,"activationEvent":"*"}
[2018-09-11 23:08:31.977] [exthost1] [info] ExtensionService#loadCommonJSModule /usr/share/code/resources/app/extensions/merge-conflict/out/extension
[2018-09-11 23:08:31.991] [exthost1] [info] ExtensionService#_doActivateExtension vscode.search-rg {"startup":true,"activationEvent":"*"}
[2018-09-11 23:08:31.991] [exthost1] [info] ExtensionService#loadCommonJSModule /usr/share/code/resources/app/extensions/search-rg/out/extension
[2018-09-11 23:08:32.001] [exthost1] [info] ExtensionService#_doActivateExtension dbaeumer.vscode-eslint {"startup":true,"activationEvent":"*"}
[2018-09-11 23:08:32.001] [exthost1] [info] ExtensionService#loadCommonJSModule /home/jbustamante/.vscode/extensions/dbaeumer.vscode-eslint-1.6.0/client/out/extension
[2018-09-11 23:08:32.086] [exthost1] [info] ExtensionService#_doActivateExtension mtxr.sqltools {"startup":true,"activationEvent":"*"}
[2018-09-11 23:08:32.086] [exthost1] [info] ExtensionService#loadCommonJSModule /home/jbustamante/.vscode/extensions/mtxr.sqltools-0.15.0/dist/sqltools
[2018-09-11 23:08:32.959] [exthost1] [info] ExtensionService#_doActivateExtension ms-vscode.cpptools {"startup":true,"activationEvent":"*"}
[2018-09-11 23:08:32.959] [exthost1] [info] ExtensionService#loadCommonJSModule /home/jbustamante/.vscode/extensions/ms-vscode.cpptools-0.18.1/out/src/main
[2018-09-11 23:08:33.265] [exthost1] [info] ExtensionService#_doActivateExtension vscodevim.vim {"startup":true,"activationEvent":"*"}
[2018-09-11 23:08:33.265] [exthost1] [info] ExtensionService#loadCommonJSModule /home/jbustamante/.vscode/extensions/vscodevim.vim-0.16.4/out/extension
[2018-09-11 23:08:33.865] [exthost1] [info] ExtensionService#_doActivateExtension Zignd.html-css-class-completion {"startup":true,"activationEvent":"*"}
[2018-09-11 23:08:33.865] [exthost1] [info] ExtensionService#loadCommonJSModule /home/jbustamante/.vscode/extensions/zignd.html-css-class-completion-1.17.1/out/src/extension
[2018-09-11 23:08:34.346] [exthost1] [info] eager extensions activated
[2018-09-11 23:08:34.347] [exthost1] [info] ExtensionService#_doActivateExtension GrapeCity.gc-excelviewer {"startup":false,"activationEvent":"onLanguage:plaintext"}
[2018-09-11 23:08:34.347] [exthost1] [info] ExtensionService#loadCommonJSModule /home/jbustamante/.vscode/extensions/grapecity.gc-excelviewer-2.1.26/out/src/extension
[2018-09-11 23:08:35.182] [exthost1] [info] ExtensionService#_doActivateExtension vsciot-vscode.vscode-arduino {"startup":true,"activationEvent":"*"}
[2018-09-11 23:08:35.182] [exthost1] [info] ExtensionService#loadCommonJSModule /home/jbustamante/.vscode/extensions/vsciot-vscode.vscode-arduino-0.2.20/out/src/extension
[2018-09-11 23:09:44.427] [exthost1] [info] extension host started
[2018-09-11 23:09:44.489] [exthost1] [info] ExtensionService#_doActivateExtension vscode.debug-auto-launch {"startup":true,"activationEvent":"*"}
[2018-09-11 23:09:44.489] [exthost1] [info] ExtensionService#loadCommonJSModule /usr/share/code/resources/app/extensions/debug-auto-launch/out/extension
[2018-09-11 23:09:44.503] [exthost1] [info] ExtensionService#_doActivateExtension vscode.emmet {"startup":true,"activationEvent":"*"}
[2018-09-11 23:09:44.503] [exthost1] [info] ExtensionService#loadCommonJSModule /usr/share/code/resources/app/extensions/emmet/dist/extension
[2018-09-11 23:09:44.572] [exthost1] [info] ExtensionService#_doActivateExtension vscode.git {"startup":true,"activationEvent":"*"}
[2018-09-11 23:09:44.572] [exthost1] [info] ExtensionService#loadCommonJSModule /usr/share/code/resources/app/extensions/git/dist/main
[2018-09-11 23:09:44.853] [exthost1] [info] ExtensionService#_doActivateExtension vscode.merge-conflict {"startup":true,"activationEvent":"*"}
[2018-09-11 23:09:44.853] [exthost1] [info] ExtensionService#loadCommonJSModule /usr/share/code/resources/app/extensions/merge-conflict/out/extension
[2018-09-11 23:09:44.873] [exthost1] [info] ExtensionService#_doActivateExtension vscode.search-rg {"startup":true,"activationEvent":"*"}
[2018-09-11 23:09:44.873] [exthost1] [info] ExtensionService#loadCommonJSModule /usr/share/code/resources/app/extensions/search-rg/out/extension
[2018-09-11 23:09:44.890] [exthost1] [info] ExtensionService#_doActivateExtension dbaeumer.vscode-eslint {"startup":true,"activationEvent":"*"}
[2018-09-11 23:09:44.890] [exthost1] [info] ExtensionService#loadCommonJSModule /home/jbustamante/.vscode/extensions/dbaeumer.vscode-eslint-1.6.0/client/out/extension
[2018-09-11 23:09:44.986] [exthost1] [info] ExtensionService#_doActivateExtension mtxr.sqltools {"startup":true,"activationEvent":"*"}
[2018-09-11 23:09:44.986] [exthost1] [info] ExtensionService#loadCommonJSModule /home/jbustamante/.vscode/extensions/mtxr.sqltools-0.15.0/dist/sqltools
[2018-09-11 23:09:45.986] [exthost1] [info] ExtensionService#_doActivateExtension ms-vscode.cpptools {"startup":true,"activationEvent":"*"}
[2018-09-11 23:09:45.986] [exthost1] [info] ExtensionService#loadCommonJSModule /home/jbustamante/.vscode/extensions/ms-vscode.cpptools-0.18.1/out/src/main
[2018-09-11 23:09:46.300] [exthost1] [info] ExtensionService#_doActivateExtension vscodevim.vim {"startup":true,"activationEvent":"*"}
[2018-09-11 23:09:46.300] [exthost1] [info] ExtensionService#loadCommonJSModule /home/jbustamante/.vscode/extensions/vscodevim.vim-0.16.4/out/extension
[2018-09-11 23:09:46.787] [exthost1] [info] ExtensionService#_doActivateExtension Zignd.html-css-class-completion {"startup":true,"activationEvent":"*"}
[2018-09-11 23:09:46.787] [exthost1] [info] ExtensionService#loadCommonJSModule /home/jbustamante/.vscode/extensions/zignd.html-css-class-completion-1.17.1/out/src/extension
[2018-09-11 23:09:47.387] [exthost1] [info] ExtensionService#_doActivateExtension xaver.clang-format {"startup":false,"activationEvent":"onLanguage:cpp"}
[2018-09-11 23:09:47.387] [exthost1] [info] ExtensionService#loadCommonJSModule /home/jbustamante/.vscode/extensions/xaver.clang-format-1.6.2/out/src/extension
[2018-09-11 23:09:47.404] [exthost1] [info] ExtensionService#_doActivateExtension vscode.configuration-editing {"startup":false,"activationEvent":"onLanguage:jsonc"}
[2018-09-11 23:09:47.404] [exthost1] [info] ExtensionService#loadCommonJSModule /usr/share/code/resources/app/extensions/configuration-editing/out/extension
[2018-09-11 23:09:47.430] [exthost1] [info] ExtensionService#_doActivateExtension vscode.json-language-features {"startup":false,"activationEvent":"onLanguage:jsonc"}
[2018-09-11 23:09:47.430] [exthost1] [info] ExtensionService#loadCommonJSModule /usr/share/code/resources/app/extensions/json-language-features/client/dist/jsonMain
[2018-09-11 23:09:47.580] [exthost1] [info] ExtensionService#_doActivateExtension vscode.typescript-language-features {"startup":false,"activationEvent":"onLanguage:jsonc"}
[2018-09-11 23:09:47.580] [exthost1] [info] ExtensionService#loadCommonJSModule /usr/share/code/resources/app/extensions/typescript-language-features/dist/extension
[2018-09-11 23:09:49.878] [exthost1] [info] ExtensionService#_doActivateExtension GrapeCity.gc-excelviewer {"startup":false,"activationEvent":"onLanguage:plaintext"}
[2018-09-11 23:09:49.878] [exthost1] [info] ExtensionService#loadCommonJSModule /home/jbustamante/.vscode/extensions/grapecity.gc-excelviewer-2.1.26/out/src/extension
[2018-09-11 23:09:50.971] [exthost1] [info] eager extensions activated
[2018-09-11 23:09:50.972] [exthost1] [info] ExtensionService#_doActivateExtension vsciot-vscode.vscode-arduino {"startup":true,"activationEvent":"*"}
[2018-09-11 23:09:50.972] [exthost1] [info] ExtensionService#loadCommonJSModule /home/jbustamante/.vscode/extensions/vsciot-vscode.vscode-arduino-0.2.20/out/src/extension
[2018-09-11 23:12:37.537] [exthost1] [info] extension host started
[2018-09-11 23:12:37.609] [exthost1] [info] ExtensionService#_doActivateExtension vscode.debug-auto-launch {"startup":true,"activationEvent":"*"}
[2018-09-11 23:12:37.609] [exthost1] [info] ExtensionService#loadCommonJSModule /usr/share/code/resources/app/extensions/debug-auto-launch/out/extension
[2018-09-11 23:12:37.637] [exthost1] [info] ExtensionService#_doActivateExtension vscode.emmet {"startup":true,"activationEvent":"*"}
[2018-09-11 23:12:37.637] [exthost1] [info] ExtensionService#loadCommonJSModule /usr/share/code/resources/app/extensions/emmet/dist/extension
[2018-09-11 23:12:37.771] [exthost1] [info] ExtensionService#_doActivateExtension vscode.git {"startup":true,"activationEvent":"*"}
[2018-09-11 23:12:37.771] [exthost1] [info] ExtensionService#loadCommonJSModule /usr/share/code/resources/app/extensions/git/dist/main
[2018-09-11 23:12:38.197] [exthost1] [info] ExtensionService#_doActivateExtension vscode.merge-conflict {"startup":true,"activationEvent":"*"}
[2018-09-11 23:12:38.197] [exthost1] [info] ExtensionService#loadCommonJSModule /usr/share/code/resources/app/extensions/merge-conflict/out/extension
[2018-09-11 23:12:38.233] [exthost1] [info] ExtensionService#_doActivateExtension vscode.search-rg {"startup":true,"activationEvent":"*"}
[2018-09-11 23:12:38.233] [exthost1] [info] ExtensionService#loadCommonJSModule /usr/share/code/resources/app/extensions/search-rg/out/extension
[2018-09-11 23:12:38.254] [exthost1] [info] ExtensionService#_doActivateExtension dbaeumer.vscode-eslint {"startup":true,"activationEvent":"*"}
[2018-09-11 23:12:38.254] [exthost1] [info] ExtensionService#loadCommonJSModule /home/jbustamante/.vscode/extensions/dbaeumer.vscode-eslint-1.6.0/client/out/extension
[2018-09-11 23:12:38.435] [exthost1] [info] ExtensionService#_doActivateExtension mtxr.sqltools {"startup":true,"activationEvent":"*"}
[2018-09-11 23:12:38.435] [exthost1] [info] ExtensionService#loadCommonJSModule /home/jbustamante/.vscode/extensions/mtxr.sqltools-0.15.0/dist/sqltools
[2018-09-11 23:12:40.020] [exthost1] [info] ExtensionService#_doActivateExtension ms-vscode.cpptools {"startup":true,"activationEvent":"*"}
[2018-09-11 23:12:40.020] [exthost1] [info] ExtensionService#loadCommonJSModule /home/jbustamante/.vscode/extensions/ms-vscode.cpptools-0.18.1/out/src/main
[2018-09-11 23:12:40.455] [exthost1] [info] ExtensionService#_doActivateExtension vscodevim.vim {"startup":true,"activationEvent":"*"}
[2018-09-11 23:12:40.455] [exthost1] [info] ExtensionService#loadCommonJSModule /home/jbustamante/.vscode/extensions/vscodevim.vim-0.16.4/out/extension
[2018-09-11 23:12:41.168] [exthost1] [info] ExtensionService#_doActivateExtension Zignd.html-css-class-completion {"startup":true,"activationEvent":"*"}
[2018-09-11 23:12:41.168] [exthost1] [info] ExtensionService#loadCommonJSModule /home/jbustamante/.vscode/extensions/zignd.html-css-class-completion-1.17.1/out/src/extension
[2018-09-11 23:12:41.757] [exthost1] [info] ExtensionService#_doActivateExtension xaver.clang-format {"startup":false,"activationEvent":"onLanguage:cpp"}
[2018-09-11 23:12:41.757] [exthost1] [info] ExtensionService#loadCommonJSModule /home/jbustamante/.vscode/extensions/xaver.clang-format-1.6.2/out/src/extension
[2018-09-11 23:12:42.981] [exthost1] [info] eager extensions activated
[2018-09-11 23:12:43.014] [exthost1] [info] ExtensionService#_doActivateExtension vsciot-vscode.vscode-arduino {"startup":true,"activationEvent":"*"}
[2018-09-11 23:12:43.014] [exthost1] [info] ExtensionService#loadCommonJSModule /home/jbustamante/.vscode/extensions/vsciot-vscode.vscode-arduino-0.2.20/out/src/extension
[2018-09-11 23:12:43.931] [exthost1] [info] ExtensionService#_doActivateExtension GrapeCity.gc-excelviewer {"startup":false,"activationEvent":"onLanguage:plaintext"}
[2018-09-11 23:12:43.931] [exthost1] [info] ExtensionService#loadCommonJSModule /home/jbustamante/.vscode/extensions/grapecity.gc-excelviewer-2.1.26/out/src/extension
[2018-09-11 23:13:56.895] [exthost1] [info] ExtensionService#_doActivateExtension vscode.configuration-editing {"startup":false,"activationEvent":"onLanguage:jsonc"}
[2018-09-11 23:13:56.895] [exthost1] [info] ExtensionService#loadCommonJSModule /usr/share/code/resources/app/extensions/configuration-editing/out/extension
[2018-09-11 23:13:56.918] [exthost1] [info] ExtensionService#_doActivateExtension vscode.json-language-features {"startup":false,"activationEvent":"onLanguage:jsonc"}
[2018-09-11 23:13:56.918] [exthost1] [info] ExtensionService#loadCommonJSModule /usr/share/code/resources/app/extensions/json-language-features/client/dist/jsonMain
[2018-09-11 23:13:57.182] [exthost1] [info] ExtensionService#_doActivateExtension vscode.typescript-language-features {"startup":false,"activationEvent":"onLanguage:jsonc"}
[2018-09-11 23:13:57.182] [exthost1] [info] ExtensionService#loadCommonJSModule /usr/share/code/resources/app/extensions/typescript-language-features/dist/extension
[2018-09-11 23:16:31.287] [exthost1] [info] extension host started
[2018-09-11 23:16:31.353] [exthost1] [info] ExtensionService#_doActivateExtension vscode.debug-auto-launch {"startup":true,"activationEvent":"*"}
[2018-09-11 23:16:31.354] [exthost1] [info] ExtensionService#loadCommonJSModule /usr/share/code/resources/app/extensions/debug-auto-launch/out/extension
[2018-09-11 23:16:31.373] [exthost1] [info] ExtensionService#_doActivateExtension vscode.emmet {"startup":true,"activationEvent":"*"}
[2018-09-11 23:16:31.373] [exthost1] [info] ExtensionService#loadCommonJSModule /usr/share/code/resources/app/extensions/emmet/dist/extension
[2018-09-11 23:16:31.446] [exthost1] [info] ExtensionService#_doActivateExtension vscode.git {"startup":true,"activationEvent":"*"}
[2018-09-11 23:16:31.446] [exthost1] [info] ExtensionService#loadCommonJSModule /usr/share/code/resources/app/extensions/git/dist/main
[2018-09-11 23:16:31.732] [exthost1] [info] ExtensionService#_doActivateExtension vscode.merge-conflict {"startup":true,"activationEvent":"*"}
[2018-09-11 23:16:31.732] [exthost1] [info] ExtensionService#loadCommonJSModule /usr/share/code/resources/app/extensions/merge-conflict/out/extension
[2018-09-11 23:16:31.753] [exthost1] [info] ExtensionService#_doActivateExtension vscode.search-rg {"startup":true,"activationEvent":"*"}
[2018-09-11 23:16:31.753] [exthost1] [info] ExtensionService#loadCommonJSModule /usr/share/code/resources/app/extensions/search-rg/out/extension
[2018-09-11 23:16:31.767] [exthost1] [info] ExtensionService#_doActivateExtension dbaeumer.vscode-eslint {"startup":true,"activationEvent":"*"}
[2018-09-11 23:16:31.767] [exthost1] [info] ExtensionService#loadCommonJSModule /home/jbustamante/.vscode/extensions/dbaeumer.vscode-eslint-1.6.0/client/out/extension
[2018-09-11 23:16:31.852] [exthost1] [info] ExtensionService#_doActivateExtension mtxr.sqltools {"startup":true,"activationEvent":"*"}
[2018-09-11 23:16:31.852] [exthost1] [info] ExtensionService#loadCommonJSModule /home/jbustamante/.vscode/extensions/mtxr.sqltools-0.15.0/dist/sqltools
[2018-09-11 23:16:32.877] [exthost1] [info] ExtensionService#_doActivateExtension ms-vscode.cpptools {"startup":true,"activationEvent":"*"}
[2018-09-11 23:16:32.877] [exthost1] [info] ExtensionService#loadCommonJSModule /home/jbustamante/.vscode/extensions/ms-vscode.cpptools-0.18.1/out/src/main
[2018-09-11 23:16:33.211] [exthost1] [info] ExtensionService#_doActivateExtension vscodevim.vim {"startup":true,"activationEvent":"*"}
[2018-09-11 23:16:33.211] [exthost1] [info] ExtensionService#loadCommonJSModule /home/jbustamante/.vscode/extensions/vscodevim.vim-0.16.4/out/extension
[2018-09-11 23:16:33.825] [exthost1] [info] ExtensionService#_doActivateExtension Zignd.html-css-class-completion {"startup":true,"activationEvent":"*"}
[2018-09-11 23:16:33.825] [exthost1] [info] ExtensionService#loadCommonJSModule /home/jbustamante/.vscode/extensions/zignd.html-css-class-completion-1.17.1/out/src/extension
[2018-09-11 23:16:34.480] [exthost1] [info] ExtensionService#_doActivateExtension GrapeCity.gc-excelviewer {"startup":false,"activationEvent":"onLanguage:plaintext"}
[2018-09-11 23:16:34.480] [exthost1] [info] ExtensionService#loadCommonJSModule /home/jbustamante/.vscode/extensions/grapecity.gc-excelviewer-2.1.26/out/src/extension
[2018-09-11 23:16:36.325] [exthost1] [info] eager extensions activated
[2018-09-11 23:16:36.339] [exthost1] [info] ExtensionService#_doActivateExtension vsciot-vscode.vscode-arduino {"startup":true,"activationEvent":"*"}
[2018-09-11 23:16:36.339] [exthost1] [info] ExtensionService#loadCommonJSModule /home/jbustamante/.vscode/extensions/vsciot-vscode.vscode-arduino-0.2.20/out/src/extension
[2018-09-11 23:16:39.251] [exthost1] [info] ExtensionService#_doActivateExtension xaver.clang-format {"startup":false,"activationEvent":"onLanguage:cpp"}
[2018-09-11 23:16:39.252] [exthost1] [info] ExtensionService#loadCommonJSModule /home/jbustamante/.vscode/extensions/xaver.clang-format-1.6.2/out/src/extension
[2018-09-11 23:25:07.247] [exthost1] [info] ExtensionService#_doActivateExtension twxs.cmake {"startup":false,"activationEvent":"onLanguage:cmake"}
[2018-09-11 23:25:07.247] [exthost1] [info] ExtensionService#loadCommonJSModule /home/jbustamante/.vscode/extensions/twxs.cmake-0.0.17/out/extension
[2018-09-11 23:29:48.500] [exthost1] [info] ExtensionService#_doActivateExtension vector-of-bool.cmake-tools {"startup":false,"activationEvent":"onCommand:cmake.configure"}
[2018-09-11 23:29:48.500] [exthost1] [info] ExtensionService#loadCommonJSModule /home/jbustamante/.vscode/extensions/vector-of-bool.cmake-tools-1.1.1/out/src/extension
[2018-09-11 23:30:28.579] [exthost1] [info] ExtensionService#_doActivateExtension vscode.configuration-editing {"startup":false,"activationEvent":"onLanguage:jsonc"}
[2018-09-11 23:30:28.579] [exthost1] [info] ExtensionService#loadCommonJSModule /usr/share/code/resources/app/extensions/configuration-editing/out/extension
[2018-09-11 23:30:28.612] [exthost1] [info] ExtensionService#_doActivateExtension vscode.json-language-features {"startup":false,"activationEvent":"onLanguage:jsonc"}
[2018-09-11 23:30:28.613] [exthost1] [info] ExtensionService#loadCommonJSModule /usr/share/code/resources/app/extensions/json-language-features/client/dist/jsonMain
[2018-09-11 23:30:28.795] [exthost1] [info] ExtensionService#_doActivateExtension vscode.typescript-language-features {"startup":false,"activationEvent":"onLanguage:jsonc"}
[2018-09-11 23:30:28.795] [exthost1] [info] ExtensionService#loadCommonJSModule /usr/share/code/resources/app/extensions/typescript-language-features/dist/extension
[2018-09-11 23:47:31.029] [exthost1] [info] extension host started
[2018-09-11 23:47:31.077] [exthost1] [info] ExtensionService#_doActivateExtension vscode.debug-auto-launch {"startup":true,"activationEvent":"*"}
[2018-09-11 23:47:31.077] [exthost1] [info] ExtensionService#loadCommonJSModule /usr/share/code/resources/app/extensions/debug-auto-launch/out/extension
[2018-09-11 23:47:31.085] [exthost1] [info] ExtensionService#_doActivateExtension vscode.emmet {"startup":true,"activationEvent":"*"}
[2018-09-11 23:47:31.085] [exthost1] [info] ExtensionService#loadCommonJSModule /usr/share/code/resources/app/extensions/emmet/dist/extension
[2018-09-11 23:47:31.124] [exthost1] [info] ExtensionService#_doActivateExtension vscode.git {"startup":true,"activationEvent":"*"}
[2018-09-11 23:47:31.124] [exthost1] [info] ExtensionService#loadCommonJSModule /usr/share/code/resources/app/extensions/git/dist/main
[2018-09-11 23:47:31.289] [exthost1] [info] ExtensionService#_doActivateExtension vscode.merge-conflict {"startup":true,"activationEvent":"*"}
[2018-09-11 23:47:31.289] [exthost1] [info] ExtensionService#loadCommonJSModule /usr/share/code/resources/app/extensions/merge-conflict/out/extension
[2018-09-11 23:47:31.299] [exthost1] [info] ExtensionService#_doActivateExtension vscode.search-rg {"startup":true,"activationEvent":"*"}
[2018-09-11 23:47:31.299] [exthost1] [info] ExtensionService#loadCommonJSModule /usr/share/code/resources/app/extensions/search-rg/out/extension
[2018-09-11 23:47:31.304] [exthost1] [info] ExtensionService#_doActivateExtension dbaeumer.vscode-eslint {"startup":true,"activationEvent":"*"}
[2018-09-11 23:47:31.304] [exthost1] [info] ExtensionService#loadCommonJSModule /home/jbustamante/.vscode/extensions/dbaeumer.vscode-eslint-1.6.0/client/out/extension
[2018-09-11 23:47:31.353] [exthost1] [info] ExtensionService#_doActivateExtension mtxr.sqltools {"startup":true,"activationEvent":"*"}
[2018-09-11 23:47:31.353] [exthost1] [info] ExtensionService#loadCommonJSModule /home/jbustamante/.vscode/extensions/mtxr.sqltools-0.15.0/dist/sqltools
[2018-09-11 23:47:32.038] [exthost1] [info] ExtensionService#_doActivateExtension ms-vscode.cpptools {"startup":true,"activationEvent":"*"}
[2018-09-11 23:47:32.038] [exthost1] [info] ExtensionService#loadCommonJSModule /home/jbustamante/.vscode/extensions/ms-vscode.cpptools-0.18.1/out/src/main
[2018-09-11 23:47:32.173] [exthost1] [info] ExtensionService#_doActivateExtension vscodevim.vim {"startup":true,"activationEvent":"*"}
[2018-09-11 23:47:32.173] [exthost1] [info] ExtensionService#loadCommonJSModule /home/jbustamante/.vscode/extensions/vscodevim.vim-0.16.4/out/extension
[2018-09-11 23:47:32.483] [exthost1] [info] ExtensionService#_doActivateExtension Zignd.html-css-class-completion {"startup":true,"activationEvent":"*"}
[2018-09-11 23:47:32.483] [exthost1] [info] ExtensionService#loadCommonJSModule /home/jbustamante/.vscode/extensions/zignd.html-css-class-completion-1.17.1/out/src/extension
[2018-09-11 23:47:32.932] [exthost1] [info] ExtensionService#_doActivateExtension GrapeCity.gc-excelviewer {"startup":false,"activationEvent":"onLanguage:plaintext"}
[2018-09-11 23:47:32.932] [exthost1] [info] ExtensionService#loadCommonJSModule /home/jbustamante/.vscode/extensions/grapecity.gc-excelviewer-2.1.26/out/src/extension
[2018-09-11 23:47:33.379] [exthost1] [info] ExtensionService#_doActivateExtension xaver.clang-format {"startup":false,"activationEvent":"onLanguage:cpp"}
[2018-09-11 23:47:33.379] [exthost1] [info] ExtensionService#loadCommonJSModule /home/jbustamante/.vscode/extensions/xaver.clang-format-1.6.2/out/src/extension
[2018-09-11 23:47:34.049] [exthost1] [info] ExtensionService#_doActivateExtension vsciot-vscode.vscode-arduino {"startup":true,"activationEvent":"*"}
[2018-09-11 23:47:34.050] [exthost1] [info] ExtensionService#loadCommonJSModule /home/jbustamante/.vscode/extensions/vsciot-vscode.vscode-arduino-0.2.20/out/src/extension
[2018-09-11 23:47:34.557] [exthost1] [info] eager extensions activated
[2018-09-11 23:53:10.313] [exthost1] [info] ExtensionService#_doActivateExtension twxs.cmake {"startup":false,"activationEvent":"onLanguage:cmake"}
[2018-09-11 23:53:10.313] [exthost1] [info] ExtensionService#loadCommonJSModule /home/jbustamante/.vscode/extensions/twxs.cmake-0.0.17/out/extension
[2018-09-12 20:33:39.915] [exthost1] [info] extension host started
[2018-09-12 20:33:39.942] [exthost1] [info] ExtensionService#_doActivateExtension vscode.debug-auto-launch {"startup":true,"activationEvent":"*"}
[2018-09-12 20:33:39.942] [exthost1] [info] ExtensionService#loadCommonJSModule /usr/share/code/resources/app/extensions/debug-auto-launch/out/extension
[2018-09-12 20:33:39.951] [exthost1] [info] ExtensionService#_doActivateExtension vscode.emmet {"startup":true,"activationEvent":"*"}
[2018-09-12 20:33:39.951] [exthost1] [info] ExtensionService#loadCommonJSModule /usr/share/code/resources/app/extensions/emmet/dist/extension
[2018-09-12 20:33:40.006] [exthost1] [info] ExtensionService#_doActivateExtension vscode.git {"startup":true,"activationEvent":"*"}
[2018-09-12 20:33:40.006] [exthost1] [info] ExtensionService#loadCommonJSModule /usr/share/code/resources/app/extensions/git/dist/main
[2018-09-12 20:33:40.225] [exthost1] [info] ExtensionService#_doActivateExtension vscode.merge-conflict {"startup":true,"activationEvent":"*"}
[2018-09-12 20:33:40.225] [exthost1] [info] ExtensionService#loadCommonJSModule /usr/share/code/resources/app/extensions/merge-conflict/out/extension
[2018-09-12 20:33:40.239] [exthost1] [info] ExtensionService#_doActivateExtension vscode.search-rg {"startup":true,"activationEvent":"*"}
[2018-09-12 20:33:40.239] [exthost1] [info] ExtensionService#loadCommonJSModule /usr/share/code/resources/app/extensions/search-rg/out/extension
[2018-09-12 20:33:40.245] [exthost1] [info] ExtensionService#_doActivateExtension dbaeumer.vscode-eslint {"startup":true,"activationEvent":"*"}
[2018-09-12 20:33:40.245] [exthost1] [info] ExtensionService#loadCommonJSModule /home/jbustamante/.vscode/extensions/dbaeumer.vscode-eslint-1.6.0/client/out/extension
[2018-09-12 20:33:40.316] [exthost1] [info] ExtensionService#_doActivateExtension mtxr.sqltools {"startup":true,"activationEvent":"*"}
[2018-09-12 20:33:40.316] [exthost1] [info] ExtensionService#loadCommonJSModule /home/jbustamante/.vscode/extensions/mtxr.sqltools-0.15.0/dist/sqltools
[2018-09-12 20:33:41.051] [exthost1] [info] ExtensionService#_doActivateExtension ms-vscode.cpptools {"startup":true,"activationEvent":"*"}
[2018-09-12 20:33:41.051] [exthost1] [info] ExtensionService#loadCommonJSModule /home/jbustamante/.vscode/extensions/ms-vscode.cpptools-0.18.1/out/src/main
[2018-09-12 20:33:41.263] [exthost1] [info] ExtensionService#_doActivateExtension vscodevim.vim {"startup":true,"activationEvent":"*"}
[2018-09-12 20:33:41.263] [exthost1] [info] ExtensionService#loadCommonJSModule /home/jbustamante/.vscode/extensions/vscodevim.vim-0.16.4/out/extension
[2018-09-12 20:33:41.750] [exthost1] [info] ExtensionService#_doActivateExtension Zignd.html-css-class-completion {"startup":true,"activationEvent":"*"}
[2018-09-12 20:33:41.750] [exthost1] [info] ExtensionService#loadCommonJSModule /home/jbustamante/.vscode/extensions/zignd.html-css-class-completion-1.17.1/out/src/extension
[2018-09-12 20:33:42.210] [exthost1] [info] ExtensionService#_doActivateExtension GrapeCity.gc-excelviewer {"startup":false,"activationEvent":"onLanguage:plaintext"}
[2018-09-12 20:33:42.210] [exthost1] [info] ExtensionService#loadCommonJSModule /home/jbustamante/.vscode/extensions/grapecity.gc-excelviewer-2.1.26/out/src/extension
[2018-09-12 20:33:43.481] [exthost1] [info] ExtensionService#_doActivateExtension vsciot-vscode.vscode-arduino {"startup":true,"activationEvent":"*"}
[2018-09-12 20:33:43.481] [exthost1] [info] ExtensionService#loadCommonJSModule /home/jbustamante/.vscode/extensions/vsciot-vscode.vscode-arduino-0.2.20/out/src/extension
[2018-09-12 20:33:44.022] [exthost1] [info] eager extensions activated
[2018-09-12 20:33:48.945] [exthost1] [info] ExtensionService#_doActivateExtension vscode.configuration-editing {"startup":false,"activationEvent":"onLanguage:jsonc"}
[2018-09-12 20:33:48.945] [exthost1] [info] ExtensionService#loadCommonJSModule /usr/share/code/resources/app/extensions/configuration-editing/out/extension
[2018-09-12 20:33:48.961] [exthost1] [info] ExtensionService#_doActivateExtension vscode.json-language-features {"startup":false,"activationEvent":"onLanguage:jsonc"}
[2018-09-12 20:33:48.962] [exthost1] [info] ExtensionService#loadCommonJSModule /usr/share/code/resources/app/extensions/json-language-features/client/dist/jsonMain
[2018-09-12 20:33:49.111] [exthost1] [info] ExtensionService#_doActivateExtension vscode.typescript-language-features {"startup":false,"activationEvent":"onLanguage:jsonc"}
[2018-09-12 20:33:49.111] [exthost1] [info] ExtensionService#loadCommonJSModule /usr/share/code/resources/app/extensions/typescript-language-features/dist/extension
[2018-09-12 20:34:15.912] [exthost1] [info] ExtensionService#_doActivateExtension xaver.clang-format {"startup":false,"activationEvent":"onLanguage:cpp"}
[2018-09-12 20:34:15.912] [exthost1] [info] ExtensionService#loadCommonJSModule /home/jbustamante/.vscode/extensions/xaver.clang-format-1.6.2/out/src/extension
[2018-09-12 21:51:46.950] [exthost1] [info] extension host started
[2018-09-12 21:51:46.976] [exthost1] [info] ExtensionService#_doActivateExtension vscode.debug-auto-launch {"startup":true,"activationEvent":"*"}
[2018-09-12 21:51:46.976] [exthost1] [info] ExtensionService#loadCommonJSModule /usr/share/code/resources/app/extensions/debug-auto-launch/out/extension
[2018-09-12 21:51:46.984] [exthost1] [info] ExtensionService#_doActivateExtension vscode.emmet {"startup":true,"activationEvent":"*"}
[2018-09-12 21:51:46.984] [exthost1] [info] ExtensionService#loadCommonJSModule /usr/share/code/resources/app/extensions/emmet/dist/extension
[2018-09-12 21:51:47.020] [exthost1] [info] ExtensionService#_doActivateExtension vscode.git {"startup":true,"activationEvent":"*"}
[2018-09-12 21:51:47.020] [exthost1] [info] ExtensionService#loadCommonJSModule /usr/share/code/resources/app/extensions/git/dist/main
[2018-09-12 21:51:47.182] [exthost1] [info] ExtensionService#_doActivateExtension vscode.merge-conflict {"startup":true,"activationEvent":"*"}
[2018-09-12 21:51:47.182] [exthost1] [info] ExtensionService#loadCommonJSModule /usr/share/code/resources/app/extensions/merge-conflict/out/extension
[2018-09-12 21:51:47.195] [exthost1] [info] ExtensionService#_doActivateExtension vscode.search-rg {"startup":true,"activationEvent":"*"}
[2018-09-12 21:51:47.195] [exthost1] [info] ExtensionService#loadCommonJSModule /usr/share/code/resources/app/extensions/search-rg/out/extension
[2018-09-12 21:51:47.201] [exthost1] [info] ExtensionService#_doActivateExtension dbaeumer.vscode-eslint {"startup":true,"activationEvent":"*"}
[2018-09-12 21:51:47.201] [exthost1] [info] ExtensionService#loadCommonJSModule /home/jbustamante/.vscode/extensions/dbaeumer.vscode-eslint-1.6.0/client/out/extension
[2018-09-12 21:51:47.256] [exthost1] [info] ExtensionService#_doActivateExtension mtxr.sqltools {"startup":true,"activationEvent":"*"}
[2018-09-12 21:51:47.256] [exthost1] [info] ExtensionService#loadCommonJSModule /home/jbustamante/.vscode/extensions/mtxr.sqltools-0.15.0/dist/sqltools
[2018-09-12 21:51:47.711] [exthost1] [info] ExtensionService#_doActivateExtension ms-vscode.cpptools {"startup":true,"activationEvent":"*"}
[2018-09-12 21:51:47.711] [exthost1] [info] ExtensionService#loadCommonJSModule /home/jbustamante/.vscode/extensions/ms-vscode.cpptools-0.18.1/out/src/main
[2018-09-12 21:51:47.878] [exthost1] [info] ExtensionService#_doActivateExtension vscodevim.vim {"startup":true,"activationEvent":"*"}
[2018-09-12 21:51:47.878] [exthost1] [info] ExtensionService#loadCommonJSModule /home/jbustamante/.vscode/extensions/vscodevim.vim-0.16.4/out/extension
[2018-09-12 21:51:48.226] [exthost1] [info] ExtensionService#_doActivateExtension Zignd.html-css-class-completion {"startup":true,"activationEvent":"*"}
[2018-09-12 21:51:48.226] [exthost1] [info] ExtensionService#loadCommonJSModule /home/jbustamante/.vscode/extensions/zignd.html-css-class-completion-1.17.1/out/src/extension
[2018-09-12 21:51:48.545] [exthost1] [info] ExtensionService#_doActivateExtension GrapeCity.gc-excelviewer {"startup":false,"activationEvent":"onLanguage:plaintext"}
[2018-09-12 21:51:48.545] [exthost1] [info] ExtensionService#loadCommonJSModule /home/jbustamante/.vscode/extensions/grapecity.gc-excelviewer-2.1.26/out/src/extension
[2018-09-12 21:51:49.674] [exthost1] [info] eager extensions activated
[2018-09-12 21:51:49.676] [exthost1] [info] ExtensionService#_doActivateExtension vsciot-vscode.vscode-arduino {"startup":true,"activationEvent":"*"}
[2018-09-12 21:51:49.676] [exthost1] [info] ExtensionService#loadCommonJSModule /home/jbustamante/.vscode/extensions/vsciot-vscode.vscode-arduino-0.2.20/out/src/extension
[2018-09-12 21:52:15.488] [exthost1] [info] ExtensionService#_doActivateExtension xaver.clang-format {"startup":false,"activationEvent":"onLanguage:cpp"}
[2018-09-12 21:52:15.488] [exthost1] [info] ExtensionService#loadCommonJSModule /home/jbustamante/.vscode/extensions/xaver.clang-format-1.6.2/out/src/extension
