[2018-09-11 23:08:31.164] [renderer1] [info] no standard startup: not the explorer viewlet
[2018-09-11 23:09:43.123] [renderer1] [info] no standard startup: not just one text editor
[2018-09-11 23:09:49.250] [renderer1] [error] Language client is not ready yet: Error: Language client is not ready yet
    at LanguageClient.sendRequest (/home/jbustamante/.vscode/extensions/mtxr.sqltools-0.15.0/node_modules/vscode-languageclient/lib/client.js:1473:19)
    at /home/jbustamante/.vscode/extensions/mtxr.sqltools-0.15.0/dist/sqltools.js:409:50
    at Generator.next (<anonymous>)
    at /home/jbustamante/.vscode/extensions/mtxr.sqltools-0.15.0/dist/sqltools.js:7:71
    at new Promise (<anonymous>)
    at __awaiter (/home/jbustamante/.vscode/extensions/mtxr.sqltools-0.15.0/dist/sqltools.js:3:12)
    at setConnection (/home/jbustamante/.vscode/extensions/mtxr.sqltools-0.15.0/dist/sqltools.js:403:16)
    at autoConnectIfActive (/home/jbustamante/.vscode/extensions/mtxr.sqltools-0.15.0/dist/sqltools.js:324:20)
    at reloadConfig (/home/jbustamante/.vscode/extensions/mtxr.sqltools-0.15.0/dist/sqltools.js:399:9)
    at e.fire (/usr/share/code/resources/app/out/vs/workbench/node/extensionHostProcess.js:99:917)
    at e.$acceptConfigurationChanged (/usr/share/code/resources/app/out/vs/workbench/node/extensionHostProcess.js:568:747)
    at e._doInvokeHandler (/usr/share/code/resources/app/out/vs/workbench/node/extensionHostProcess.js:681:309)
    at e._invokeHandler (/usr/share/code/resources/app/out/vs/workbench/node/extensionHostProcess.js:681:27)
    at e._receiveRequest (/usr/share/code/resources/app/out/vs/workbench/node/extensionHostProcess.js:679:802)
    at e._receiveOneMessage (/usr/share/code/resources/app/out/vs/workbench/node/extensionHostProcess.js:678:993)
    at /usr/share/code/resources/app/out/vs/workbench/node/extensionHostProcess.js:677:791
    at /usr/share/code/resources/app/out/vs/workbench/node/extensionHostProcess.js:98:597
    at e.fire (/usr/share/code/resources/app/out/vs/workbench/node/extensionHostProcess.js:99:917)
    at a (/usr/share/code/resources/app/out/vs/workbench/node/extensionHostProcess.js:164:787)
    at Socket._socketDataListener (/usr/share/code/resources/app/out/vs/workbench/node/extensionHostProcess.js:164:1006)
    at emitOne (events.js:116:13)
    at Socket.emit (events.js:211:7)
    at addChunk (_stream_readable.js:263:12)
    at readableAddChunk (_stream_readable.js:250:11)
    at Socket.Readable.push (_stream_readable.js:208:10)
    at Pipe.onread (net.js:594:20)
[2018-09-11 23:09:52.597] [renderer1] [error] Language client is not ready yet: Error: Language client is not ready yet
    at LanguageClient.sendRequest (/home/jbustamante/.vscode/extensions/mtxr.sqltools-0.15.0/node_modules/vscode-languageclient/lib/client.js:1473:19)
    at /home/jbustamante/.vscode/extensions/mtxr.sqltools-0.15.0/dist/sqltools.js:409:50
    at Generator.next (<anonymous>)
    at /home/jbustamante/.vscode/extensions/mtxr.sqltools-0.15.0/dist/sqltools.js:7:71
    at new Promise (<anonymous>)
    at __awaiter (/home/jbustamante/.vscode/extensions/mtxr.sqltools-0.15.0/dist/sqltools.js:3:12)
    at setConnection (/home/jbustamante/.vscode/extensions/mtxr.sqltools-0.15.0/dist/sqltools.js:403:16)
    at autoConnectIfActive (/home/jbustamante/.vscode/extensions/mtxr.sqltools-0.15.0/dist/sqltools.js:324:20)
    at reloadConfig (/home/jbustamante/.vscode/extensions/mtxr.sqltools-0.15.0/dist/sqltools.js:399:9)
    at e.fire (/usr/share/code/resources/app/out/vs/workbench/node/extensionHostProcess.js:99:917)
    at e.$acceptConfigurationChanged (/usr/share/code/resources/app/out/vs/workbench/node/extensionHostProcess.js:568:747)
    at e._doInvokeHandler (/usr/share/code/resources/app/out/vs/workbench/node/extensionHostProcess.js:681:309)
    at e._invokeHandler (/usr/share/code/resources/app/out/vs/workbench/node/extensionHostProcess.js:681:27)
    at e._receiveRequest (/usr/share/code/resources/app/out/vs/workbench/node/extensionHostProcess.js:679:802)
    at e._receiveOneMessage (/usr/share/code/resources/app/out/vs/workbench/node/extensionHostProcess.js:678:993)
    at /usr/share/code/resources/app/out/vs/workbench/node/extensionHostProcess.js:677:791
    at /usr/share/code/resources/app/out/vs/workbench/node/extensionHostProcess.js:98:597
    at e.fire (/usr/share/code/resources/app/out/vs/workbench/node/extensionHostProcess.js:99:917)
    at a (/usr/share/code/resources/app/out/vs/workbench/node/extensionHostProcess.js:164:787)
    at Socket._socketDataListener (/usr/share/code/resources/app/out/vs/workbench/node/extensionHostProcess.js:164:1006)
    at emitOne (events.js:116:13)
    at Socket.emit (events.js:211:7)
    at addChunk (_stream_readable.js:263:12)
    at readableAddChunk (_stream_readable.js:250:11)
    at Socket.Readable.push (_stream_readable.js:208:10)
    at Pipe.onread (net.js:594:20)
[2018-09-11 23:12:35.477] [renderer1] [info] no standard startup: not a new window
[2018-09-11 23:16:29.705] [renderer1] [info] no standard startup: not just one text editor
[2018-09-11 23:47:30.105] [renderer1] [info] no standard startup: not just one text editor
[2018-09-12 20:33:38.841] [renderer1] [info] no standard startup: not just one text editor
[2018-09-12 21:51:46.073] [renderer1] [info] no standard startup: not just one text editor
