[2018-09-11 23:08:33.287] [sharedprocess] [info] main {"machineId":"b35932c5f06ad27bbfc3269ac7ba5496ebe8f1bf00c5a6badf4889796738266b"}
[2018-09-11 23:08:33.571] [sharedprocess] [info] Scanned user extensions: 23
[2018-09-11 23:08:33.748] [sharedprocess] [info] Scanned user extensions: 23
[2018-09-11 23:08:33.864] [sharedprocess] [info] Scanned user extensions: 23
[2018-09-11 23:08:33.881] [sharedprocess] [info] Deleted from disk mitaki28.vscode-clang-0.2.2
[2018-09-11 23:08:33.912] [sharedprocess] [info] Scanned system extensions: 71
[2018-09-11 23:08:33.915] [sharedprocess] [info] Deleted from disk kube.clangcomplete-1.0.1
[2018-09-11 23:08:33.927] [sharedprocess] [info] Scanned user extensions: 23
[2018-09-11 23:08:33.954] [sharedprocess] [info] Scanned system extensions: 71
[2018-09-11 23:08:33.964] [sharedprocess] [info] Scanned system extensions: 71
[2018-09-11 23:08:33.974] [sharedprocess] [info] Scanned system extensions: 71
[2018-09-11 23:08:33.981] [sharedprocess] [info] Scanned user extensions: 23
[2018-09-11 23:08:33.995] [sharedprocess] [info] Scanned user extensions: 23
[2018-09-11 23:08:34.006] [sharedprocess] [info] Scanned user extensions: 23
[2018-09-11 23:08:34.074] [sharedprocess] [info] Deleted from disk dbaeumer.vscode-eslint-1.5.0
[2018-09-11 23:09:13.293] [sharedprocess] [info] Starting to clean up unused language packs.
[2018-09-11 23:09:42.906] [sharedprocess] [info] Scanned user extensions: 23
[2018-09-11 23:09:42.920] [sharedprocess] [info] Scanned user extensions: 23
[2018-09-11 23:09:42.964] [sharedprocess] [info] Scanned system extensions: 71
[2018-09-11 23:09:43.074] [sharedprocess] [info] Scanned user extensions: 23
[2018-09-11 23:09:43.140] [sharedprocess] [info] Scanned system extensions: 71
[2018-09-11 23:09:43.339] [sharedprocess] [info] Scanned user extensions: 23
[2018-09-11 23:09:43.470] [sharedprocess] [info] Scanned system extensions: 71
[2018-09-11 23:09:46.217] [sharedprocess] [info] Scanned user extensions: 23
[2018-09-11 23:09:46.235] [sharedprocess] [info] Scanned user extensions: 23
[2018-09-11 23:12:06.424] [sharedprocess] [info] Scanned user extensions: 23
[2018-09-11 23:12:06.720] [sharedprocess] [info] Scanned user extensions: 23
[2018-09-11 23:12:06.730] [sharedprocess] [info] Scanned user extensions: 23
[2018-09-11 23:12:06.735] [sharedprocess] [info] Scanned user extensions: 23
[2018-09-11 23:12:06.822] [sharedprocess] [info] Scanned system extensions: 71
[2018-09-11 23:12:06.833] [sharedprocess] [info] Scanned system extensions: 71
[2018-09-11 23:12:06.844] [sharedprocess] [info] Scanned system extensions: 71
[2018-09-11 23:12:14.771] [sharedprocess] [info] Installing extension: cmake
[2018-09-11 23:12:14.855] [sharedprocess] [info] Scanned user extensions: 23
[2018-09-11 23:12:16.321] [sharedprocess] [info] Installing extension: cmake-tools
[2018-09-11 23:12:16.403] [sharedprocess] [info] Scanned user extensions: 23
[2018-09-11 23:12:17.168] [sharedprocess] [info] Downloaded extension: cmake /tmp/2e10f4db-d8ff-4e02-b167-88b5757f39d4
[2018-09-11 23:12:17.457] [sharedprocess] [info] Downloaded extension: cmake-tools /tmp/cb9e8fc7-0e11-4b98-bdb6-aec29e18146e
[2018-09-11 23:12:20.182] [sharedprocess] [info] Extracted extension to /home/jbustamante/.vscode/extensions/.twxs.cmake-0.0.17: twxs.cmake-0.0.17
[2018-09-11 23:12:20.183] [sharedprocess] [info] Renamed to /home/jbustamante/.vscode/extensions/twxs.cmake-0.0.17
[2018-09-11 23:12:20.183] [sharedprocess] [info] Installation completed. twxs.cmake-0.0.17
[2018-09-11 23:12:20.208] [sharedprocess] [info] Extensions installed successfully: twxs.cmake
[2018-09-11 23:12:20.498] [sharedprocess] [info] Scanned user extensions: 24
[2018-09-11 23:12:20.624] [sharedprocess] [info] Scanned system extensions: 71
[2018-09-11 23:12:24.897] [sharedprocess] [info] Extracted extension to /home/jbustamante/.vscode/extensions/.vector-of-bool.cmake-tools-1.1.1: vector-of-bool.cmake-tools-1.1.1
[2018-09-11 23:12:24.897] [sharedprocess] [info] Renamed to /home/jbustamante/.vscode/extensions/vector-of-bool.cmake-tools-1.1.1
[2018-09-11 23:12:24.897] [sharedprocess] [info] Installation completed. vector-of-bool.cmake-tools-1.1.1
[2018-09-11 23:12:24.925] [sharedprocess] [info] Extensions installed successfully: vector-of-bool.cmake-tools
[2018-09-11 23:12:25.134] [sharedprocess] [info] Scanned user extensions: 25
[2018-09-11 23:12:25.189] [sharedprocess] [info] Scanned system extensions: 71
[2018-09-11 23:12:35.567] [sharedprocess] [info] Scanned user extensions: 25
[2018-09-11 23:12:35.602] [sharedprocess] [info] Scanned user extensions: 25
[2018-09-11 23:12:35.607] [sharedprocess] [info] Scanned user extensions: 25
[2018-09-11 23:12:35.694] [sharedprocess] [info] Scanned user extensions: 25
[2018-09-11 23:12:35.754] [sharedprocess] [info] Scanned user extensions: 25
[2018-09-11 23:12:35.781] [sharedprocess] [info] Scanned user extensions: 25
[2018-09-11 23:12:36.488] [sharedprocess] [info] Scanned user extensions: 25
[2018-09-11 23:12:36.584] [sharedprocess] [info] Scanned user extensions: 25
[2018-09-11 23:12:36.789] [sharedprocess] [info] Scanned system extensions: 71
[2018-09-11 23:12:36.809] [sharedprocess] [info] Scanned system extensions: 71
[2018-09-11 23:12:36.824] [sharedprocess] [info] Scanned system extensions: 71
[2018-09-11 23:12:36.831] [sharedprocess] [info] Scanned system extensions: 71
[2018-09-11 23:12:36.876] [sharedprocess] [info] Scanned system extensions: 71
[2018-09-11 23:12:36.905] [sharedprocess] [info] Scanned system extensions: 71
[2018-09-11 23:12:39.064] [sharedprocess] [info] Scanned user extensions: 25
[2018-09-11 23:12:39.078] [sharedprocess] [info] Scanned user extensions: 25
[2018-09-11 23:16:30.552] [sharedprocess] [info] Scanned user extensions: 25
[2018-09-11 23:16:30.597] [sharedprocess] [info] Scanned user extensions: 25
[2018-09-11 23:16:30.611] [sharedprocess] [info] Scanned user extensions: 25
[2018-09-11 23:16:30.763] [sharedprocess] [info] Scanned system extensions: 71
[2018-09-11 23:16:30.779] [sharedprocess] [info] Scanned system extensions: 71
[2018-09-11 23:16:32.571] [sharedprocess] [info] Scanned user extensions: 25
[2018-09-11 23:16:32.588] [sharedprocess] [info] Scanned user extensions: 25
[2018-09-11 23:16:39.459] [sharedprocess] [info] Scanned user extensions: 25
[2018-09-11 23:16:39.572] [sharedprocess] [info] Scanned system extensions: 71
[2018-09-11 23:16:42.174] [sharedprocess] [info] Scanned user extensions: 25
[2018-09-11 23:16:42.272] [sharedprocess] [info] Scanned system extensions: 71
[2018-09-11 23:21:32.665] [sharedprocess] [info] Scanned user extensions: 25
[2018-09-11 23:26:32.810] [sharedprocess] [info] Scanned user extensions: 25
[2018-09-11 23:31:32.907] [sharedprocess] [info] Scanned user extensions: 25
[2018-09-11 23:36:32.992] [sharedprocess] [info] Scanned user extensions: 25
[2018-09-11 23:41:33.061] [sharedprocess] [info] Scanned user extensions: 25
[2018-09-11 23:46:33.126] [sharedprocess] [info] Scanned user extensions: 25
[2018-09-11 23:47:30.631] [sharedprocess] [info] Scanned user extensions: 25
[2018-09-11 23:47:30.648] [sharedprocess] [info] Scanned user extensions: 25
[2018-09-11 23:47:30.656] [sharedprocess] [info] Scanned user extensions: 25
[2018-09-11 23:47:30.712] [sharedprocess] [info] Scanned system extensions: 71
[2018-09-11 23:47:30.722] [sharedprocess] [info] Scanned system extensions: 71
[2018-09-11 23:47:31.790] [sharedprocess] [info] Scanned user extensions: 25
[2018-09-11 23:47:31.830] [sharedprocess] [info] Scanned system extensions: 71
[2018-09-11 23:47:32.973] [sharedprocess] [info] Scanned user extensions: 25
[2018-09-11 23:47:32.992] [sharedprocess] [info] Scanned user extensions: 25
[2018-09-11 23:52:33.044] [sharedprocess] [info] Scanned user extensions: 25
[2018-09-11 23:56:23.938] [sharedprocess] [info] Scanned user extensions: 25
[2018-09-11 23:56:23.984] [sharedprocess] [info] Scanned system extensions: 71
[2018-09-11 23:57:33.178] [sharedprocess] [info] Scanned user extensions: 25
[2018-09-12 00:02:33.276] [sharedprocess] [info] Scanned user extensions: 25
[2018-09-12 00:07:33.328] [sharedprocess] [info] Scanned user extensions: 25
[2018-09-12 00:12:33.393] [sharedprocess] [info] Scanned user extensions: 25
[2018-09-12 00:17:33.457] [sharedprocess] [info] Scanned user extensions: 25
[2018-09-12 00:22:33.494] [sharedprocess] [info] Scanned user extensions: 25
[2018-09-12 00:27:33.560] [sharedprocess] [info] Scanned user extensions: 25
[2018-09-12 00:32:33.621] [sharedprocess] [info] Scanned user extensions: 25
[2018-09-12 00:37:33.681] [sharedprocess] [info] Scanned user extensions: 25
[2018-09-12 00:42:33.754] [sharedprocess] [info] Scanned user extensions: 25
[2018-09-12 00:47:33.789] [sharedprocess] [info] Scanned user extensions: 25
[2018-09-12 00:52:33.828] [sharedprocess] [info] Scanned user extensions: 25
[2018-09-12 00:57:33.942] [sharedprocess] [info] Scanned user extensions: 25
[2018-09-12 01:02:34.008] [sharedprocess] [info] Scanned user extensions: 25
[2018-09-12 01:07:34.075] [sharedprocess] [info] Scanned user extensions: 25
[2018-09-12 01:12:34.141] [sharedprocess] [info] Scanned user extensions: 25
[2018-09-12 01:17:34.209] [sharedprocess] [info] Scanned user extensions: 25
[2018-09-12 01:22:34.274] [sharedprocess] [info] Scanned user extensions: 25
[2018-09-12 01:27:34.341] [sharedprocess] [info] Scanned user extensions: 25
[2018-09-12 01:32:34.409] [sharedprocess] [info] Scanned user extensions: 25
[2018-09-12 01:37:34.470] [sharedprocess] [info] Scanned user extensions: 25
[2018-09-12 11:20:28.987] [sharedprocess] [info] Scanned user extensions: 25
[2018-09-12 11:25:29.036] [sharedprocess] [info] Scanned user extensions: 25
[2018-09-12 11:30:29.104] [sharedprocess] [info] Scanned user extensions: 25
[2018-09-12 11:35:29.179] [sharedprocess] [info] Scanned user extensions: 25
[2018-09-12 20:17:28.863] [sharedprocess] [info] Scanned user extensions: 25
[2018-09-12 20:22:28.893] [sharedprocess] [info] Scanned user extensions: 25
[2018-09-12 20:27:28.938] [sharedprocess] [info] Scanned user extensions: 25
[2018-09-12 20:32:28.994] [sharedprocess] [info] Scanned user extensions: 25
[2018-09-12 20:33:39.466] [sharedprocess] [info] Scanned user extensions: 25
[2018-09-12 20:33:39.480] [sharedprocess] [info] Scanned user extensions: 25
[2018-09-12 20:33:39.496] [sharedprocess] [info] Scanned user extensions: 25
[2018-09-12 20:33:39.573] [sharedprocess] [info] Scanned system extensions: 71
[2018-09-12 20:33:39.583] [sharedprocess] [info] Scanned system extensions: 71
[2018-09-12 20:33:41.687] [sharedprocess] [info] Scanned user extensions: 25
[2018-09-12 20:33:41.704] [sharedprocess] [info] Scanned user extensions: 25
[2018-09-12 20:34:16.049] [sharedprocess] [info] Scanned user extensions: 25
[2018-09-12 20:34:16.090] [sharedprocess] [info] Scanned system extensions: 71
[2018-09-12 20:34:19.860] [sharedprocess] [info] Scanned user extensions: 25
[2018-09-12 20:34:19.895] [sharedprocess] [info] Scanned system extensions: 71
[2018-09-12 20:38:41.773] [sharedprocess] [info] Scanned user extensions: 25
[2018-09-12 20:43:41.836] [sharedprocess] [info] Scanned user extensions: 25
[2018-09-12 20:48:41.899] [sharedprocess] [info] Scanned user extensions: 25
[2018-09-12 20:53:41.994] [sharedprocess] [info] Scanned user extensions: 25
[2018-09-12 20:58:42.041] [sharedprocess] [info] Scanned user extensions: 25
[2018-09-12 21:03:42.110] [sharedprocess] [info] Scanned user extensions: 25
[2018-09-12 21:08:42.178] [sharedprocess] [info] Scanned user extensions: 25
[2018-09-12 21:13:42.253] [sharedprocess] [info] Scanned user extensions: 25
[2018-09-12 21:18:42.417] [sharedprocess] [info] Scanned user extensions: 25
[2018-09-12 21:23:42.483] [sharedprocess] [info] Scanned user extensions: 25
[2018-09-12 21:28:42.519] [sharedprocess] [info] Scanned user extensions: 25
[2018-09-12 21:33:42.569] [sharedprocess] [info] Scanned user extensions: 25
[2018-09-12 21:38:42.626] [sharedprocess] [info] Scanned user extensions: 25
[2018-09-12 21:43:42.683] [sharedprocess] [info] Scanned user extensions: 25
[2018-09-12 21:48:42.751] [sharedprocess] [info] Scanned user extensions: 25
[2018-09-12 21:51:46.593] [sharedprocess] [info] Scanned user extensions: 25
[2018-09-12 21:51:46.602] [sharedprocess] [info] Scanned user extensions: 25
[2018-09-12 21:51:46.611] [sharedprocess] [info] Scanned user extensions: 25
[2018-09-12 21:51:46.651] [sharedprocess] [info] Scanned system extensions: 71
[2018-09-12 21:51:46.657] [sharedprocess] [info] Scanned system extensions: 71
[2018-09-12 21:51:48.934] [sharedprocess] [info] Scanned user extensions: 25
[2018-09-12 21:51:48.963] [sharedprocess] [info] Scanned user extensions: 25
[2018-09-12 21:52:15.615] [sharedprocess] [info] Scanned user extensions: 25
[2018-09-12 21:52:15.738] [sharedprocess] [info] Scanned system extensions: 71
[2018-09-12 21:52:18.349] [sharedprocess] [info] Scanned user extensions: 25
[2018-09-12 21:52:18.388] [sharedprocess] [info] Scanned system extensions: 71
[2018-09-12 21:56:49.324] [sharedprocess] [info] Scanned user extensions: 25
[2018-09-12 22:01:49.377] [sharedprocess] [info] Scanned user extensions: 25
[2018-09-12 22:06:49.435] [sharedprocess] [info] Scanned user extensions: 25
