writeCommonTags: couldn't write 'year' tag to 'yt/torikelly/Hallelujah_ToriKelly.m4a' as it's not a positive integer
writeCommonTags: couldn't write 'track' tag to 'yt/torikelly/Hallelujah_ToriKelly.m4a' as it's not a positive integer
writeCommonTags: couldn't write 'year' tag to 'yt/torikelly/Hallelujah_ToriKelly.m4a' as it's not a positive integer
writeCommonTags: couldn't write 'track' tag to 'yt/torikelly/Hallelujah_ToriKelly.m4a' as it's not a positive integer
writeCommonTags: couldn't write 'year' tag to 'yt/stevelawrence/PortraitOfMyLove_SteveLawrence.m4a' as it's not a positive integer
writeCommonTags: couldn't write 'track' tag to 'yt/stevelawrence/PortraitOfMyLove_SteveLawrence.m4a' as it's not a positive integer
writeCommonTags: couldn't write 'year' tag to 'yt/christomlin/AmazingGraceMyChainsareGone_ChrisTomlin.m4a' as it's not a positive integer
writeCommonTags: couldn't write 'track' tag to 'yt/christomlin/AmazingGraceMyChainsareGone_ChrisTomlin.m4a' as it's not a positive integer
writeCommonTags: couldn't write 'year' tag to 'yt/barrymanilow/CantSmileWithoutYou_BarryManilow.m4a' as it's not a positive integer
writeCommonTags: couldn't write 'track' tag to 'yt/barrymanilow/CantSmileWithoutYou_BarryManilow.m4a' as it's not a positive integer
writeCommonTags: couldn't write 'year' tag to 'yt/allsonsanddaughters/ComeThouFount_AllSons&Daughters.m4a' as it's not a positive integer
writeCommonTags: couldn't write 'track' tag to 'yt/allsonsanddaughters/ComeThouFount_AllSons&Daughters.m4a' as it's not a positive integer
writeCommonTags: couldn't write 'track' tag to 'yt/tenpers/Tenpers_CadenceOfHyrule.m4a' as it's not a positive integer
writeCommonTags: couldn't write 'year' tag to 'yt/timdeman/TimDeMan_DragonRoostIsland.m4a' as it's not a positive integer
writeCommonTags: couldn't write 'track' tag to 'yt/timdeman/TimDeMan_DragonRoostIsland.m4a' as it's not a positive integer
writeCommonTags: couldn't write 'year' tag to 'yt/apalacheefalls/ApalacheeFalls_CountryRoads.m4a' as it's not a positive integer
writeCommonTags: couldn't write 'track' tag to 'yt/apalacheefalls/ApalacheeFalls_CountryRoads.m4a' as it's not a positive integer
writeCommonTags: couldn't write 'year' tag to 'yt/robbierobb/RobbieRobb_InTime.m4a' as it's not a positive integer
writeCommonTags: couldn't write 'track' tag to 'yt/robbierobb/RobbieRobb_InTime.m4a' as it's not a positive integer
writeCommonTags: couldn't write 'year' tag to 'yt/timdeman/TimDeMan_DragonRoostIsland.m4a' as it's not a positive integer
writeCommonTags: couldn't write 'track' tag to 'yt/timdeman/TimDeMan_DragonRoostIsland.m4a' as it's not a positive integer
writeCommonTags: couldn't write 'year' tag to 'yt/zefyr/Zefyr_FullmetalAlchemistBrotherhoodOST.m4a' as it's not a positive integer
writeCommonTags: couldn't write 'track' tag to 'yt/zefyr/Zefyr_FullmetalAlchemistBrotherhoodOST.m4a' as it's not a positive integer
writeCommonTags: couldn't write 'year' tag to 'yt/gamechops/GameChops_MarioAndChill.m4a' as it's not a positive integer
writeCommonTags: couldn't write 'track' tag to 'yt/gamechops/GameChops_MarioAndChill.m4a' as it's not a positive integer
writeCommonTags: couldn't write 'year' tag to 'yt/gamechops/GameChops_PokeAndChill.m4a' as it's not a positive integer
writeCommonTags: couldn't write 'track' tag to 'yt/gamechops/GameChops_PokeAndChill.m4a' as it's not a positive integer
writeCommonTags: couldn't write 'year' tag to 'yt/gamechops/GameChops_ZeldaAndChill.m4a' as it's not a positive integer
writeCommonTags: couldn't write 'track' tag to 'yt/gamechops/GameChops_ZeldaAndChill.m4a' as it's not a positive integer
