[2018-09-11 23:07:33.914] [exthost3] [info] extension host started
[2018-09-11 23:07:33.949] [exthost3] [info] ExtensionService#_doActivateExtension vscode.debug-auto-launch {"startup":true,"activationEvent":"*"}
[2018-09-11 23:07:33.949] [exthost3] [info] ExtensionService#loadCommonJSModule /usr/share/code/resources/app/extensions/debug-auto-launch/out/extension
[2018-09-11 23:07:33.962] [exthost3] [info] ExtensionService#_doActivateExtension vscode.emmet {"startup":true,"activationEvent":"*"}
[2018-09-11 23:07:33.962] [exthost3] [info] ExtensionService#loadCommonJSModule /usr/share/code/resources/app/extensions/emmet/dist/extension
[2018-09-11 23:07:34.021] [exthost3] [info] ExtensionService#_doActivateExtension vscode.git {"startup":true,"activationEvent":"*"}
[2018-09-11 23:07:34.021] [exthost3] [info] ExtensionService#loadCommonJSModule /usr/share/code/resources/app/extensions/git/dist/main
[2018-09-11 23:07:34.273] [exthost3] [info] ExtensionService#_doActivateExtension vscode.merge-conflict {"startup":true,"activationEvent":"*"}
[2018-09-11 23:07:34.273] [exthost3] [info] ExtensionService#loadCommonJSModule /usr/share/code/resources/app/extensions/merge-conflict/out/extension
[2018-09-11 23:07:34.291] [exthost3] [info] ExtensionService#_doActivateExtension vscode.search-rg {"startup":true,"activationEvent":"*"}
[2018-09-11 23:07:34.291] [exthost3] [info] ExtensionService#loadCommonJSModule /usr/share/code/resources/app/extensions/search-rg/out/extension
[2018-09-11 23:07:34.301] [exthost3] [info] ExtensionService#_doActivateExtension dbaeumer.vscode-eslint {"startup":true,"activationEvent":"*"}
[2018-09-11 23:07:34.301] [exthost3] [info] ExtensionService#loadCommonJSModule /home/jbustamante/.vscode/extensions/dbaeumer.vscode-eslint-1.5.0/client/out/extension
[2018-09-11 23:07:34.399] [exthost3] [info] ExtensionService#_doActivateExtension mtxr.sqltools {"startup":true,"activationEvent":"*"}
[2018-09-11 23:07:34.399] [exthost3] [info] ExtensionService#loadCommonJSModule /home/jbustamante/.vscode/extensions/mtxr.sqltools-0.15.0/dist/sqltools
[2018-09-11 23:07:35.319] [exthost3] [info] ExtensionService#_doActivateExtension ms-vscode.cpptools {"startup":true,"activationEvent":"*"}
[2018-09-11 23:07:35.320] [exthost3] [info] ExtensionService#loadCommonJSModule /home/jbustamante/.vscode/extensions/ms-vscode.cpptools-0.18.1/out/src/main
[2018-09-11 23:07:35.585] [exthost3] [info] ExtensionService#_doActivateExtension vscodevim.vim {"startup":true,"activationEvent":"*"}
[2018-09-11 23:07:35.585] [exthost3] [info] ExtensionService#loadCommonJSModule /home/jbustamante/.vscode/extensions/vscodevim.vim-0.16.4/out/extension
[2018-09-11 23:07:36.288] [exthost3] [info] ExtensionService#_doActivateExtension Zignd.html-css-class-completion {"startup":true,"activationEvent":"*"}
[2018-09-11 23:07:36.288] [exthost3] [info] ExtensionService#loadCommonJSModule /home/jbustamante/.vscode/extensions/zignd.html-css-class-completion-1.17.1/out/src/extension
[2018-09-11 23:07:36.887] [exthost3] [info] eager extensions activated
[2018-09-11 23:07:36.891] [exthost3] [info] ExtensionService#_doActivateExtension GrapeCity.gc-excelviewer {"startup":false,"activationEvent":"onLanguage:plaintext"}
[2018-09-11 23:07:36.891] [exthost3] [info] ExtensionService#loadCommonJSModule /home/jbustamante/.vscode/extensions/grapecity.gc-excelviewer-2.1.26/out/src/extension
[2018-09-11 23:07:37.578] [exthost3] [info] ExtensionService#_doActivateExtension vsciot-vscode.vscode-arduino {"startup":true,"activationEvent":"*"}
[2018-09-11 23:07:37.578] [exthost3] [info] ExtensionService#loadCommonJSModule /home/jbustamante/.vscode/extensions/vsciot-vscode.vscode-arduino-0.2.20/out/src/extension
