writeCommonTags: couldn't write 'year' tag to 'yt/lofi/FinalFantasyIX_Chill.m4a' as it's not a positive integer
writeCommonTags: couldn't write 'track' tag to 'yt/lofi/FinalFantasyIX_Chill.m4a' as it's not a positive integer
writeCommonTags: couldn't write 'year' tag to 'yt/lofi/p o k e m o n and l o f i.mp4' as it's not a positive integer
writeCommonTags: couldn't write 'track' tag to 'yt/lofi/p o k e m o n and l o f i.mp4' as it's not a positive integer
writeCommonTags: couldn't write 'year' tag to 'yt/lofi/z e l d a and l o f i.mp4' as it's not a positive integer
writeCommonTags: couldn't write 'track' tag to 'yt/lofi/z e l d a and l o f i.mp4' as it's not a positive integer
writeCommonTags: couldn't write 'year' tag to 'yt/lofi/n i n t e n d o and l o f i.mp4' as it's not a positive integer
writeCommonTags: couldn't write 'track' tag to 'yt/lofi/n i n t e n d o and l o f i.mp4' as it's not a positive integer
writeCommonTags: couldn't write 'year' tag to 'yt/lofi/n i n t e n d o and l o f i I I I.mp4' as it's not a positive integer
writeCommonTags: couldn't write 'track' tag to 'yt/lofi/n i n t e n d o and l o f i I I I.mp4' as it's not a positive integer
writeCommonTags: couldn't write 'year' tag to 'yt/lofi/n i n t e n d o and l o f i I I.m4a' as it's not a positive integer
writeCommonTags: couldn't write 'track' tag to 'yt/lofi/n i n t e n d o and l o f i I I.m4a' as it's not a positive integer
writeCommonTags: couldn't write 'year' tag to 'yt/lofi/n i n t e n d o and l o f i I I.m4a' as it's not a positive integer
writeCommonTags: couldn't write 'track' tag to 'yt/lofi/n i n t e n d o and l o f i I I.m4a' as it's not a positive integer
writeCommonTags: couldn't write 'year' tag to 'yt/lofi/ｚｅｌｄａ　ａｎｄ　ｌｏｆｉ-6zvIxD4FUTA.m4a' as it's not a positive integer
writeCommonTags: couldn't write 'track' tag to 'yt/lofi/ｚｅｌｄａ　ａｎｄ　ｌｏｆｉ-6zvIxD4FUTA.m4a' as it's not a positive integer
writeCommonTags: couldn't write 'year' tag to 'yt/lofi/ｎｉｎｔｅｎｄｏ　ａｎｄ　ｌｏｆｉ-AvhplYM46Fc.m4a' as it's not a positive integer
writeCommonTags: couldn't write 'track' tag to 'yt/lofi/ｎｉｎｔｅｎｄｏ　ａｎｄ　ｌｏｆｉ-AvhplYM46Fc.m4a' as it's not a positive integer
writeCommonTags: couldn't write 'year' tag to 'yt/lofi/ｎｉｎｔｅｎｄｏ　ａｎｄ　ｌｏｆｉ　ＩＩＩ-UkjFV-66E2c.m4a' as it's not a positive integer
writeCommonTags: couldn't write 'track' tag to 'yt/lofi/ｎｉｎｔｅｎｄｏ　ａｎｄ　ｌｏｆｉ　ＩＩＩ-UkjFV-66E2c.m4a' as it's not a positive integer
writeCommonTags: couldn't write 'year' tag to 'yt/tetriseffect/Tetris Effect  - Jeweled Veil - Temptation - Theater Mode-GrotooUa8fk.m4a' as it's not a positive integer
writeCommonTags: couldn't write 'track' tag to 'yt/tetriseffect/Tetris Effect  - Jeweled Veil - Temptation - Theater Mode-GrotooUa8fk.m4a' as it's not a positive integer
writeCommonTags: couldn't write 'year' tag to 'yt/tetriseffect/Tetris Effect  - Spirit Canyon - New Beginnings - Theater Mode-UNKUYAWQr54.m4a' as it's not a positive integer
writeCommonTags: couldn't write 'track' tag to 'yt/tetriseffect/Tetris Effect  - Spirit Canyon - New Beginnings - Theater Mode-UNKUYAWQr54.m4a' as it's not a positive integer
writeCommonTags: couldn't write 'year' tag to 'yt/tetriseffect/Tetris Effect - (With More Sound Effects) - Dolphin Surf - You and I  - Theater Mode-bUtVKGRrrE0.m4a' as it's not a positive integer
writeCommonTags: couldn't write 'track' tag to 'yt/tetriseffect/Tetris Effect - (With More Sound Effects) - Dolphin Surf - You and I  - Theater Mode-bUtVKGRrrE0.m4a' as it's not a positive integer
writeCommonTags: couldn't write 'year' tag to 'yt/tetriseffect/Tetris Effect - (With More Sound Effects) Orbit - Hometown - Theater Mode-Vlu6PsaSRdE.m4a' as it's not a positive integer
writeCommonTags: couldn't write 'track' tag to 'yt/tetriseffect/Tetris Effect - (With More Sound Effects) Orbit - Hometown - Theater Mode-Vlu6PsaSRdE.m4a' as it's not a positive integer
writeCommonTags: couldn't write 'year' tag to 'yt/tetriseffect/Tetris Effect - Aurora Peak - Snows - Theater Mode-zxXW83gYpTI.m4a' as it's not a positive integer
writeCommonTags: couldn't write 'track' tag to 'yt/tetriseffect/Tetris Effect - Aurora Peak - Snows - Theater Mode-zxXW83gYpTI.m4a' as it's not a positive integer
writeCommonTags: couldn't write 'year' tag to 'yt/tetriseffect/Tetris Effect - Balloon High - Look Up - Theater Mode-6HrIZsVaUeE.m4a' as it's not a positive integer
writeCommonTags: couldn't write 'track' tag to 'yt/tetriseffect/Tetris Effect - Balloon High - Look Up - Theater Mode-6HrIZsVaUeE.m4a' as it's not a positive integer
writeCommonTags: couldn't write 'year' tag to 'yt/tetriseffect/Tetris Effect - Celebration - All Nations - Theater Mode-LOSkajVoiL8.m4a' as it's not a positive integer
writeCommonTags: couldn't write 'track' tag to 'yt/tetriseffect/Tetris Effect - Celebration - All Nations - Theater Mode-LOSkajVoiL8.m4a' as it's not a positive integer
writeCommonTags: couldn't write 'year' tag to 'yt/tetriseffect/Tetris Effect - Da Vinci - Bright Shadow - Theater Mode-u4-eVz7JjAo.m4a' as it's not a positive integer
writeCommonTags: couldn't write 'track' tag to 'yt/tetriseffect/Tetris Effect - Da Vinci - Bright Shadow - Theater Mode-u4-eVz7JjAo.m4a' as it's not a positive integer
writeCommonTags: couldn't write 'year' tag to 'yt/tetriseffect/Tetris Effect - Deserted - Lunar Discourse - Theater Mode-IKfmlgKaTnI.m4a' as it's not a positive integer
writeCommonTags: couldn't write 'track' tag to 'yt/tetriseffect/Tetris Effect - Deserted - Lunar Discourse - Theater Mode-IKfmlgKaTnI.m4a' as it's not a positive integer
writeCommonTags: couldn't write 'year' tag to 'yt/tetriseffect/Tetris Effect - Dolphin Surf - You and I  - Theater Mode-Vj8BhL8RV68.m4a' as it's not a positive integer
writeCommonTags: couldn't write 'track' tag to 'yt/tetriseffect/Tetris Effect - Dolphin Surf - You and I  - Theater Mode-Vj8BhL8RV68.m4a' as it's not a positive integer
writeCommonTags: couldn't write 'year' tag to 'yt/tetriseffect/Tetris Effect - Downtown Jazz - City Lights - Theater Mode-oADySUP-f3w.m4a' as it's not a positive integer
writeCommonTags: couldn't write 'track' tag to 'yt/tetriseffect/Tetris Effect - Downtown Jazz - City Lights - Theater Mode-oADySUP-f3w.m4a' as it's not a positive integer
writeCommonTags: couldn't write 'year' tag to 'yt/tetriseffect/Tetris Effect - Forest Dawn - Boscage - Theater Mode-ujcLDBWnwsg.m4a' as it's not a positive integer
writeCommonTags: couldn't write 'track' tag to 'yt/tetriseffect/Tetris Effect - Forest Dawn - Boscage - Theater Mode-ujcLDBWnwsg.m4a' as it's not a positive integer
writeCommonTags: couldn't write 'year' tag to 'yt/tetriseffect/Tetris Effect - Hula Soul -  'Aumakua - Theater Mode-5fNtTiqMaAw.m4a' as it's not a positive integer
writeCommonTags: couldn't write 'track' tag to 'yt/tetriseffect/Tetris Effect - Hula Soul -  'Aumakua - Theater Mode-5fNtTiqMaAw.m4a' as it's not a positive integer
writeCommonTags: couldn't write 'year' tag to 'yt/tetriseffect/Tetris Effect - Jellyfish Chorus - Joy - Theater Mode-ipObdtRGYDE.m4a' as it's not a positive integer
writeCommonTags: couldn't write 'track' tag to 'yt/tetriseffect/Tetris Effect - Jellyfish Chorus - Joy - Theater Mode-ipObdtRGYDE.m4a' as it's not a positive integer
writeCommonTags: couldn't write 'year' tag to 'yt/tetriseffect/Tetris Effect - Kaleidoscope - 3 senses - Theater Mode-C1FvZbDWyXc.m4a' as it's not a positive integer
writeCommonTags: couldn't write 'track' tag to 'yt/tetriseffect/Tetris Effect - Kaleidoscope - 3 senses - Theater Mode-C1FvZbDWyXc.m4a' as it's not a positive integer
writeCommonTags: couldn't write 'year' tag to 'yt/tetriseffect/Tetris Effect - Karma Wheel - Pulse - Theater Mode-zCuICXcpkus.m4a' as it's not a positive integer
writeCommonTags: couldn't write 'track' tag to 'yt/tetriseffect/Tetris Effect - Karma Wheel - Pulse - Theater Mode-zCuICXcpkus.m4a' as it's not a positive integer
writeCommonTags: couldn't write 'year' tag to 'yt/tetriseffect/Tetris Effect - Mermaid Cove - World of Colors - Theater Mode-ZfnKOPTEUtI.m4a' as it's not a positive integer
writeCommonTags: couldn't write 'track' tag to 'yt/tetriseffect/Tetris Effect - Mermaid Cove - World of Colors - Theater Mode-ZfnKOPTEUtI.m4a' as it's not a positive integer
writeCommonTags: couldn't write 'year' tag to 'yt/tetriseffect/Tetris Effect - Metamorphosis - Always Been But Never Dreamed - Theater Mode-QeZne1wVyl0.m4a' as it's not a positive integer
writeCommonTags: couldn't write 'track' tag to 'yt/tetriseffect/Tetris Effect - Metamorphosis - Always Been But Never Dreamed - Theater Mode-QeZne1wVyl0.m4a' as it's not a positive integer
writeCommonTags: couldn't write 'year' tag to 'yt/tetriseffect/Tetris Effect - Orbit - Hometown - Theater Mode-m4_PsfMQvz0.m4a' as it's not a positive integer
writeCommonTags: couldn't write 'track' tag to 'yt/tetriseffect/Tetris Effect - Orbit - Hometown - Theater Mode-m4_PsfMQvz0.m4a' as it's not a positive integer
writeCommonTags: couldn't write 'year' tag to 'yt/tetriseffect/Tetris Effect - Pharaoh's Code - Next Chapter - Theater Mode-8D7cYQY6r0g.m4a' as it's not a positive integer
writeCommonTags: couldn't write 'track' tag to 'yt/tetriseffect/Tetris Effect - Pharaoh's Code - Next Chapter - Theater Mode-8D7cYQY6r0g.m4a' as it's not a positive integer
writeCommonTags: couldn't write 'year' tag to 'yt/tetriseffect/Tetris Effect - Prayer Circle - Spring Field - Theater Mode-7QWijux8Lio.m4a' as it's not a positive integer
writeCommonTags: couldn't write 'track' tag to 'yt/tetriseffect/Tetris Effect - Prayer Circle - Spring Field - Theater Mode-7QWijux8Lio.m4a' as it's not a positive integer
writeCommonTags: couldn't write 'year' tag to 'yt/tetriseffect/Tetris Effect - Ritual Passion - Flames - Theater Mode-NmIiwj86OQA.m4a' as it's not a positive integer
writeCommonTags: couldn't write 'track' tag to 'yt/tetriseffect/Tetris Effect - Ritual Passion - Flames - Theater Mode-NmIiwj86OQA.m4a' as it's not a positive integer
writeCommonTags: couldn't write 'year' tag to 'yt/tetriseffect/Tetris Effect - Starfall - Secrets - Theater Mode-2ad1jWGT-MQ.m4a' as it's not a positive integer
writeCommonTags: couldn't write 'track' tag to 'yt/tetriseffect/Tetris Effect - Starfall - Secrets - Theater Mode-2ad1jWGT-MQ.m4a' as it's not a positive integer
writeCommonTags: couldn't write 'year' tag to 'yt/tetriseffect/Tetris Effect - Stratosphere - Here - Theater Mode-QmJHCAN41ps.m4a' as it's not a positive integer
writeCommonTags: couldn't write 'track' tag to 'yt/tetriseffect/Tetris Effect - Stratosphere - Here - Theater Mode-QmJHCAN41ps.m4a' as it's not a positive integer
writeCommonTags: couldn't write 'year' tag to 'yt/tetriseffect/Tetris Effect - Stratosphere - Like Never Before - Theater Mode-faX7fXEA6L8.m4a' as it's not a positive integer
writeCommonTags: couldn't write 'track' tag to 'yt/tetriseffect/Tetris Effect - Stratosphere - Like Never Before - Theater Mode-faX7fXEA6L8.m4a' as it's not a positive integer
writeCommonTags: couldn't write 'year' tag to 'yt/tetriseffect/Tetris Effect - Stratosphere - So They Say - Theater Mode-EKaDAFzeGAA.m4a' as it's not a positive integer
writeCommonTags: couldn't write 'track' tag to 'yt/tetriseffect/Tetris Effect - Stratosphere - So They Say - Theater Mode-EKaDAFzeGAA.m4a' as it's not a positive integer
writeCommonTags: couldn't write 'year' tag to 'yt/tetriseffect/Tetris Effect - Sunset Breeze - Moments - Theater Mode-iG6yviQPaS8.m4a' as it's not a positive integer
writeCommonTags: couldn't write 'track' tag to 'yt/tetriseffect/Tetris Effect - Sunset Breeze - Moments - Theater Mode-iG6yviQPaS8.m4a' as it's not a positive integer
writeCommonTags: couldn't write 'year' tag to 'yt/tetriseffect/Tetris Effect - The Deep - Yours Forever - Theater Mode-TCp2BS_L0yE.m4a' as it's not a positive integer
writeCommonTags: couldn't write 'track' tag to 'yt/tetriseffect/Tetris Effect - The Deep - Yours Forever - Theater Mode-TCp2BS_L0yE.m4a' as it's not a positive integer
writeCommonTags: couldn't write 'year' tag to 'yt/tetriseffect/Tetris Effect - Turtle Dreams - Around Me - Theater Mode-GhE1Efpgh08.m4a' as it's not a positive integer
writeCommonTags: couldn't write 'track' tag to 'yt/tetriseffect/Tetris Effect - Turtle Dreams - Around Me - Theater Mode-GhE1Efpgh08.m4a' as it's not a positive integer
writeCommonTags: couldn't write 'year' tag to 'yt/tetriseffect/Tetris Effect - Yin and Yang - Chains - Theater Mode-hvOyw_lsXqc.m4a' as it's not a positive integer
writeCommonTags: couldn't write 'track' tag to 'yt/tetriseffect/Tetris Effect - Yin and Yang - Chains - Theater Mode-hvOyw_lsXqc.m4a' as it's not a positive integer
writeCommonTags: couldn't write 'year' tag to 'yt/tetriseffect/Tetris Effect - Zen Blossoms - Unfold - Theater Mode-EkFCrAIqaGs.m4a' as it's not a positive integer
writeCommonTags: couldn't write 'track' tag to 'yt/tetriseffect/Tetris Effect - Zen Blossoms - Unfold - Theater Mode-EkFCrAIqaGs.m4a' as it's not a positive integer
writeCommonTags: couldn't write 'year' tag to 'yt/tetriseffect/Tetris Effect  - Jeweled Veil - Temptation - Theater Mode-GrotooUa8fk.m4a' as it's not a positive integer
writeCommonTags: couldn't write 'track' tag to 'yt/tetriseffect/Tetris Effect  - Jeweled Veil - Temptation - Theater Mode-GrotooUa8fk.m4a' as it's not a positive integer
writeCommonTags: couldn't write 'year' tag to 'yt/tetriseffect/Tetris Effect  - Spirit Canyon - New Beginnings - Theater Mode-UNKUYAWQr54.m4a' as it's not a positive integer
writeCommonTags: couldn't write 'track' tag to 'yt/tetriseffect/Tetris Effect  - Spirit Canyon - New Beginnings - Theater Mode-UNKUYAWQr54.m4a' as it's not a positive integer
writeCommonTags: couldn't write 'year' tag to 'yt/tetriseffect/Tetris Effect - (With More Sound Effects) - Dolphin Surf - You and I  - Theater Mode-bUtVKGRrrE0.m4a' as it's not a positive integer
writeCommonTags: couldn't write 'track' tag to 'yt/tetriseffect/Tetris Effect - (With More Sound Effects) - Dolphin Surf - You and I  - Theater Mode-bUtVKGRrrE0.m4a' as it's not a positive integer
writeCommonTags: couldn't write 'year' tag to 'yt/tetriseffect/Tetris Effect - (With More Sound Effects) Orbit - Hometown - Theater Mode-Vlu6PsaSRdE.m4a' as it's not a positive integer
writeCommonTags: couldn't write 'track' tag to 'yt/tetriseffect/Tetris Effect - (With More Sound Effects) Orbit - Hometown - Theater Mode-Vlu6PsaSRdE.m4a' as it's not a positive integer
writeCommonTags: couldn't write 'year' tag to 'yt/tetriseffect/Tetris Effect - Aurora Peak - Snows - Theater Mode-zxXW83gYpTI.m4a' as it's not a positive integer
writeCommonTags: couldn't write 'track' tag to 'yt/tetriseffect/Tetris Effect - Aurora Peak - Snows - Theater Mode-zxXW83gYpTI.m4a' as it's not a positive integer
writeCommonTags: couldn't write 'year' tag to 'yt/tetriseffect/Tetris Effect - Balloon High - Look Up - Theater Mode-6HrIZsVaUeE.m4a' as it's not a positive integer
writeCommonTags: couldn't write 'track' tag to 'yt/tetriseffect/Tetris Effect - Balloon High - Look Up - Theater Mode-6HrIZsVaUeE.m4a' as it's not a positive integer
writeCommonTags: couldn't write 'year' tag to 'yt/tetriseffect/Tetris Effect - Celebration - All Nations - Theater Mode-LOSkajVoiL8.m4a' as it's not a positive integer
writeCommonTags: couldn't write 'track' tag to 'yt/tetriseffect/Tetris Effect - Celebration - All Nations - Theater Mode-LOSkajVoiL8.m4a' as it's not a positive integer
writeCommonTags: couldn't write 'year' tag to 'yt/tetriseffect/Tetris Effect - Da Vinci - Bright Shadow - Theater Mode-u4-eVz7JjAo.m4a' as it's not a positive integer
writeCommonTags: couldn't write 'track' tag to 'yt/tetriseffect/Tetris Effect - Da Vinci - Bright Shadow - Theater Mode-u4-eVz7JjAo.m4a' as it's not a positive integer
writeCommonTags: couldn't write 'year' tag to 'yt/tetriseffect/Tetris Effect - Deserted - Lunar Discourse - Theater Mode-IKfmlgKaTnI.m4a' as it's not a positive integer
writeCommonTags: couldn't write 'track' tag to 'yt/tetriseffect/Tetris Effect - Deserted - Lunar Discourse - Theater Mode-IKfmlgKaTnI.m4a' as it's not a positive integer
writeCommonTags: couldn't write 'year' tag to 'yt/tetriseffect/Tetris Effect - Dolphin Surf - You and I  - Theater Mode-Vj8BhL8RV68.m4a' as it's not a positive integer
writeCommonTags: couldn't write 'track' tag to 'yt/tetriseffect/Tetris Effect - Dolphin Surf - You and I  - Theater Mode-Vj8BhL8RV68.m4a' as it's not a positive integer
writeCommonTags: couldn't write 'year' tag to 'yt/tetriseffect/Tetris Effect - Downtown Jazz - City Lights - Theater Mode-oADySUP-f3w.m4a' as it's not a positive integer
writeCommonTags: couldn't write 'track' tag to 'yt/tetriseffect/Tetris Effect - Downtown Jazz - City Lights - Theater Mode-oADySUP-f3w.m4a' as it's not a positive integer
writeCommonTags: couldn't write 'year' tag to 'yt/tetriseffect/Tetris Effect - Forest Dawn - Boscage - Theater Mode-ujcLDBWnwsg.m4a' as it's not a positive integer
writeCommonTags: couldn't write 'track' tag to 'yt/tetriseffect/Tetris Effect - Forest Dawn - Boscage - Theater Mode-ujcLDBWnwsg.m4a' as it's not a positive integer
writeCommonTags: couldn't write 'year' tag to 'yt/tetriseffect/Tetris Effect - Hula Soul -  'Aumakua - Theater Mode-5fNtTiqMaAw.m4a' as it's not a positive integer
writeCommonTags: couldn't write 'track' tag to 'yt/tetriseffect/Tetris Effect - Hula Soul -  'Aumakua - Theater Mode-5fNtTiqMaAw.m4a' as it's not a positive integer
writeCommonTags: couldn't write 'year' tag to 'yt/tetriseffect/Tetris Effect - Jellyfish Chorus - Joy - Theater Mode-ipObdtRGYDE.m4a' as it's not a positive integer
writeCommonTags: couldn't write 'track' tag to 'yt/tetriseffect/Tetris Effect - Jellyfish Chorus - Joy - Theater Mode-ipObdtRGYDE.m4a' as it's not a positive integer
writeCommonTags: couldn't write 'year' tag to 'yt/tetriseffect/Tetris Effect - Kaleidoscope - 3 senses - Theater Mode-C1FvZbDWyXc.m4a' as it's not a positive integer
writeCommonTags: couldn't write 'track' tag to 'yt/tetriseffect/Tetris Effect - Kaleidoscope - 3 senses - Theater Mode-C1FvZbDWyXc.m4a' as it's not a positive integer
writeCommonTags: couldn't write 'year' tag to 'yt/tetriseffect/Tetris Effect - Karma Wheel - Pulse - Theater Mode-zCuICXcpkus.m4a' as it's not a positive integer
writeCommonTags: couldn't write 'track' tag to 'yt/tetriseffect/Tetris Effect - Karma Wheel - Pulse - Theater Mode-zCuICXcpkus.m4a' as it's not a positive integer
writeCommonTags: couldn't write 'year' tag to 'yt/tetriseffect/Tetris Effect - Mermaid Cove - World of Colors - Theater Mode-ZfnKOPTEUtI.m4a' as it's not a positive integer
writeCommonTags: couldn't write 'track' tag to 'yt/tetriseffect/Tetris Effect - Mermaid Cove - World of Colors - Theater Mode-ZfnKOPTEUtI.m4a' as it's not a positive integer
writeCommonTags: couldn't write 'year' tag to 'yt/tetriseffect/Tetris Effect - Metamorphosis - Always Been But Never Dreamed - Theater Mode-QeZne1wVyl0.m4a' as it's not a positive integer
writeCommonTags: couldn't write 'track' tag to 'yt/tetriseffect/Tetris Effect - Metamorphosis - Always Been But Never Dreamed - Theater Mode-QeZne1wVyl0.m4a' as it's not a positive integer
writeCommonTags: couldn't write 'year' tag to 'yt/tetriseffect/Tetris Effect - Orbit - Hometown - Theater Mode-m4_PsfMQvz0.m4a' as it's not a positive integer
writeCommonTags: couldn't write 'track' tag to 'yt/tetriseffect/Tetris Effect - Orbit - Hometown - Theater Mode-m4_PsfMQvz0.m4a' as it's not a positive integer
writeCommonTags: couldn't write 'year' tag to 'yt/tetriseffect/Tetris Effect - Pharaoh's Code - Next Chapter - Theater Mode-8D7cYQY6r0g.m4a' as it's not a positive integer
writeCommonTags: couldn't write 'track' tag to 'yt/tetriseffect/Tetris Effect - Pharaoh's Code - Next Chapter - Theater Mode-8D7cYQY6r0g.m4a' as it's not a positive integer
writeCommonTags: couldn't write 'year' tag to 'yt/tetriseffect/Tetris Effect - Prayer Circle - Spring Field - Theater Mode-7QWijux8Lio.m4a' as it's not a positive integer
writeCommonTags: couldn't write 'track' tag to 'yt/tetriseffect/Tetris Effect - Prayer Circle - Spring Field - Theater Mode-7QWijux8Lio.m4a' as it's not a positive integer
writeCommonTags: couldn't write 'year' tag to 'yt/tetriseffect/Tetris Effect - Ritual Passion - Flames - Theater Mode-NmIiwj86OQA.m4a' as it's not a positive integer
writeCommonTags: couldn't write 'track' tag to 'yt/tetriseffect/Tetris Effect - Ritual Passion - Flames - Theater Mode-NmIiwj86OQA.m4a' as it's not a positive integer
writeCommonTags: couldn't write 'year' tag to 'yt/tetriseffect/Tetris Effect - Starfall - Secrets - Theater Mode-2ad1jWGT-MQ.m4a' as it's not a positive integer
writeCommonTags: couldn't write 'track' tag to 'yt/tetriseffect/Tetris Effect - Starfall - Secrets - Theater Mode-2ad1jWGT-MQ.m4a' as it's not a positive integer
writeCommonTags: couldn't write 'year' tag to 'yt/tetriseffect/Tetris Effect - Stratosphere - Here - Theater Mode-QmJHCAN41ps.m4a' as it's not a positive integer
writeCommonTags: couldn't write 'track' tag to 'yt/tetriseffect/Tetris Effect - Stratosphere - Here - Theater Mode-QmJHCAN41ps.m4a' as it's not a positive integer
writeCommonTags: couldn't write 'year' tag to 'yt/tetriseffect/Tetris Effect - Stratosphere - Like Never Before - Theater Mode-faX7fXEA6L8.m4a' as it's not a positive integer
writeCommonTags: couldn't write 'track' tag to 'yt/tetriseffect/Tetris Effect - Stratosphere - Like Never Before - Theater Mode-faX7fXEA6L8.m4a' as it's not a positive integer
writeCommonTags: couldn't write 'year' tag to 'yt/tetriseffect/Tetris Effect - Stratosphere - So They Say - Theater Mode-EKaDAFzeGAA.m4a' as it's not a positive integer
writeCommonTags: couldn't write 'track' tag to 'yt/tetriseffect/Tetris Effect - Stratosphere - So They Say - Theater Mode-EKaDAFzeGAA.m4a' as it's not a positive integer
writeCommonTags: couldn't write 'year' tag to 'yt/tetriseffect/Tetris Effect - Sunset Breeze - Moments - Theater Mode-iG6yviQPaS8.m4a' as it's not a positive integer
writeCommonTags: couldn't write 'track' tag to 'yt/tetriseffect/Tetris Effect - Sunset Breeze - Moments - Theater Mode-iG6yviQPaS8.m4a' as it's not a positive integer
writeCommonTags: couldn't write 'year' tag to 'yt/tetriseffect/Tetris Effect - The Deep - Yours Forever - Theater Mode-TCp2BS_L0yE.m4a' as it's not a positive integer
writeCommonTags: couldn't write 'track' tag to 'yt/tetriseffect/Tetris Effect - The Deep - Yours Forever - Theater Mode-TCp2BS_L0yE.m4a' as it's not a positive integer
writeCommonTags: couldn't write 'year' tag to 'yt/tetriseffect/Tetris Effect - Turtle Dreams - Around Me - Theater Mode-GhE1Efpgh08.m4a' as it's not a positive integer
writeCommonTags: couldn't write 'track' tag to 'yt/tetriseffect/Tetris Effect - Turtle Dreams - Around Me - Theater Mode-GhE1Efpgh08.m4a' as it's not a positive integer
writeCommonTags: couldn't write 'year' tag to 'yt/tetriseffect/Tetris Effect - Yin and Yang - Chains - Theater Mode-hvOyw_lsXqc.m4a' as it's not a positive integer
writeCommonTags: couldn't write 'track' tag to 'yt/tetriseffect/Tetris Effect - Yin and Yang - Chains - Theater Mode-hvOyw_lsXqc.m4a' as it's not a positive integer
writeCommonTags: couldn't write 'year' tag to 'yt/tetriseffect/Tetris Effect - Zen Blossoms - Unfold - Theater Mode-EkFCrAIqaGs.m4a' as it's not a positive integer
writeCommonTags: couldn't write 'track' tag to 'yt/tetriseffect/Tetris Effect - Zen Blossoms - Unfold - Theater Mode-EkFCrAIqaGs.m4a' as it's not a positive integer
writeCommonTags: couldn't write 'year' tag to 'yt/tetriseffect/Tetris Effect  - Jeweled Veil - Temptation - Theater Mode-GrotooUa8fk.m4a' as it's not a positive integer
writeCommonTags: couldn't write 'track' tag to 'yt/tetriseffect/Tetris Effect  - Jeweled Veil - Temptation - Theater Mode-GrotooUa8fk.m4a' as it's not a positive integer
writeCommonTags: couldn't write 'year' tag to 'yt/tetriseffect/Tetris Effect  - Spirit Canyon - New Beginnings - Theater Mode-UNKUYAWQr54.m4a' as it's not a positive integer
writeCommonTags: couldn't write 'track' tag to 'yt/tetriseffect/Tetris Effect  - Spirit Canyon - New Beginnings - Theater Mode-UNKUYAWQr54.m4a' as it's not a positive integer
writeCommonTags: couldn't write 'year' tag to 'yt/tetriseffect/Tetris Effect - (With More Sound Effects) - Dolphin Surf - You and I  - Theater Mode-bUtVKGRrrE0.m4a' as it's not a positive integer
writeCommonTags: couldn't write 'track' tag to 'yt/tetriseffect/Tetris Effect - (With More Sound Effects) - Dolphin Surf - You and I  - Theater Mode-bUtVKGRrrE0.m4a' as it's not a positive integer
writeCommonTags: couldn't write 'year' tag to 'yt/tetriseffect/Tetris Effect - (With More Sound Effects) Orbit - Hometown - Theater Mode-Vlu6PsaSRdE.m4a' as it's not a positive integer
writeCommonTags: couldn't write 'track' tag to 'yt/tetriseffect/Tetris Effect - (With More Sound Effects) Orbit - Hometown - Theater Mode-Vlu6PsaSRdE.m4a' as it's not a positive integer
writeCommonTags: couldn't write 'year' tag to 'yt/tetriseffect/Tetris Effect - Aurora Peak - Snows - Theater Mode-zxXW83gYpTI.m4a' as it's not a positive integer
writeCommonTags: couldn't write 'track' tag to 'yt/tetriseffect/Tetris Effect - Aurora Peak - Snows - Theater Mode-zxXW83gYpTI.m4a' as it's not a positive integer
writeCommonTags: couldn't write 'year' tag to 'yt/tetriseffect/Tetris Effect - Balloon High - Look Up - Theater Mode-6HrIZsVaUeE.m4a' as it's not a positive integer
writeCommonTags: couldn't write 'track' tag to 'yt/tetriseffect/Tetris Effect - Balloon High - Look Up - Theater Mode-6HrIZsVaUeE.m4a' as it's not a positive integer
writeCommonTags: couldn't write 'year' tag to 'yt/tetriseffect/Tetris Effect - Celebration - All Nations - Theater Mode-LOSkajVoiL8.m4a' as it's not a positive integer
writeCommonTags: couldn't write 'track' tag to 'yt/tetriseffect/Tetris Effect - Celebration - All Nations - Theater Mode-LOSkajVoiL8.m4a' as it's not a positive integer
writeCommonTags: couldn't write 'year' tag to 'yt/tetriseffect/Tetris Effect - Da Vinci - Bright Shadow - Theater Mode-u4-eVz7JjAo.m4a' as it's not a positive integer
writeCommonTags: couldn't write 'track' tag to 'yt/tetriseffect/Tetris Effect - Da Vinci - Bright Shadow - Theater Mode-u4-eVz7JjAo.m4a' as it's not a positive integer
writeCommonTags: couldn't write 'year' tag to 'yt/tetriseffect/Tetris Effect - Deserted - Lunar Discourse - Theater Mode-IKfmlgKaTnI.m4a' as it's not a positive integer
writeCommonTags: couldn't write 'track' tag to 'yt/tetriseffect/Tetris Effect - Deserted - Lunar Discourse - Theater Mode-IKfmlgKaTnI.m4a' as it's not a positive integer
writeCommonTags: couldn't write 'year' tag to 'yt/tetriseffect/Tetris Effect - Dolphin Surf - You and I  - Theater Mode-Vj8BhL8RV68.m4a' as it's not a positive integer
writeCommonTags: couldn't write 'track' tag to 'yt/tetriseffect/Tetris Effect - Dolphin Surf - You and I  - Theater Mode-Vj8BhL8RV68.m4a' as it's not a positive integer
writeCommonTags: couldn't write 'year' tag to 'yt/tetriseffect/Tetris Effect - Downtown Jazz - City Lights - Theater Mode-oADySUP-f3w.m4a' as it's not a positive integer
writeCommonTags: couldn't write 'track' tag to 'yt/tetriseffect/Tetris Effect - Downtown Jazz - City Lights - Theater Mode-oADySUP-f3w.m4a' as it's not a positive integer
writeCommonTags: couldn't write 'year' tag to 'yt/tetriseffect/Tetris Effect - Forest Dawn - Boscage - Theater Mode-ujcLDBWnwsg.m4a' as it's not a positive integer
writeCommonTags: couldn't write 'track' tag to 'yt/tetriseffect/Tetris Effect - Forest Dawn - Boscage - Theater Mode-ujcLDBWnwsg.m4a' as it's not a positive integer
writeCommonTags: couldn't write 'year' tag to 'yt/tetriseffect/Tetris Effect - Hula Soul -  'Aumakua - Theater Mode-5fNtTiqMaAw.m4a' as it's not a positive integer
writeCommonTags: couldn't write 'track' tag to 'yt/tetriseffect/Tetris Effect - Hula Soul -  'Aumakua - Theater Mode-5fNtTiqMaAw.m4a' as it's not a positive integer
writeCommonTags: couldn't write 'year' tag to 'yt/tetriseffect/Tetris Effect - Jellyfish Chorus - Joy - Theater Mode-ipObdtRGYDE.m4a' as it's not a positive integer
writeCommonTags: couldn't write 'track' tag to 'yt/tetriseffect/Tetris Effect - Jellyfish Chorus - Joy - Theater Mode-ipObdtRGYDE.m4a' as it's not a positive integer
writeCommonTags: couldn't write 'year' tag to 'yt/tetriseffect/Tetris Effect - Kaleidoscope - 3 senses - Theater Mode-C1FvZbDWyXc.m4a' as it's not a positive integer
writeCommonTags: couldn't write 'track' tag to 'yt/tetriseffect/Tetris Effect - Kaleidoscope - 3 senses - Theater Mode-C1FvZbDWyXc.m4a' as it's not a positive integer
writeCommonTags: couldn't write 'year' tag to 'yt/tetriseffect/Tetris Effect - Karma Wheel - Pulse - Theater Mode-zCuICXcpkus.m4a' as it's not a positive integer
writeCommonTags: couldn't write 'track' tag to 'yt/tetriseffect/Tetris Effect - Karma Wheel - Pulse - Theater Mode-zCuICXcpkus.m4a' as it's not a positive integer
writeCommonTags: couldn't write 'year' tag to 'yt/tetriseffect/Tetris Effect - Mermaid Cove - World of Colors - Theater Mode-ZfnKOPTEUtI.m4a' as it's not a positive integer
writeCommonTags: couldn't write 'track' tag to 'yt/tetriseffect/Tetris Effect - Mermaid Cove - World of Colors - Theater Mode-ZfnKOPTEUtI.m4a' as it's not a positive integer
writeCommonTags: couldn't write 'year' tag to 'yt/tetriseffect/Tetris Effect - Metamorphosis - Always Been But Never Dreamed - Theater Mode-QeZne1wVyl0.m4a' as it's not a positive integer
writeCommonTags: couldn't write 'track' tag to 'yt/tetriseffect/Tetris Effect - Metamorphosis - Always Been But Never Dreamed - Theater Mode-QeZne1wVyl0.m4a' as it's not a positive integer
writeCommonTags: couldn't write 'year' tag to 'yt/tetriseffect/Tetris Effect - Orbit - Hometown - Theater Mode-m4_PsfMQvz0.m4a' as it's not a positive integer
writeCommonTags: couldn't write 'track' tag to 'yt/tetriseffect/Tetris Effect - Orbit - Hometown - Theater Mode-m4_PsfMQvz0.m4a' as it's not a positive integer
writeCommonTags: couldn't write 'year' tag to 'yt/tetriseffect/Tetris Effect - Pharaoh's Code - Next Chapter - Theater Mode-8D7cYQY6r0g.m4a' as it's not a positive integer
writeCommonTags: couldn't write 'track' tag to 'yt/tetriseffect/Tetris Effect - Pharaoh's Code - Next Chapter - Theater Mode-8D7cYQY6r0g.m4a' as it's not a positive integer
writeCommonTags: couldn't write 'year' tag to 'yt/tetriseffect/Tetris Effect - Prayer Circle - Spring Field - Theater Mode-7QWijux8Lio.m4a' as it's not a positive integer
writeCommonTags: couldn't write 'track' tag to 'yt/tetriseffect/Tetris Effect - Prayer Circle - Spring Field - Theater Mode-7QWijux8Lio.m4a' as it's not a positive integer
writeCommonTags: couldn't write 'year' tag to 'yt/tetriseffect/Tetris Effect - Ritual Passion - Flames - Theater Mode-NmIiwj86OQA.m4a' as it's not a positive integer
writeCommonTags: couldn't write 'track' tag to 'yt/tetriseffect/Tetris Effect - Ritual Passion - Flames - Theater Mode-NmIiwj86OQA.m4a' as it's not a positive integer
writeCommonTags: couldn't write 'year' tag to 'yt/tetriseffect/Tetris Effect - Starfall - Secrets - Theater Mode-2ad1jWGT-MQ.m4a' as it's not a positive integer
writeCommonTags: couldn't write 'track' tag to 'yt/tetriseffect/Tetris Effect - Starfall - Secrets - Theater Mode-2ad1jWGT-MQ.m4a' as it's not a positive integer
writeCommonTags: couldn't write 'year' tag to 'yt/tetriseffect/Tetris Effect - Stratosphere - Here - Theater Mode-QmJHCAN41ps.m4a' as it's not a positive integer
writeCommonTags: couldn't write 'track' tag to 'yt/tetriseffect/Tetris Effect - Stratosphere - Here - Theater Mode-QmJHCAN41ps.m4a' as it's not a positive integer
writeCommonTags: couldn't write 'year' tag to 'yt/tetriseffect/Tetris Effect - Stratosphere - Like Never Before - Theater Mode-faX7fXEA6L8.m4a' as it's not a positive integer
writeCommonTags: couldn't write 'track' tag to 'yt/tetriseffect/Tetris Effect - Stratosphere - Like Never Before - Theater Mode-faX7fXEA6L8.m4a' as it's not a positive integer
writeCommonTags: couldn't write 'year' tag to 'yt/tetriseffect/Tetris Effect - Stratosphere - So They Say - Theater Mode-EKaDAFzeGAA.m4a' as it's not a positive integer
writeCommonTags: couldn't write 'track' tag to 'yt/tetriseffect/Tetris Effect - Stratosphere - So They Say - Theater Mode-EKaDAFzeGAA.m4a' as it's not a positive integer
writeCommonTags: couldn't write 'year' tag to 'yt/tetriseffect/Tetris Effect - Sunset Breeze - Moments - Theater Mode-iG6yviQPaS8.m4a' as it's not a positive integer
writeCommonTags: couldn't write 'track' tag to 'yt/tetriseffect/Tetris Effect - Sunset Breeze - Moments - Theater Mode-iG6yviQPaS8.m4a' as it's not a positive integer
writeCommonTags: couldn't write 'year' tag to 'yt/tetriseffect/Tetris Effect - The Deep - Yours Forever - Theater Mode-TCp2BS_L0yE.m4a' as it's not a positive integer
writeCommonTags: couldn't write 'track' tag to 'yt/tetriseffect/Tetris Effect - The Deep - Yours Forever - Theater Mode-TCp2BS_L0yE.m4a' as it's not a positive integer
writeCommonTags: couldn't write 'year' tag to 'yt/tetriseffect/Tetris Effect - Turtle Dreams - Around Me - Theater Mode-GhE1Efpgh08.m4a' as it's not a positive integer
writeCommonTags: couldn't write 'track' tag to 'yt/tetriseffect/Tetris Effect - Turtle Dreams - Around Me - Theater Mode-GhE1Efpgh08.m4a' as it's not a positive integer
writeCommonTags: couldn't write 'year' tag to 'yt/tetriseffect/Tetris Effect - Yin and Yang - Chains - Theater Mode-hvOyw_lsXqc.m4a' as it's not a positive integer
writeCommonTags: couldn't write 'track' tag to 'yt/tetriseffect/Tetris Effect - Yin and Yang - Chains - Theater Mode-hvOyw_lsXqc.m4a' as it's not a positive integer
writeCommonTags: couldn't write 'year' tag to 'yt/tetriseffect/Tetris Effect - Zen Blossoms - Unfold - Theater Mode-EkFCrAIqaGs.m4a' as it's not a positive integer
writeCommonTags: couldn't write 'track' tag to 'yt/tetriseffect/Tetris Effect - Zen Blossoms - Unfold - Theater Mode-EkFCrAIqaGs.m4a' as it's not a positive integer
