[2018-09-13 02:12:27.421] [exthost1] [info] extension host started
[2018-09-13 02:12:27.447] [exthost1] [info] ExtensionService#_doActivateExtension vscode.debug-auto-launch {"startup":true,"activationEvent":"*"}
[2018-09-13 02:12:27.447] [exthost1] [info] ExtensionService#loadCommonJSModule /usr/share/code/resources/app/extensions/debug-auto-launch/out/extension
[2018-09-13 02:12:27.453] [exthost1] [info] ExtensionService#_doActivateExtension vscode.emmet {"startup":true,"activationEvent":"*"}
[2018-09-13 02:12:27.453] [exthost1] [info] ExtensionService#loadCommonJSModule /usr/share/code/resources/app/extensions/emmet/dist/extension
[2018-09-13 02:12:27.488] [exthost1] [info] ExtensionService#_doActivateExtension vscode.git {"startup":true,"activationEvent":"*"}
[2018-09-13 02:12:27.488] [exthost1] [info] ExtensionService#loadCommonJSModule /usr/share/code/resources/app/extensions/git/dist/main
[2018-09-13 02:12:27.628] [exthost1] [info] ExtensionService#_doActivateExtension vscode.merge-conflict {"startup":true,"activationEvent":"*"}
[2018-09-13 02:12:27.628] [exthost1] [info] ExtensionService#loadCommonJSModule /usr/share/code/resources/app/extensions/merge-conflict/out/extension
[2018-09-13 02:12:27.637] [exthost1] [info] ExtensionService#_doActivateExtension vscode.search-rg {"startup":true,"activationEvent":"*"}
[2018-09-13 02:12:27.637] [exthost1] [info] ExtensionService#loadCommonJSModule /usr/share/code/resources/app/extensions/search-rg/out/extension
[2018-09-13 02:12:27.643] [exthost1] [info] ExtensionService#_doActivateExtension dbaeumer.vscode-eslint {"startup":true,"activationEvent":"*"}
[2018-09-13 02:12:27.643] [exthost1] [info] ExtensionService#loadCommonJSModule /home/jbustamante/.vscode/extensions/dbaeumer.vscode-eslint-1.6.0/client/out/extension
[2018-09-13 02:12:27.689] [exthost1] [info] ExtensionService#_doActivateExtension mtxr.sqltools {"startup":true,"activationEvent":"*"}
[2018-09-13 02:12:27.689] [exthost1] [info] ExtensionService#loadCommonJSModule /home/jbustamante/.vscode/extensions/mtxr.sqltools-0.15.0/dist/sqltools
[2018-09-13 02:12:28.117] [exthost1] [info] ExtensionService#_doActivateExtension ms-vscode.cpptools {"startup":true,"activationEvent":"*"}
[2018-09-13 02:12:28.117] [exthost1] [info] ExtensionService#loadCommonJSModule /home/jbustamante/.vscode/extensions/ms-vscode.cpptools-0.18.1/out/src/main
[2018-09-13 02:12:28.245] [exthost1] [info] ExtensionService#_doActivateExtension vscodevim.vim {"startup":true,"activationEvent":"*"}
[2018-09-13 02:12:28.245] [exthost1] [info] ExtensionService#loadCommonJSModule /home/jbustamante/.vscode/extensions/vscodevim.vim-0.16.4/out/extension
[2018-09-13 02:12:28.561] [exthost1] [info] ExtensionService#_doActivateExtension Zignd.html-css-class-completion {"startup":true,"activationEvent":"*"}
[2018-09-13 02:12:28.561] [exthost1] [info] ExtensionService#loadCommonJSModule /home/jbustamante/.vscode/extensions/zignd.html-css-class-completion-1.17.1/out/src/extension
[2018-09-13 02:12:28.922] [exthost1] [info] ExtensionService#_doActivateExtension GrapeCity.gc-excelviewer {"startup":false,"activationEvent":"onLanguage:plaintext"}
[2018-09-13 02:12:28.922] [exthost1] [info] ExtensionService#loadCommonJSModule /home/jbustamante/.vscode/extensions/grapecity.gc-excelviewer-2.1.26/out/src/extension
[2018-09-13 02:12:29.924] [exthost1] [info] eager extensions activated
[2018-09-13 02:12:29.928] [exthost1] [info] ExtensionService#_doActivateExtension vsciot-vscode.vscode-arduino {"startup":true,"activationEvent":"*"}
[2018-09-13 02:12:29.928] [exthost1] [info] ExtensionService#loadCommonJSModule /home/jbustamante/.vscode/extensions/vsciot-vscode.vscode-arduino-0.2.20/out/src/extension
[2018-09-13 02:12:33.697] [exthost1] [info] ExtensionService#_doActivateExtension xaver.clang-format {"startup":false,"activationEvent":"onLanguage:cpp"}
[2018-09-13 02:12:33.697] [exthost1] [info] ExtensionService#loadCommonJSModule /home/jbustamante/.vscode/extensions/xaver.clang-format-1.6.2/out/src/extension
