[2018-09-10 22:25:09.442] [sharedprocess] [info] main {"machineId":"b35932c5f06ad27bbfc3269ac7ba5496ebe8f1bf00c5a6badf4889796738266b"}
[2018-09-10 22:25:09.705] [sharedprocess] [info] Scanned user extensions: 25
[2018-09-10 22:25:09.883] [sharedprocess] [info] Scanned user extensions: 25
[2018-09-10 22:25:09.899] [sharedprocess] [info] Scanned user extensions: 25
[2018-09-10 22:25:09.913] [sharedprocess] [info] Scanned user extensions: 25
[2018-09-10 22:25:10.026] [sharedprocess] [info] Scanned system extensions: 71
[2018-09-10 22:25:10.068] [sharedprocess] [info] Scanned system extensions: 71
[2018-09-10 22:25:10.079] [sharedprocess] [info] Scanned system extensions: 71
[2018-09-10 22:25:10.169] [sharedprocess] [info] Scanned user extensions: 25
[2018-09-10 22:25:10.320] [sharedprocess] [info] Scanned user extensions: 25
[2018-09-10 22:25:34.776] [sharedprocess] [info] Scanned user extensions: 25
[2018-09-10 22:25:34.777] [sharedprocess] [info] Uninstalling extension: kube.clangcomplete-1.0.1
[2018-09-10 22:25:34.799] [sharedprocess] [info] Scanned user extensions: 25
[2018-09-10 22:25:34.803] [sharedprocess] [info] Successfully uninstalled extension: kube.clangcomplete-1.0.1
[2018-09-10 22:25:35.037] [sharedprocess] [info] Scanned user extensions: 24
[2018-09-10 22:25:35.053] [sharedprocess] [info] Scanned system extensions: 71
[2018-09-10 22:25:37.415] [sharedprocess] [info] Scanned user extensions: 24
[2018-09-10 22:25:37.433] [sharedprocess] [info] Scanned user extensions: 24
[2018-09-10 22:25:37.457] [sharedprocess] [info] Scanned system extensions: 71
[2018-09-10 22:25:37.562] [sharedprocess] [info] Scanned user extensions: 24
[2018-09-10 22:25:37.596] [sharedprocess] [info] Scanned system extensions: 71
[2018-09-10 22:25:40.619] [sharedprocess] [info] Scanned user extensions: 24
[2018-09-10 22:25:40.634] [sharedprocess] [info] Scanned user extensions: 24
[2018-09-10 22:25:40.968] [sharedprocess] [info] Scanned user extensions: 24
[2018-09-10 22:25:41.206] [sharedprocess] [info] Scanned user extensions: 24
[2018-09-10 22:25:41.222] [sharedprocess] [info] Scanned user extensions: 24
[2018-09-10 22:25:41.274] [sharedprocess] [info] Scanned user extensions: 24
[2018-09-10 22:25:41.317] [sharedprocess] [info] Scanned system extensions: 71
[2018-09-10 22:25:41.327] [sharedprocess] [info] Scanned system extensions: 71
[2018-09-10 22:25:41.347] [sharedprocess] [info] Scanned system extensions: 71
[2018-09-10 22:25:49.446] [sharedprocess] [info] Starting to clean up unused language packs.
[2018-09-10 22:26:03.907] [sharedprocess] [info] Scanned user extensions: 24
[2018-09-10 22:26:03.956] [sharedprocess] [info] Scanned system extensions: 71
[2018-09-10 22:26:17.233] [sharedprocess] [info] Scanned user extensions: 24
[2018-09-10 22:26:17.233] [sharedprocess] [info] Uninstalling extension: mitaki28.vscode-clang-0.2.2
[2018-09-10 22:26:17.254] [sharedprocess] [info] Scanned user extensions: 24
[2018-09-10 22:26:17.257] [sharedprocess] [info] Successfully uninstalled extension: mitaki28.vscode-clang-0.2.2
[2018-09-10 22:26:17.636] [sharedprocess] [info] Scanned user extensions: 23
[2018-09-10 22:26:17.649] [sharedprocess] [info] Scanned system extensions: 71
[2018-09-10 22:26:19.725] [sharedprocess] [info] Scanned user extensions: 23
[2018-09-10 22:26:19.738] [sharedprocess] [info] Scanned user extensions: 23
[2018-09-10 22:26:19.772] [sharedprocess] [info] Scanned system extensions: 71
[2018-09-10 22:26:19.883] [sharedprocess] [info] Scanned user extensions: 23
[2018-09-10 22:26:19.910] [sharedprocess] [info] Scanned system extensions: 71
[2018-09-10 22:26:22.923] [sharedprocess] [info] Scanned user extensions: 23
[2018-09-10 22:26:22.934] [sharedprocess] [info] Scanned user extensions: 23
[2018-09-10 22:26:24.275] [sharedprocess] [info] Scanned user extensions: 23
[2018-09-10 22:26:24.322] [sharedprocess] [info] Scanned system extensions: 71
[2018-09-10 22:31:23.037] [sharedprocess] [info] Scanned user extensions: 23
[2018-09-10 22:36:23.113] [sharedprocess] [info] Scanned user extensions: 23
[2018-09-10 22:37:00.573] [sharedprocess] [info] Scanned user extensions: 23
[2018-09-10 22:37:00.595] [sharedprocess] [info] Scanned user extensions: 23
[2018-09-10 22:37:00.638] [sharedprocess] [info] Scanned user extensions: 23
[2018-09-10 22:37:00.660] [sharedprocess] [info] Scanned system extensions: 71
[2018-09-10 22:37:00.671] [sharedprocess] [info] Scanned system extensions: 71
[2018-09-10 22:37:03.070] [sharedprocess] [info] Scanned user extensions: 23
[2018-09-10 22:37:03.078] [sharedprocess] [info] Scanned user extensions: 23
[2018-09-10 22:38:06.111] [sharedprocess] [info] Scanned user extensions: 23
[2018-09-10 22:38:06.133] [sharedprocess] [info] Scanned system extensions: 71
[2018-09-10 22:38:18.695] [sharedprocess] [info] Scanned user extensions: 23
[2018-09-10 22:38:18.734] [sharedprocess] [info] Scanned system extensions: 71
[2018-09-10 22:42:03.163] [sharedprocess] [info] Scanned user extensions: 23
[2018-09-10 22:47:03.310] [sharedprocess] [info] Scanned user extensions: 23
[2018-09-10 22:52:03.357] [sharedprocess] [info] Scanned user extensions: 23
[2018-09-10 22:57:03.428] [sharedprocess] [info] Scanned user extensions: 23
[2018-09-10 23:02:03.478] [sharedprocess] [info] Scanned user extensions: 23
[2018-09-10 23:07:03.519] [sharedprocess] [info] Scanned user extensions: 23
[2018-09-10 23:12:03.567] [sharedprocess] [info] Scanned user extensions: 23
[2018-09-10 23:17:03.607] [sharedprocess] [info] Scanned user extensions: 23
[2018-09-10 23:22:03.654] [sharedprocess] [info] Scanned user extensions: 23
[2018-09-10 23:27:03.706] [sharedprocess] [info] Scanned user extensions: 23
[2018-09-10 23:32:03.747] [sharedprocess] [info] Scanned user extensions: 23
[2018-09-10 23:37:03.815] [sharedprocess] [info] Scanned user extensions: 23
[2018-09-10 23:42:03.879] [sharedprocess] [info] Scanned user extensions: 23
[2018-09-10 23:47:04.042] [sharedprocess] [info] Scanned user extensions: 23
[2018-09-10 23:52:04.086] [sharedprocess] [info] Scanned user extensions: 23
[2018-09-10 23:57:04.132] [sharedprocess] [info] Scanned user extensions: 23
[2018-09-11 00:02:04.197] [sharedprocess] [info] Scanned user extensions: 23
[2018-09-11 00:07:04.235] [sharedprocess] [info] Scanned user extensions: 23
[2018-09-11 00:12:04.310] [sharedprocess] [info] Scanned user extensions: 23
[2018-09-11 00:17:04.384] [sharedprocess] [info] Scanned user extensions: 23
[2018-09-11 00:22:04.430] [sharedprocess] [info] Scanned user extensions: 23
[2018-09-11 00:27:04.489] [sharedprocess] [info] Scanned user extensions: 23
[2018-09-11 00:32:04.531] [sharedprocess] [info] Scanned user extensions: 23
[2018-09-11 00:37:04.581] [sharedprocess] [info] Scanned user extensions: 23
[2018-09-11 00:42:04.658] [sharedprocess] [info] Scanned user extensions: 23
[2018-09-11 00:47:04.797] [sharedprocess] [info] Scanned user extensions: 23
[2018-09-11 00:52:04.864] [sharedprocess] [info] Scanned user extensions: 23
[2018-09-11 00:57:04.929] [sharedprocess] [info] Scanned user extensions: 23
[2018-09-11 01:02:04.995] [sharedprocess] [info] Scanned user extensions: 23
[2018-09-11 01:07:05.070] [sharedprocess] [info] Scanned user extensions: 23
[2018-09-11 01:12:05.140] [sharedprocess] [info] Scanned user extensions: 23
[2018-09-11 01:17:05.216] [sharedprocess] [info] Scanned user extensions: 23
[2018-09-11 01:22:05.283] [sharedprocess] [info] Scanned user extensions: 23
[2018-09-11 01:27:05.323] [sharedprocess] [info] Scanned user extensions: 23
[2018-09-11 01:32:05.376] [sharedprocess] [info] Scanned user extensions: 23
[2018-09-11 01:37:05.442] [sharedprocess] [info] Scanned user extensions: 23
[2018-09-11 01:42:05.499] [sharedprocess] [info] Scanned user extensions: 23
[2018-09-11 01:47:05.653] [sharedprocess] [info] Scanned user extensions: 23
[2018-09-11 01:52:05.695] [sharedprocess] [info] Scanned user extensions: 23
[2018-09-11 01:57:05.759] [sharedprocess] [info] Scanned user extensions: 23
[2018-09-11 02:02:05.802] [sharedprocess] [info] Scanned user extensions: 23
[2018-09-11 02:07:05.866] [sharedprocess] [info] Scanned user extensions: 23
[2018-09-11 11:16:00.870] [sharedprocess] [info] Scanned user extensions: 23
[2018-09-11 11:21:00.972] [sharedprocess] [info] Scanned user extensions: 23
[2018-09-11 18:54:17.686] [sharedprocess] [info] Scanned user extensions: 23
[2018-09-11 18:59:17.765] [sharedprocess] [info] Scanned user extensions: 23
[2018-09-11 19:04:17.851] [sharedprocess] [info] Scanned user extensions: 23
[2018-09-11 19:09:17.921] [sharedprocess] [info] Scanned user extensions: 23
[2018-09-11 19:14:17.988] [sharedprocess] [info] Scanned user extensions: 23
[2018-09-11 19:19:18.050] [sharedprocess] [info] Scanned user extensions: 23
[2018-09-11 19:24:18.136] [sharedprocess] [info] Scanned user extensions: 23
[2018-09-11 19:29:18.227] [sharedprocess] [info] Scanned user extensions: 23
[2018-09-11 19:34:18.294] [sharedprocess] [info] Scanned user extensions: 23
[2018-09-11 19:39:18.360] [sharedprocess] [info] Scanned user extensions: 23
[2018-09-11 19:44:18.422] [sharedprocess] [info] Scanned user extensions: 23
[2018-09-11 19:49:18.490] [sharedprocess] [info] Scanned user extensions: 23
[2018-09-11 19:54:18.661] [sharedprocess] [info] Scanned user extensions: 23
[2018-09-11 19:59:18.723] [sharedprocess] [info] Scanned user extensions: 23
[2018-09-11 20:04:18.789] [sharedprocess] [info] Scanned user extensions: 23
[2018-09-11 20:09:18.852] [sharedprocess] [info] Scanned user extensions: 23
[2018-09-11 20:14:18.924] [sharedprocess] [info] Scanned user extensions: 23
[2018-09-11 20:19:18.988] [sharedprocess] [info] Scanned user extensions: 23
[2018-09-11 20:24:19.058] [sharedprocess] [info] Scanned user extensions: 23
[2018-09-11 20:29:19.124] [sharedprocess] [info] Scanned user extensions: 23
[2018-09-11 20:34:19.201] [sharedprocess] [info] Scanned user extensions: 23
[2018-09-11 20:39:19.261] [sharedprocess] [info] Scanned user extensions: 23
[2018-09-11 20:44:19.330] [sharedprocess] [info] Scanned user extensions: 23
[2018-09-11 20:49:19.390] [sharedprocess] [info] Scanned user extensions: 23
[2018-09-11 20:54:19.543] [sharedprocess] [info] Scanned user extensions: 23
[2018-09-11 20:59:19.612] [sharedprocess] [info] Scanned user extensions: 23
[2018-09-11 21:04:19.677] [sharedprocess] [info] Scanned user extensions: 23
[2018-09-11 21:09:19.738] [sharedprocess] [info] Scanned user extensions: 23
[2018-09-11 21:14:19.786] [sharedprocess] [info] Scanned user extensions: 23
[2018-09-11 21:19:19.832] [sharedprocess] [info] Scanned user extensions: 23
[2018-09-11 21:24:19.873] [sharedprocess] [info] Scanned user extensions: 23
[2018-09-11 21:29:19.911] [sharedprocess] [info] Scanned user extensions: 23
[2018-09-11 21:34:19.952] [sharedprocess] [info] Scanned user extensions: 23
[2018-09-11 21:39:20.016] [sharedprocess] [info] Scanned user extensions: 23
[2018-09-11 21:44:20.080] [sharedprocess] [info] Scanned user extensions: 23
[2018-09-11 21:49:20.151] [sharedprocess] [info] Scanned user extensions: 23
[2018-09-11 21:54:20.298] [sharedprocess] [info] Scanned user extensions: 23
[2018-09-11 21:59:20.361] [sharedprocess] [info] Scanned user extensions: 23
[2018-09-11 22:04:20.437] [sharedprocess] [info] Scanned user extensions: 23
[2018-09-11 22:09:20.505] [sharedprocess] [info] Scanned user extensions: 23
[2018-09-11 22:14:20.569] [sharedprocess] [info] Scanned user extensions: 23
[2018-09-11 22:19:20.632] [sharedprocess] [info] Scanned user extensions: 23
[2018-09-11 22:24:20.694] [sharedprocess] [info] Scanned user extensions: 23
[2018-09-11 22:29:20.802] [sharedprocess] [info] Scanned user extensions: 23
[2018-09-11 22:34:20.844] [sharedprocess] [info] Scanned user extensions: 23
[2018-09-11 22:39:20.875] [sharedprocess] [info] Scanned user extensions: 23
[2018-09-11 22:44:20.923] [sharedprocess] [info] Scanned user extensions: 23
[2018-09-11 22:49:20.995] [sharedprocess] [info] Scanned user extensions: 23
[2018-09-11 22:54:21.128] [sharedprocess] [info] Scanned user extensions: 23
[2018-09-11 22:59:21.189] [sharedprocess] [info] Scanned user extensions: 23
[2018-09-11 23:04:21.260] [sharedprocess] [info] Scanned user extensions: 23
[2018-09-11 23:07:33.602] [sharedprocess] [info] Scanned user extensions: 23
[2018-09-11 23:07:33.629] [sharedprocess] [info] Scanned user extensions: 23
[2018-09-11 23:07:33.708] [sharedprocess] [info] Scanned user extensions: 23
[2018-09-11 23:07:33.787] [sharedprocess] [info] Scanned system extensions: 71
[2018-09-11 23:07:33.803] [sharedprocess] [info] Scanned system extensions: 71
[2018-09-11 23:07:35.173] [sharedprocess] [info] Installing extension: vscode-eslint
[2018-09-11 23:07:35.231] [sharedprocess] [info] Scanned user extensions: 23
[2018-09-11 23:07:35.667] [sharedprocess] [info] Scanned user extensions: 23
[2018-09-11 23:07:35.685] [sharedprocess] [info] Scanned user extensions: 23
[2018-09-11 23:07:35.757] [sharedprocess] [info] Downloaded extension: vscode-eslint /tmp/4ea4eadb-5177-4426-b546-b145e30ddfe5
[2018-09-11 23:07:36.290] [sharedprocess] [info] Extracted extension to /home/jbustamante/.vscode/extensions/.dbaeumer.vscode-eslint-1.6.0: dbaeumer.vscode-eslint-1.6.0
[2018-09-11 23:07:36.291] [sharedprocess] [info] Renamed to /home/jbustamante/.vscode/extensions/dbaeumer.vscode-eslint-1.6.0
[2018-09-11 23:07:36.291] [sharedprocess] [info] Installation completed. dbaeumer.vscode-eslint-1.6.0
[2018-09-11 23:07:36.298] [sharedprocess] [info] Extensions installed successfully: dbaeumer.vscode-eslint
[2018-09-11 23:07:36.566] [sharedprocess] [info] Scanned user extensions: 23
[2018-09-11 23:07:36.580] [sharedprocess] [info] Scanned user extensions: 23
[2018-09-11 23:07:36.614] [sharedprocess] [info] Scanned user extensions: 23
[2018-09-11 23:07:36.639] [sharedprocess] [info] Scanned user extensions: 23
[2018-09-11 23:07:36.642] [sharedprocess] [info] Scanned system extensions: 71
[2018-09-11 23:07:36.649] [sharedprocess] [info] Scanned system extensions: 71
[2018-09-11 23:07:36.656] [sharedprocess] [info] Scanned system extensions: 71
[2018-09-11 23:07:36.664] [sharedprocess] [info] Scanned system extensions: 71
