[2018-09-12 22:12:34.900] [exthost1] [info] extension host started
[2018-09-12 22:12:34.937] [exthost1] [info] ExtensionService#_doActivateExtension vscode.debug-auto-launch {"startup":true,"activationEvent":"*"}
[2018-09-12 22:12:34.938] [exthost1] [info] ExtensionService#loadCommonJSModule /usr/share/code/resources/app/extensions/debug-auto-launch/out/extension
[2018-09-12 22:12:34.948] [exthost1] [info] ExtensionService#_doActivateExtension vscode.emmet {"startup":true,"activationEvent":"*"}
[2018-09-12 22:12:34.948] [exthost1] [info] ExtensionService#loadCommonJSModule /usr/share/code/resources/app/extensions/emmet/dist/extension
[2018-09-12 22:12:34.986] [exthost1] [info] ExtensionService#_doActivateExtension vscode.git {"startup":true,"activationEvent":"*"}
[2018-09-12 22:12:34.986] [exthost1] [info] ExtensionService#loadCommonJSModule /usr/share/code/resources/app/extensions/git/dist/main
[2018-09-12 22:12:35.149] [exthost1] [info] ExtensionService#_doActivateExtension vscode.merge-conflict {"startup":true,"activationEvent":"*"}
[2018-09-12 22:12:35.149] [exthost1] [info] ExtensionService#loadCommonJSModule /usr/share/code/resources/app/extensions/merge-conflict/out/extension
[2018-09-12 22:12:35.162] [exthost1] [info] ExtensionService#_doActivateExtension vscode.search-rg {"startup":true,"activationEvent":"*"}
[2018-09-12 22:12:35.162] [exthost1] [info] ExtensionService#loadCommonJSModule /usr/share/code/resources/app/extensions/search-rg/out/extension
[2018-09-12 22:12:35.170] [exthost1] [info] ExtensionService#_doActivateExtension dbaeumer.vscode-eslint {"startup":true,"activationEvent":"*"}
[2018-09-12 22:12:35.170] [exthost1] [info] ExtensionService#loadCommonJSModule /home/jbustamante/.vscode/extensions/dbaeumer.vscode-eslint-1.6.0/client/out/extension
[2018-09-12 22:12:35.227] [exthost1] [info] ExtensionService#_doActivateExtension mtxr.sqltools {"startup":true,"activationEvent":"*"}
[2018-09-12 22:12:35.227] [exthost1] [info] ExtensionService#loadCommonJSModule /home/jbustamante/.vscode/extensions/mtxr.sqltools-0.15.0/dist/sqltools
[2018-09-12 22:12:35.805] [exthost1] [info] ExtensionService#_doActivateExtension ms-vscode.cpptools {"startup":true,"activationEvent":"*"}
[2018-09-12 22:12:35.805] [exthost1] [info] ExtensionService#loadCommonJSModule /home/jbustamante/.vscode/extensions/ms-vscode.cpptools-0.18.1/out/src/main
[2018-09-12 22:12:35.979] [exthost1] [info] ExtensionService#_doActivateExtension vscodevim.vim {"startup":true,"activationEvent":"*"}
[2018-09-12 22:12:35.979] [exthost1] [info] ExtensionService#loadCommonJSModule /home/jbustamante/.vscode/extensions/vscodevim.vim-0.16.4/out/extension
[2018-09-12 22:12:36.355] [exthost1] [info] ExtensionService#_doActivateExtension Zignd.html-css-class-completion {"startup":true,"activationEvent":"*"}
[2018-09-12 22:12:36.355] [exthost1] [info] ExtensionService#loadCommonJSModule /home/jbustamante/.vscode/extensions/zignd.html-css-class-completion-1.17.1/out/src/extension
[2018-09-12 22:12:36.836] [exthost1] [info] eager extensions activated
[2018-09-12 22:12:36.836] [exthost1] [info] ExtensionService#_doActivateExtension GrapeCity.gc-excelviewer {"startup":false,"activationEvent":"onLanguage:plaintext"}
[2018-09-12 22:12:36.836] [exthost1] [info] ExtensionService#loadCommonJSModule /home/jbustamante/.vscode/extensions/grapecity.gc-excelviewer-2.1.26/out/src/extension
[2018-09-12 22:12:37.379] [exthost1] [info] ExtensionService#_doActivateExtension vsciot-vscode.vscode-arduino {"startup":true,"activationEvent":"*"}
[2018-09-12 22:12:37.379] [exthost1] [info] ExtensionService#loadCommonJSModule /home/jbustamante/.vscode/extensions/vsciot-vscode.vscode-arduino-0.2.20/out/src/extension
[2018-09-12 22:13:18.326] [exthost1] [info] extension host started
[2018-09-12 22:13:18.368] [exthost1] [info] ExtensionService#_doActivateExtension vscode.debug-auto-launch {"startup":true,"activationEvent":"*"}
[2018-09-12 22:13:18.368] [exthost1] [info] ExtensionService#loadCommonJSModule /usr/share/code/resources/app/extensions/debug-auto-launch/out/extension
[2018-09-12 22:13:18.385] [exthost1] [info] ExtensionService#_doActivateExtension vscode.emmet {"startup":true,"activationEvent":"*"}
[2018-09-12 22:13:18.385] [exthost1] [info] ExtensionService#loadCommonJSModule /usr/share/code/resources/app/extensions/emmet/dist/extension
[2018-09-12 22:13:18.450] [exthost1] [info] ExtensionService#_doActivateExtension vscode.git {"startup":true,"activationEvent":"*"}
[2018-09-12 22:13:18.450] [exthost1] [info] ExtensionService#loadCommonJSModule /usr/share/code/resources/app/extensions/git/dist/main
[2018-09-12 22:13:18.653] [exthost1] [info] ExtensionService#_doActivateExtension vscode.merge-conflict {"startup":true,"activationEvent":"*"}
[2018-09-12 22:13:18.653] [exthost1] [info] ExtensionService#loadCommonJSModule /usr/share/code/resources/app/extensions/merge-conflict/out/extension
[2018-09-12 22:13:18.664] [exthost1] [info] ExtensionService#_doActivateExtension vscode.search-rg {"startup":true,"activationEvent":"*"}
[2018-09-12 22:13:18.664] [exthost1] [info] ExtensionService#loadCommonJSModule /usr/share/code/resources/app/extensions/search-rg/out/extension
[2018-09-12 22:13:18.669] [exthost1] [info] ExtensionService#_doActivateExtension dbaeumer.vscode-eslint {"startup":true,"activationEvent":"*"}
[2018-09-12 22:13:18.669] [exthost1] [info] ExtensionService#loadCommonJSModule /home/jbustamante/.vscode/extensions/dbaeumer.vscode-eslint-1.6.0/client/out/extension
[2018-09-12 22:13:18.716] [exthost1] [info] ExtensionService#_doActivateExtension mtxr.sqltools {"startup":true,"activationEvent":"*"}
[2018-09-12 22:13:18.716] [exthost1] [info] ExtensionService#loadCommonJSModule /home/jbustamante/.vscode/extensions/mtxr.sqltools-0.15.0/dist/sqltools
[2018-09-12 22:13:19.346] [exthost1] [info] ExtensionService#_doActivateExtension ms-vscode.cpptools {"startup":true,"activationEvent":"*"}
[2018-09-12 22:13:19.346] [exthost1] [info] ExtensionService#loadCommonJSModule /home/jbustamante/.vscode/extensions/ms-vscode.cpptools-0.18.1/out/src/main
[2018-09-12 22:13:19.484] [exthost1] [info] ExtensionService#_doActivateExtension vscodevim.vim {"startup":true,"activationEvent":"*"}
[2018-09-12 22:13:19.485] [exthost1] [info] ExtensionService#loadCommonJSModule /home/jbustamante/.vscode/extensions/vscodevim.vim-0.16.4/out/extension
[2018-09-12 22:13:19.797] [exthost1] [info] ExtensionService#_doActivateExtension Zignd.html-css-class-completion {"startup":true,"activationEvent":"*"}
[2018-09-12 22:13:19.797] [exthost1] [info] ExtensionService#loadCommonJSModule /home/jbustamante/.vscode/extensions/zignd.html-css-class-completion-1.17.1/out/src/extension
[2018-09-12 22:13:20.148] [exthost1] [info] ExtensionService#_doActivateExtension GrapeCity.gc-excelviewer {"startup":false,"activationEvent":"onLanguage:plaintext"}
[2018-09-12 22:13:20.149] [exthost1] [info] ExtensionService#loadCommonJSModule /home/jbustamante/.vscode/extensions/grapecity.gc-excelviewer-2.1.26/out/src/extension
[2018-09-12 22:13:21.061] [exthost1] [info] eager extensions activated
[2018-09-12 22:13:21.062] [exthost1] [info] ExtensionService#_doActivateExtension vsciot-vscode.vscode-arduino {"startup":true,"activationEvent":"*"}
[2018-09-12 22:13:21.062] [exthost1] [info] ExtensionService#loadCommonJSModule /home/jbustamante/.vscode/extensions/vsciot-vscode.vscode-arduino-0.2.20/out/src/extension
[2018-09-12 22:13:22.551] [exthost1] [info] ExtensionService#_doActivateExtension xaver.clang-format {"startup":false,"activationEvent":"onLanguage:cpp"}
[2018-09-12 22:13:22.551] [exthost1] [info] ExtensionService#loadCommonJSModule /home/jbustamante/.vscode/extensions/xaver.clang-format-1.6.2/out/src/extension
[2018-09-12 22:13:29.197] [exthost1] [info] ExtensionService#_doActivateExtension vscode.configuration-editing {"startup":false,"activationEvent":"onLanguage:jsonc"}
[2018-09-12 22:13:29.197] [exthost1] [info] ExtensionService#loadCommonJSModule /usr/share/code/resources/app/extensions/configuration-editing/out/extension
[2018-09-12 22:13:29.219] [exthost1] [info] ExtensionService#_doActivateExtension vscode.json-language-features {"startup":false,"activationEvent":"onLanguage:jsonc"}
[2018-09-12 22:13:29.219] [exthost1] [info] ExtensionService#loadCommonJSModule /usr/share/code/resources/app/extensions/json-language-features/client/dist/jsonMain
[2018-09-12 22:13:29.359] [exthost1] [info] ExtensionService#_doActivateExtension vscode.typescript-language-features {"startup":false,"activationEvent":"onLanguage:jsonc"}
[2018-09-12 22:13:29.359] [exthost1] [info] ExtensionService#loadCommonJSModule /usr/share/code/resources/app/extensions/typescript-language-features/dist/extension
[2018-09-12 22:24:11.914] [exthost1] [info] extension host started
[2018-09-12 22:24:11.940] [exthost1] [info] ExtensionService#_doActivateExtension vscode.debug-auto-launch {"startup":true,"activationEvent":"*"}
[2018-09-12 22:24:11.940] [exthost1] [info] ExtensionService#loadCommonJSModule /usr/share/code/resources/app/extensions/debug-auto-launch/out/extension
[2018-09-12 22:24:11.947] [exthost1] [info] ExtensionService#_doActivateExtension vscode.emmet {"startup":true,"activationEvent":"*"}
[2018-09-12 22:24:11.947] [exthost1] [info] ExtensionService#loadCommonJSModule /usr/share/code/resources/app/extensions/emmet/dist/extension
[2018-09-12 22:24:11.982] [exthost1] [info] ExtensionService#_doActivateExtension vscode.git {"startup":true,"activationEvent":"*"}
[2018-09-12 22:24:11.982] [exthost1] [info] ExtensionService#loadCommonJSModule /usr/share/code/resources/app/extensions/git/dist/main
[2018-09-12 22:24:12.123] [exthost1] [info] ExtensionService#_doActivateExtension vscode.merge-conflict {"startup":true,"activationEvent":"*"}
[2018-09-12 22:24:12.123] [exthost1] [info] ExtensionService#loadCommonJSModule /usr/share/code/resources/app/extensions/merge-conflict/out/extension
[2018-09-12 22:24:12.132] [exthost1] [info] ExtensionService#_doActivateExtension vscode.search-rg {"startup":true,"activationEvent":"*"}
[2018-09-12 22:24:12.132] [exthost1] [info] ExtensionService#loadCommonJSModule /usr/share/code/resources/app/extensions/search-rg/out/extension
[2018-09-12 22:24:12.137] [exthost1] [info] ExtensionService#_doActivateExtension dbaeumer.vscode-eslint {"startup":true,"activationEvent":"*"}
[2018-09-12 22:24:12.137] [exthost1] [info] ExtensionService#loadCommonJSModule /home/jbustamante/.vscode/extensions/dbaeumer.vscode-eslint-1.6.0/client/out/extension
[2018-09-12 22:24:12.185] [exthost1] [info] ExtensionService#_doActivateExtension mtxr.sqltools {"startup":true,"activationEvent":"*"}
[2018-09-12 22:24:12.185] [exthost1] [info] ExtensionService#loadCommonJSModule /home/jbustamante/.vscode/extensions/mtxr.sqltools-0.15.0/dist/sqltools
[2018-09-12 22:24:12.641] [exthost1] [info] ExtensionService#_doActivateExtension ms-vscode.cpptools {"startup":true,"activationEvent":"*"}
[2018-09-12 22:24:12.641] [exthost1] [info] ExtensionService#loadCommonJSModule /home/jbustamante/.vscode/extensions/ms-vscode.cpptools-0.18.1/out/src/main
[2018-09-12 22:24:12.769] [exthost1] [info] ExtensionService#_doActivateExtension vscodevim.vim {"startup":true,"activationEvent":"*"}
[2018-09-12 22:24:12.769] [exthost1] [info] ExtensionService#loadCommonJSModule /home/jbustamante/.vscode/extensions/vscodevim.vim-0.16.4/out/extension
[2018-09-12 22:24:13.144] [exthost1] [info] ExtensionService#_doActivateExtension Zignd.html-css-class-completion {"startup":true,"activationEvent":"*"}
[2018-09-12 22:24:13.144] [exthost1] [info] ExtensionService#loadCommonJSModule /home/jbustamante/.vscode/extensions/zignd.html-css-class-completion-1.17.1/out/src/extension
[2018-09-12 22:24:13.401] [exthost1] [info] ExtensionService#_doActivateExtension GrapeCity.gc-excelviewer {"startup":false,"activationEvent":"onLanguage:plaintext"}
[2018-09-12 22:24:13.401] [exthost1] [info] ExtensionService#loadCommonJSModule /home/jbustamante/.vscode/extensions/grapecity.gc-excelviewer-2.1.26/out/src/extension
[2018-09-12 22:24:14.196] [exthost1] [info] eager extensions activated
[2018-09-12 22:24:14.223] [exthost1] [info] ExtensionService#_doActivateExtension vsciot-vscode.vscode-arduino {"startup":true,"activationEvent":"*"}
[2018-09-12 22:24:14.223] [exthost1] [info] ExtensionService#loadCommonJSModule /home/jbustamante/.vscode/extensions/vsciot-vscode.vscode-arduino-0.2.20/out/src/extension
[2018-09-12 22:24:18.826] [exthost1] [info] ExtensionService#_doActivateExtension xaver.clang-format {"startup":false,"activationEvent":"onLanguage:cpp"}
[2018-09-12 22:24:18.826] [exthost1] [info] ExtensionService#loadCommonJSModule /home/jbustamante/.vscode/extensions/xaver.clang-format-1.6.2/out/src/extension
[2018-09-12 23:18:59.841] [exthost1] [info] extension host started
[2018-09-12 23:18:59.865] [exthost1] [info] ExtensionService#_doActivateExtension vscode.debug-auto-launch {"startup":true,"activationEvent":"*"}
[2018-09-12 23:18:59.865] [exthost1] [info] ExtensionService#loadCommonJSModule /usr/share/code/resources/app/extensions/debug-auto-launch/out/extension
[2018-09-12 23:18:59.871] [exthost1] [info] ExtensionService#_doActivateExtension vscode.emmet {"startup":true,"activationEvent":"*"}
[2018-09-12 23:18:59.871] [exthost1] [info] ExtensionService#loadCommonJSModule /usr/share/code/resources/app/extensions/emmet/dist/extension
[2018-09-12 23:18:59.906] [exthost1] [info] ExtensionService#_doActivateExtension vscode.git {"startup":true,"activationEvent":"*"}
[2018-09-12 23:18:59.906] [exthost1] [info] ExtensionService#loadCommonJSModule /usr/share/code/resources/app/extensions/git/dist/main
[2018-09-12 23:19:00.062] [exthost1] [info] ExtensionService#_doActivateExtension vscode.merge-conflict {"startup":true,"activationEvent":"*"}
[2018-09-12 23:19:00.062] [exthost1] [info] ExtensionService#loadCommonJSModule /usr/share/code/resources/app/extensions/merge-conflict/out/extension
[2018-09-12 23:19:00.074] [exthost1] [info] ExtensionService#_doActivateExtension vscode.search-rg {"startup":true,"activationEvent":"*"}
[2018-09-12 23:19:00.074] [exthost1] [info] ExtensionService#loadCommonJSModule /usr/share/code/resources/app/extensions/search-rg/out/extension
[2018-09-12 23:19:00.079] [exthost1] [info] ExtensionService#_doActivateExtension dbaeumer.vscode-eslint {"startup":true,"activationEvent":"*"}
[2018-09-12 23:19:00.079] [exthost1] [info] ExtensionService#loadCommonJSModule /home/jbustamante/.vscode/extensions/dbaeumer.vscode-eslint-1.6.0/client/out/extension
[2018-09-12 23:19:00.124] [exthost1] [info] ExtensionService#_doActivateExtension mtxr.sqltools {"startup":true,"activationEvent":"*"}
[2018-09-12 23:19:00.124] [exthost1] [info] ExtensionService#loadCommonJSModule /home/jbustamante/.vscode/extensions/mtxr.sqltools-0.15.0/dist/sqltools
[2018-09-12 23:19:00.558] [exthost1] [info] ExtensionService#_doActivateExtension ms-vscode.cpptools {"startup":true,"activationEvent":"*"}
[2018-09-12 23:19:00.558] [exthost1] [info] ExtensionService#loadCommonJSModule /home/jbustamante/.vscode/extensions/ms-vscode.cpptools-0.18.1/out/src/main
[2018-09-12 23:19:00.685] [exthost1] [info] ExtensionService#_doActivateExtension vscodevim.vim {"startup":true,"activationEvent":"*"}
[2018-09-12 23:19:00.685] [exthost1] [info] ExtensionService#loadCommonJSModule /home/jbustamante/.vscode/extensions/vscodevim.vim-0.16.4/out/extension
[2018-09-12 23:19:00.976] [exthost1] [info] ExtensionService#_doActivateExtension Zignd.html-css-class-completion {"startup":true,"activationEvent":"*"}
[2018-09-12 23:19:00.976] [exthost1] [info] ExtensionService#loadCommonJSModule /home/jbustamante/.vscode/extensions/zignd.html-css-class-completion-1.17.1/out/src/extension
[2018-09-12 23:19:01.313] [exthost1] [info] ExtensionService#_doActivateExtension GrapeCity.gc-excelviewer {"startup":false,"activationEvent":"onLanguage:plaintext"}
[2018-09-12 23:19:01.313] [exthost1] [info] ExtensionService#loadCommonJSModule /home/jbustamante/.vscode/extensions/grapecity.gc-excelviewer-2.1.26/out/src/extension
[2018-09-12 23:19:02.175] [exthost1] [info] eager extensions activated
[2018-09-12 23:19:02.176] [exthost1] [info] ExtensionService#_doActivateExtension vsciot-vscode.vscode-arduino {"startup":true,"activationEvent":"*"}
[2018-09-12 23:19:02.176] [exthost1] [info] ExtensionService#loadCommonJSModule /home/jbustamante/.vscode/extensions/vsciot-vscode.vscode-arduino-0.2.20/out/src/extension
[2018-09-12 23:19:06.219] [exthost1] [info] ExtensionService#_doActivateExtension xaver.clang-format {"startup":false,"activationEvent":"onLanguage:cpp"}
[2018-09-12 23:19:06.219] [exthost1] [info] ExtensionService#loadCommonJSModule /home/jbustamante/.vscode/extensions/xaver.clang-format-1.6.2/out/src/extension
